[0.018s] Invoking command in '/home/mlemsalu/object_det_3D/objectdet_ws/build/merge_pointclouds': CMAKE_PREFIX_PATH=/opt/ros/foxy /usr/bin/cmake --build /home/mlemsalu/object_det_3D/objectdet_ws/build/merge_pointclouds -- -j12 -l12
[0.052s] -- Found ament_cmake: 0.9.12 (/opt/ros/foxy/share/ament_cmake/cmake)
[0.075s] -- Using PYTHON_EXECUTABLE: /usr/bin/python3
[0.284s] -- Found rclcpp: 2.4.3 (/opt/ros/foxy/share/rclcpp/cmake)
[0.325s] -- Using all available rosidl_typesupport_c: rosidl_typesupport_fastrtps_c;rosidl_typesupport_introspection_c
[0.329s] -- Found rosidl_adapter: 1.3.1 (/opt/ros/foxy/share/rosidl_adapter/cmake)
[0.421s] -- Using all available rosidl_typesupport_cpp: rosidl_typesupport_fastrtps_cpp;rosidl_typesupport_introspection_cpp
[0.471s] -- Found rmw_implementation_cmake: 1.0.4 (/opt/ros/foxy/share/rmw_implementation_cmake/cmake)
[0.473s] -- Using RMW implementation 'rmw_fastrtps_cpp' as default
[0.606s] -- Found custom_msgs: 0.0.0 (/home/mlemsalu/walker_ws/install/custom_msgs/share/custom_msgs/cmake)
[0.939s] -- Found tf2_ros: 0.13.14 (/opt/ros/foxy/share/tf2_ros/cmake)
[1.249s] -- Found tf2_eigen: 0.13.14 (/opt/ros/foxy/share/tf2_eigen/cmake)
[1.263s] -- Eigen found (include: /usr/include/eigen3, version: 3.3.7)
[1.279s] -- OpenNI found (include: /usr/include/ni, lib: /usr/lib/libOpenNI.so)
[1.284s] -- OpenNI2 found (include: /usr/include/openni2, lib: /usr/lib/libOpenNI2.so)
[1.285s] ** WARNING ** io features related to pcap will be disabled
[1.285s] ** WARNING ** io features related to png will be disabled
[1.339s] -- The imported target "vtkParseOGLExt" references the file
[1.339s]    "/usr/bin/vtkParseOGLExt-7.1"
[1.339s] but this file does not exist.  Possible reasons include:
[1.339s] * The file was deleted, renamed, or moved to another location.
[1.339s] * An install or uninstall procedure did not complete successfully.
[1.339s] * The installation package was faulty and contained
[1.339s]    "/usr/lib/cmake/vtk-7.1/VTKTargets.cmake"
[1.340s] but not all the files it references.
[1.340s] 
[1.340s] -- The imported target "vtkRenderingPythonTkWidgets" references the file
[1.340s]    "/usr/lib/x86_64-linux-gnu/libvtkRenderingPythonTkWidgets.so"
[1.340s] but this file does not exist.  Possible reasons include:
[1.340s] * The file was deleted, renamed, or moved to another location.
[1.341s] * An install or uninstall procedure did not complete successfully.
[1.341s] * The installation package was faulty and contained
[1.341s]    "/usr/lib/cmake/vtk-7.1/VTKTargets.cmake"
[1.341s] but not all the files it references.
[1.341s] 
[1.341s] -- The imported target "vtk" references the file
[1.341s]    "/usr/bin/vtk"
[1.342s] but this file does not exist.  Possible reasons include:
[1.342s] * The file was deleted, renamed, or moved to another location.
[1.342s] * An install or uninstall procedure did not complete successfully.
[1.342s] * The installation package was faulty and contained
[1.342s]    "/usr/lib/cmake/vtk-7.1/VTKTargets.cmake"
[1.342s] but not all the files it references.
[1.342s] 
[1.342s] -- The imported target "pvtk" references the file
[1.342s]    "/usr/bin/pvtk"
[1.342s] but this file does not exist.  Possible reasons include:
[1.342s] * The file was deleted, renamed, or moved to another location.
[1.342s] * An install or uninstall procedure did not complete successfully.
[1.342s] * The installation package was faulty and contained
[1.343s]    "/usr/lib/cmake/vtk-7.1/VTKTargets.cmake"
[1.343s] but not all the files it references.
[1.343s] 
[1.364s] ** WARNING ** io features related to libusb-1.0 will be disabled
[1.364s] -- looking for PCL_COMMON
[1.364s] -- looking for PCL_OCTREE
[1.365s] -- looking for PCL_IO
[1.366s] -- Found pcl_conversions: 2.2.1 (/opt/ros/foxy/share/pcl_conversions/cmake)
[1.576s] -- Found ament_lint_auto: 0.9.8 (/opt/ros/foxy/share/ament_lint_auto/cmake)
[1.634s] -- Added test 'copyright' to check source files copyright and LICENSE
[1.635s] -- Added test 'cppcheck' to perform static code analysis on C / C++ code
[1.635s] -- Configured cppcheck include dirs: $<BUILD_INTERFACE:/home/mlemsalu/object_det_3D/objectdet_ws/src/merge_pointclouds/include>
[1.635s] -- Configured cppcheck exclude dirs and/or files: 
[1.636s] -- Added test 'cpplint' to check C / C++ code against the Google style
[1.636s] -- Configured cpplint exclude dirs and/or files: 
[1.637s] -- Added test 'lint_cmake' to check CMake code style
[1.638s] -- Added test 'uncrustify' to check C / C++ code style
[1.638s] -- Configured uncrustify additional arguments: 
[1.638s] -- Added test 'xmllint' to check XML markup files
[1.643s] -- Configuring done
[1.694s] -- Generating done
[1.696s] -- Build files have been written to: /home/mlemsalu/object_det_3D/objectdet_ws/build/merge_pointclouds
[1.724s] [35m[1mScanning dependencies of target merge_pointclouds_node[0m
[1.752s] [ 50%] [32mBuilding CXX object CMakeFiles/merge_pointclouds_node.dir/src/merge_pointclouds_node.cpp.o[0m
[3.207s] [01m[K/home/mlemsalu/object_det_3D/objectdet_ws/src/merge_pointclouds/src/merge_pointclouds_node.cpp:19:10:[m[K [01;31m[Kfatal error: [m[Ktf2_eigen/tf2_eigen.hpp: No such file or directory
[3.207s]    19 | #include [01;31m[K<tf2_eigen/tf2_eigen.hpp>[m[K
[3.207s]       |          [01;31m[K^~~~~~~~~~~~~~~~~~~~~~~~~[m[K
[3.208s] compilation terminated.
[3.226s] make[2]: *** [CMakeFiles/merge_pointclouds_node.dir/build.make:63: CMakeFiles/merge_pointclouds_node.dir/src/merge_pointclouds_node.cpp.o] Error 1
[3.227s] make[1]: *** [CMakeFiles/Makefile2:78: CMakeFiles/merge_pointclouds_node.dir/all] Error 2
[3.227s] make: *** [Makefile:141: all] Error 2
[3.231s] Invoked command in '/home/mlemsalu/object_det_3D/objectdet_ws/build/merge_pointclouds' returned '2': CMAKE_PREFIX_PATH=/opt/ros/foxy /usr/bin/cmake --build /home/mlemsalu/object_det_3D/objectdet_ws/build/merge_pointclouds -- -j12 -l12
