[35m[1mScanning dependencies of target merge_pointclouds_node[0m
[ 50%] [32mBuilding CXX object CMakeFiles/merge_pointclouds_node.dir/src/merge_pointclouds_node.cpp.o[0m
[01m[K/home/mlemsalu/object_det_3D/objectdet_ws/src/merge_pointclouds/src/merge_pointclouds_node.cpp:[m[K In constructor ‘[01m[KMergePcNode::MergePcNode()[m[K’:
[01m[K/home/mlemsalu/object_det_3D/objectdet_ws/src/merge_pointclouds/src/merge_pointclouds_node.cpp:53:112:[m[K [01;31m[Kerror: [m[Kno matching function for call to ‘[01m[KMergePcNode::create_subscription<geometry_msgs::msg::Pose>(const char [15], int, std::_Bind_helper<false, void (MergePcNode::*)(std::shared_ptr<geometry_msgs::msg::Pose_<std::allocator<void> > >), MergePcNode*, const std::_Placeholder<1>&>::type, rclcpp::QoS&)[m[K’
   53 | cNode::poseCallback, this, std::placeholders::_1), video_qos[01;31m[K)[m[K;
      |                                                             [01;31m[K^[m[K

In file included from [01m[K/opt/ros/foxy/include/rclcpp/executors/single_threaded_executor.hpp:28[m[K,
                 from [01m[K/opt/ros/foxy/include/rclcpp/executors.hpp:22[m[K,
                 from [01m[K/opt/ros/foxy/include/rclcpp/rclcpp.hpp:146[m[K,
                 from [01m[K/home/mlemsalu/object_det_3D/objectdet_ws/src/merge_pointclouds/src/merge_pointclouds_node.cpp:3[m[K:
[01m[K/opt/ros/foxy/include/rclcpp/node.hpp:213:3:[m[K [01;36m[Knote: [m[Kcandidate: ‘[01m[Ktemplate<class MessageT, class CallbackT, class AllocatorT, class CallbackMessageT, class SubscriptionT, class MessageMemoryStrategyT> std::shared_ptr<SubscriptionT> rclcpp::Node::create_subscription(const string&, const rclcpp::QoS&, CallbackT&&, const rclcpp::SubscriptionOptionsWithAllocator<AllocatorT>&, typename MessageMemoryStrategyT::SharedPtr)[m[K’
  213 |   [01;36m[Kcreate_subscription[m[K(
      |   [01;36m[K^~~~~~~~~~~~~~~~~~~[m[K
[01m[K/opt/ros/foxy/include/rclcpp/node.hpp:213:3:[m[K [01;36m[Knote: [m[K  template argument deduction/substitution failed:
[01m[K/home/mlemsalu/object_det_3D/objectdet_ws/src/merge_pointclouds/src/merge_pointclouds_node.cpp:53:112:[m[K [01;36m[Knote: [m[K  ‘[01m[Krclcpp::QoS[m[K’ is not derived from ‘[01m[Kconst rclcpp::SubscriptionOptionsWithAllocator<AllocatorT>[m[K’
   53 | cNode::poseCallback, this, std::placeholders::_1), video_qos[01;36m[K)[m[K;
      |                                                             [01;36m[K^[m[K

[01m[K/home/mlemsalu/object_det_3D/objectdet_ws/src/merge_pointclouds/src/merge_pointclouds_node.cpp:57:122:[m[K [01;31m[Kerror: [m[Kno matching function for call to ‘[01m[KMergePcNode::create_subscription<sensor_msgs::msg::PointCloud2>(const char [19], int, std::_Bind_helper<false, void (MergePcNode::*)(std::shared_ptr<sensor_msgs::msg::PointCloud2_<std::allocator<void> > >), MergePcNode*, const std::_Placeholder<1>&>::type, rclcpp::QoS&)[m[K’
   57 | :pointCloudCallback, this, std::placeholders::_1), video_qos[01;31m[K)[m[K;
      |                                                             [01;31m[K^[m[K

In file included from [01m[K/opt/ros/foxy/include/rclcpp/executors/single_threaded_executor.hpp:28[m[K,
                 from [01m[K/opt/ros/foxy/include/rclcpp/executors.hpp:22[m[K,
                 from [01m[K/opt/ros/foxy/include/rclcpp/rclcpp.hpp:146[m[K,
                 from [01m[K/home/mlemsalu/object_det_3D/objectdet_ws/src/merge_pointclouds/src/merge_pointclouds_node.cpp:3[m[K:
[01m[K/opt/ros/foxy/include/rclcpp/node.hpp:213:3:[m[K [01;36m[Knote: [m[Kcandidate: ‘[01m[Ktemplate<class MessageT, class CallbackT, class AllocatorT, class CallbackMessageT, class SubscriptionT, class MessageMemoryStrategyT> std::shared_ptr<SubscriptionT> rclcpp::Node::create_subscription(const string&, const rclcpp::QoS&, CallbackT&&, const rclcpp::SubscriptionOptionsWithAllocator<AllocatorT>&, typename MessageMemoryStrategyT::SharedPtr)[m[K’
  213 |   [01;36m[Kcreate_subscription[m[K(
      |   [01;36m[K^~~~~~~~~~~~~~~~~~~[m[K
[01m[K/opt/ros/foxy/include/rclcpp/node.hpp:213:3:[m[K [01;36m[Knote: [m[K  template argument deduction/substitution failed:
[01m[K/home/mlemsalu/object_det_3D/objectdet_ws/src/merge_pointclouds/src/merge_pointclouds_node.cpp:57:122:[m[K [01;36m[Knote: [m[K  ‘[01m[Krclcpp::QoS[m[K’ is not derived from ‘[01m[Kconst rclcpp::SubscriptionOptionsWithAllocator<AllocatorT>[m[K’
   57 | :pointCloudCallback, this, std::placeholders::_1), video_qos[01;36m[K)[m[K;
      |                                                             [01;36m[K^[m[K

[01m[K/home/mlemsalu/object_det_3D/objectdet_ws/src/merge_pointclouds/src/merge_pointclouds_node.cpp:60:123:[m[K [01;31m[Kerror: [m[Kno matching function for call to ‘[01m[KMergePcNode::create_subscription<sensor_msgs::msg::PointCloud2>(const char [19], int, std::_Bind_helper<false, void (MergePcNode::*)(std::shared_ptr<sensor_msgs::msg::PointCloud2_<std::allocator<void> > >), MergePcNode*, const std::_Placeholder<1>&>::type, rclcpp::QoS&)[m[K’
   60 | pointCloud2Callback, this, std::placeholders::_1), video_qos[01;31m[K)[m[K;
      |                                                             [01;31m[K^[m[K

In file included from [01m[K/opt/ros/foxy/include/rclcpp/executors/single_threaded_executor.hpp:28[m[K,
                 from [01m[K/opt/ros/foxy/include/rclcpp/executors.hpp:22[m[K,
                 from [01m[K/opt/ros/foxy/include/rclcpp/rclcpp.hpp:146[m[K,
                 from [01m[K/home/mlemsalu/object_det_3D/objectdet_ws/src/merge_pointclouds/src/merge_pointclouds_node.cpp:3[m[K:
[01m[K/opt/ros/foxy/include/rclcpp/node.hpp:213:3:[m[K [01;36m[Knote: [m[Kcandidate: ‘[01m[Ktemplate<class MessageT, class CallbackT, class AllocatorT, class CallbackMessageT, class SubscriptionT, class MessageMemoryStrategyT> std::shared_ptr<SubscriptionT> rclcpp::Node::create_subscription(const string&, const rclcpp::QoS&, CallbackT&&, const rclcpp::SubscriptionOptionsWithAllocator<AllocatorT>&, typename MessageMemoryStrategyT::SharedPtr)[m[K’
  213 |   [01;36m[Kcreate_subscription[m[K(
      |   [01;36m[K^~~~~~~~~~~~~~~~~~~[m[K
[01m[K/opt/ros/foxy/include/rclcpp/node.hpp:213:3:[m[K [01;36m[Knote: [m[K  template argument deduction/substitution failed:
[01m[K/home/mlemsalu/object_det_3D/objectdet_ws/src/merge_pointclouds/src/merge_pointclouds_node.cpp:60:123:[m[K [01;36m[Knote: [m[K  ‘[01m[Krclcpp::QoS[m[K’ is not derived from ‘[01m[Kconst rclcpp::SubscriptionOptionsWithAllocator<AllocatorT>[m[K’
   60 | pointCloud2Callback, this, std::placeholders::_1), video_qos[01;36m[K)[m[K;
      |                                                             [01;36m[K^[m[K

make[2]: *** [CMakeFiles/merge_pointclouds_node.dir/build.make:63: CMakeFiles/merge_pointclouds_node.dir/src/merge_pointclouds_node.cpp.o] Error 1
make[1]: *** [CMakeFiles/Makefile2:78: CMakeFiles/merge_pointclouds_node.dir/all] Error 2
make: *** [Makefile:141: all] Error 2
