[0.020s] Invoking command in '/home/mlemsalu/object_det_3D/objectdet_ws/build/merge_pointclouds': CMAKE_PREFIX_PATH=/opt/ros/foxy /usr/bin/cmake --build /home/mlemsalu/object_det_3D/objectdet_ws/build/merge_pointclouds -- -j12 -l12
[0.051s] -- Found ament_cmake: 0.9.12 (/opt/ros/foxy/share/ament_cmake/cmake)
[0.073s] -- Using PYTHON_EXECUTABLE: /usr/bin/python3
[0.279s] -- Found rclcpp: 2.4.3 (/opt/ros/foxy/share/rclcpp/cmake)
[0.307s] -- Using all available rosidl_typesupport_c: rosidl_typesupport_fastrtps_c;rosidl_typesupport_introspection_c
[0.311s] -- Found rosidl_adapter: 1.3.1 (/opt/ros/foxy/share/rosidl_adapter/cmake)
[0.396s] -- Using all available rosidl_typesupport_cpp: rosidl_typesupport_fastrtps_cpp;rosidl_typesupport_introspection_cpp
[0.441s] -- Found rmw_implementation_cmake: 1.0.4 (/opt/ros/foxy/share/rmw_implementation_cmake/cmake)
[0.442s] -- Using RMW implementation 'rmw_fastrtps_cpp' as default
[0.565s] -- Found custom_msgs: 0.0.0 (/home/mlemsalu/walker_ws/install/custom_msgs/share/custom_msgs/cmake)
[0.883s] -- Found tf2_ros: 0.13.14 (/opt/ros/foxy/share/tf2_ros/cmake)
[1.176s] -- Found tf2_eigen: 0.13.14 (/opt/ros/foxy/share/tf2_eigen/cmake)
[1.189s] -- Eigen found (include: /usr/include/eigen3, version: 3.3.7)
[1.205s] -- OpenNI found (include: /usr/include/ni, lib: /usr/lib/libOpenNI.so)
[1.210s] -- OpenNI2 found (include: /usr/include/openni2, lib: /usr/lib/libOpenNI2.so)
[1.210s] ** WARNING ** io features related to pcap will be disabled
[1.211s] ** WARNING ** io features related to png will be disabled
[1.260s] -- The imported target "vtkParseOGLExt" references the file
[1.260s]    "/usr/bin/vtkParseOGLExt-7.1"
[1.260s] but this file does not exist.  Possible reasons include:
[1.260s] * The file was deleted, renamed, or moved to another location.
[1.260s] * An install or uninstall procedure did not complete successfully.
[1.260s] * The installation package was faulty and contained
[1.261s]    "/usr/lib/cmake/vtk-7.1/VTKTargets.cmake"
[1.261s] but not all the files it references.
[1.261s] 
[1.261s] -- The imported target "vtkRenderingPythonTkWidgets" references the file
[1.261s]    "/usr/lib/x86_64-linux-gnu/libvtkRenderingPythonTkWidgets.so"
[1.261s] but this file does not exist.  Possible reasons include:
[1.262s] * The file was deleted, renamed, or moved to another location.
[1.262s] * An install or uninstall procedure did not complete successfully.
[1.262s] * The installation package was faulty and contained
[1.262s]    "/usr/lib/cmake/vtk-7.1/VTKTargets.cmake"
[1.262s] but not all the files it references.
[1.262s] 
[1.262s] -- The imported target "vtk" references the file
[1.262s]    "/usr/bin/vtk"
[1.263s] but this file does not exist.  Possible reasons include:
[1.263s] * The file was deleted, renamed, or moved to another location.
[1.263s] * An install or uninstall procedure did not complete successfully.
[1.263s] * The installation package was faulty and contained
[1.263s]    "/usr/lib/cmake/vtk-7.1/VTKTargets.cmake"
[1.263s] but not all the files it references.
[1.263s] 
[1.264s] -- The imported target "pvtk" references the file
[1.264s]    "/usr/bin/pvtk"
[1.264s] but this file does not exist.  Possible reasons include:
[1.264s] * The file was deleted, renamed, or moved to another location.
[1.264s] * An install or uninstall procedure did not complete successfully.
[1.264s] * The installation package was faulty and contained
[1.264s]    "/usr/lib/cmake/vtk-7.1/VTKTargets.cmake"
[1.264s] but not all the files it references.
[1.264s] 
[1.277s] ** WARNING ** io features related to libusb-1.0 will be disabled
[1.278s] -- looking for PCL_COMMON
[1.278s] -- looking for PCL_OCTREE
[1.279s] -- looking for PCL_IO
[1.280s] -- Found pcl_conversions: 2.2.1 (/opt/ros/foxy/share/pcl_conversions/cmake)
[1.483s] -- Found ament_lint_auto: 0.9.8 (/opt/ros/foxy/share/ament_lint_auto/cmake)
[1.536s] -- Added test 'copyright' to check source files copyright and LICENSE
[1.537s] -- Added test 'cppcheck' to perform static code analysis on C / C++ code
[1.537s] -- Configured cppcheck include dirs: $<BUILD_INTERFACE:/home/mlemsalu/object_det_3D/objectdet_ws/src/merge_pointclouds/include>
[1.537s] -- Configured cppcheck exclude dirs and/or files: 
[1.538s] -- Added test 'cpplint' to check C / C++ code against the Google style
[1.538s] -- Configured cpplint exclude dirs and/or files: 
[1.539s] -- Added test 'lint_cmake' to check CMake code style
[1.540s] -- Added test 'uncrustify' to check C / C++ code style
[1.540s] -- Configured uncrustify additional arguments: 
[1.540s] -- Added test 'xmllint' to check XML markup files
[1.544s] -- Configuring done
[1.574s] -- Generating done
[1.575s] -- Build files have been written to: /home/mlemsalu/object_det_3D/objectdet_ws/build/merge_pointclouds
[1.601s] [35m[1mScanning dependencies of target merge_pointclouds_node[0m
[1.682s] [ 50%] [32mBuilding CXX object CMakeFiles/merge_pointclouds_node.dir/src/merge_pointclouds_node.cpp.o[0m
[3.154s] [01m[K/home/mlemsalu/object_det_3D/objectdet_ws/src/merge_pointclouds/src/merge_pointclouds_node.cpp:19:10:[m[K [01;31m[Kfatal error: [m[Ktf2_eigen/tf2_eigen.hpp: No such file or directory
[3.154s]    19 | #include [01;31m[K<tf2_eigen/tf2_eigen.hpp>[m[K
[3.154s]       |          [01;31m[K^~~~~~~~~~~~~~~~~~~~~~~~~[m[K
[3.154s] compilation terminated.
[3.174s] make[2]: *** [CMakeFiles/merge_pointclouds_node.dir/build.make:63: CMakeFiles/merge_pointclouds_node.dir/src/merge_pointclouds_node.cpp.o] Error 1
[3.174s] make[1]: *** [CMakeFiles/Makefile2:78: CMakeFiles/merge_pointclouds_node.dir/all] Error 2
[3.174s] make: *** [Makefile:141: all] Error 2
[3.176s] Invoked command in '/home/mlemsalu/object_det_3D/objectdet_ws/build/merge_pointclouds' returned '2': CMAKE_PREFIX_PATH=/opt/ros/foxy /usr/bin/cmake --build /home/mlemsalu/object_det_3D/objectdet_ws/build/merge_pointclouds -- -j12 -l12
