[0.016s] Invoking command in '/home/mlemsalu/object_det_3D/objectdet_ws/build/merge_pointclouds': CMAKE_PREFIX_PATH=/opt/ros/foxy /usr/bin/cmake --build /home/mlemsalu/object_det_3D/objectdet_ws/build/merge_pointclouds -- -j12 -l12
[0.059s] [35m[1mScanning dependencies of target merge_pointclouds_node[0m
[0.105s] [ 50%] [32mBuilding CXX object CMakeFiles/merge_pointclouds_node.dir/src/merge_pointclouds_node.cpp.o[0m
[4.941s] [01m[K/home/mlemsalu/object_det_3D/objectdet_ws/src/merge_pointclouds/src/merge_pointclouds_node.cpp:152:5:[m[K [01;31m[Kerror: [m[Kinvalid use of template-name ‘[01m[Kpcl::VoxelGrid[m[K’ without an argument list
[4.941s]   152 |     [01;31m[Kpcl[m[K::VoxelGrid<<pcl::PointXYZ> voxel;
[4.941s]       |     [01;31m[K^~~[m[K
[4.941s] [01m[K/home/mlemsalu/object_det_3D/objectdet_ws/src/merge_pointclouds/src/merge_pointclouds_node.cpp:152:5:[m[K [01;36m[Knote: [m[Kclass template argument deduction is only available with ‘[01m[K-std=c++17[m[K’ or ‘[01m[K-std=gnu++17[m[K’
[4.941s] In file included from [01m[K/home/mlemsalu/object_det_3D/objectdet_ws/src/merge_pointclouds/src/merge_pointclouds_node.cpp:21[m[K:
[4.941s] [01m[K/usr/include/pcl-1.10/pcl/filters/voxel_grid.h:177:9:[m[K [01;36m[Knote: [m[K‘[01m[Ktemplate<class PointT> class pcl::VoxelGrid[m[K’ declared here
[4.941s]   177 |   class [01;36m[KVoxelGrid[m[K: public Filter<PointT>
[4.941s]       |         [01;36m[K^~~~~~~~~[m[K
[4.971s] [01m[K/home/mlemsalu/object_det_3D/objectdet_ws/src/merge_pointclouds/src/merge_pointclouds_node.cpp:[m[K In constructor ‘[01m[KMergePcNode::MergePcNode()[m[K’:
[4.971s] [01m[K/home/mlemsalu/object_det_3D/objectdet_ws/src/merge_pointclouds/src/merge_pointclouds_node.cpp:51:9:[m[K [01;31m[Kerror: [m[K‘[01m[Kvoxel[m[K’ was not declared in this scope
[4.971s]    51 |         [01;31m[Kvoxel[m[K.setLeafSize(0.3, 0.3, 0.3);
[4.971s]       |         [01;31m[K^~~~~[m[K
[4.976s] [01m[K/home/mlemsalu/object_det_3D/objectdet_ws/src/merge_pointclouds/src/merge_pointclouds_node.cpp:[m[K In member function ‘[01m[Kvoid MergePcNode::mergePointClouds()[m[K’:
[4.976s] [01m[K/home/mlemsalu/object_det_3D/objectdet_ws/src/merge_pointclouds/src/merge_pointclouds_node.cpp:78:9:[m[K [01;31m[Kerror: [m[K‘[01m[Kvoxel[m[K’ was not declared in this scope
[4.977s]    78 |         [01;31m[Kvoxel[m[K.setInputCloud(pc2_);
[4.977s]       |         [01;31m[K^~~~~[m[K
[9.294s] make[2]: *** [CMakeFiles/merge_pointclouds_node.dir/build.make:63: CMakeFiles/merge_pointclouds_node.dir/src/merge_pointclouds_node.cpp.o] Error 1
[9.295s] make[1]: *** [CMakeFiles/Makefile2:78: CMakeFiles/merge_pointclouds_node.dir/all] Error 2
[9.295s] make: *** [Makefile:141: all] Error 2
[9.297s] Invoked command in '/home/mlemsalu/object_det_3D/objectdet_ws/build/merge_pointclouds' returned '2': CMAKE_PREFIX_PATH=/opt/ros/foxy /usr/bin/cmake --build /home/mlemsalu/object_det_3D/objectdet_ws/build/merge_pointclouds -- -j12 -l12
