[0.015s] Invoking command in '/home/mlemsalu/object_det_3D/objectdet_ws/build/gnss_pose_estimation_node': CMAKE_PREFIX_PATH=/opt/ros/foxy /usr/bin/cmake --build /home/mlemsalu/object_det_3D/objectdet_ws/build/gnss_pose_estimation_node -- -j12 -l12
[0.081s] [100%] Built target gnss_pose_estimation_node
[0.092s] Invoked command in '/home/mlemsalu/object_det_3D/objectdet_ws/build/gnss_pose_estimation_node' returned '0': CMAKE_PREFIX_PATH=/opt/ros/foxy /usr/bin/cmake --build /home/mlemsalu/object_det_3D/objectdet_ws/build/gnss_pose_estimation_node -- -j12 -l12
[0.126s] Invoking command in '/home/mlemsalu/object_det_3D/objectdet_ws/build/gnss_pose_estimation_node': CMAKE_PREFIX_PATH=/opt/ros/foxy /usr/bin/cmake --install /home/mlemsalu/object_det_3D/objectdet_ws/build/gnss_pose_estimation_node
[0.134s] -- Install configuration: "Release"
[0.134s] -- Up-to-date: /home/mlemsalu/object_det_3D/objectdet_ws/install/gnss_pose_estimation_node/lib/gnss_pose_estimation_node/gnss_pose_estimation_node
[0.134s] -- Up-to-date: /home/mlemsalu/object_det_3D/objectdet_ws/install/gnss_pose_estimation_node/share/ament_index/resource_index/package_run_dependencies/gnss_pose_estimation_node
[0.134s] -- Up-to-date: /home/mlemsalu/object_det_3D/objectdet_ws/install/gnss_pose_estimation_node/share/ament_index/resource_index/parent_prefix_path/gnss_pose_estimation_node
[0.134s] -- Up-to-date: /home/mlemsalu/object_det_3D/objectdet_ws/install/gnss_pose_estimation_node/share/gnss_pose_estimation_node/environment/ament_prefix_path.sh
[0.134s] -- Up-to-date: /home/mlemsalu/object_det_3D/objectdet_ws/install/gnss_pose_estimation_node/share/gnss_pose_estimation_node/environment/ament_prefix_path.dsv
[0.135s] -- Up-to-date: /home/mlemsalu/object_det_3D/objectdet_ws/install/gnss_pose_estimation_node/share/gnss_pose_estimation_node/environment/path.sh
[0.135s] -- Up-to-date: /home/mlemsalu/object_det_3D/objectdet_ws/install/gnss_pose_estimation_node/share/gnss_pose_estimation_node/environment/path.dsv
[0.135s] -- Up-to-date: /home/mlemsalu/object_det_3D/objectdet_ws/install/gnss_pose_estimation_node/share/gnss_pose_estimation_node/local_setup.bash
[0.135s] -- Up-to-date: /home/mlemsalu/object_det_3D/objectdet_ws/install/gnss_pose_estimation_node/share/gnss_pose_estimation_node/local_setup.sh
[0.135s] -- Up-to-date: /home/mlemsalu/object_det_3D/objectdet_ws/install/gnss_pose_estimation_node/share/gnss_pose_estimation_node/local_setup.zsh
[0.135s] -- Up-to-date: /home/mlemsalu/object_det_3D/objectdet_ws/install/gnss_pose_estimation_node/share/gnss_pose_estimation_node/local_setup.dsv
[0.135s] -- Installing: /home/mlemsalu/object_det_3D/objectdet_ws/install/gnss_pose_estimation_node/share/gnss_pose_estimation_node/package.dsv
[0.135s] -- Up-to-date: /home/mlemsalu/object_det_3D/objectdet_ws/install/gnss_pose_estimation_node/share/ament_index/resource_index/packages/gnss_pose_estimation_node
[0.135s] -- Up-to-date: /home/mlemsalu/object_det_3D/objectdet_ws/install/gnss_pose_estimation_node/share/gnss_pose_estimation_node/cmake/gnss_pose_estimation_nodeConfig.cmake
[0.135s] -- Up-to-date: /home/mlemsalu/object_det_3D/objectdet_ws/install/gnss_pose_estimation_node/share/gnss_pose_estimation_node/cmake/gnss_pose_estimation_nodeConfig-version.cmake
[0.136s] -- Up-to-date: /home/mlemsalu/object_det_3D/objectdet_ws/install/gnss_pose_estimation_node/share/gnss_pose_estimation_node/package.xml
[0.137s] Invoked command in '/home/mlemsalu/object_det_3D/objectdet_ws/build/gnss_pose_estimation_node' returned '0': CMAKE_PREFIX_PATH=/opt/ros/foxy /usr/bin/cmake --install /home/mlemsalu/object_det_3D/objectdet_ws/build/gnss_pose_estimation_node
