[0.023s] Invoking command in '/home/mlemsalu/object_det_3D/objectdet_ws/build/merge_pointclouds': CMAKE_PREFIX_PATH=/opt/ros/foxy /usr/bin/cmake --build /home/mlemsalu/object_det_3D/objectdet_ws/build/merge_pointclouds -- -j12 -l12
[0.074s] [35m[1mScanning dependencies of target merge_pointclouds_node[0m
[0.155s] [ 50%] [32mBuilding CXX object CMakeFiles/merge_pointclouds_node.dir/src/merge_pointclouds_node.cpp.o[0m
[14.098s] [100%] [32m[1mLinking CXX executable merge_pointclouds_node[0m
[14.282s] [100%] Built target merge_pointclouds_node
[14.291s] Invoked command in '/home/mlemsalu/object_det_3D/objectdet_ws/build/merge_pointclouds' returned '0': CMAKE_PREFIX_PATH=/opt/ros/foxy /usr/bin/cmake --build /home/mlemsalu/object_det_3D/objectdet_ws/build/merge_pointclouds -- -j12 -l12
[14.316s] Invoking command in '/home/mlemsalu/object_det_3D/objectdet_ws/build/merge_pointclouds': CMAKE_PREFIX_PATH=/opt/ros/foxy /usr/bin/cmake --install /home/mlemsalu/object_det_3D/objectdet_ws/build/merge_pointclouds
[14.325s] -- Install configuration: "Release"
[14.325s] -- Installing: /home/mlemsalu/object_det_3D/objectdet_ws/install/merge_pointclouds/lib/merge_pointclouds/merge_pointclouds_node
[14.326s] -- Set runtime path of "/home/mlemsalu/object_det_3D/objectdet_ws/install/merge_pointclouds/lib/merge_pointclouds/merge_pointclouds_node" to ""
[14.326s] -- Up-to-date: /home/mlemsalu/object_det_3D/objectdet_ws/install/merge_pointclouds/share/ament_index/resource_index/package_run_dependencies/merge_pointclouds
[14.326s] -- Up-to-date: /home/mlemsalu/object_det_3D/objectdet_ws/install/merge_pointclouds/share/ament_index/resource_index/parent_prefix_path/merge_pointclouds
[14.327s] -- Up-to-date: /home/mlemsalu/object_det_3D/objectdet_ws/install/merge_pointclouds/share/merge_pointclouds/environment/ament_prefix_path.sh
[14.327s] -- Up-to-date: /home/mlemsalu/object_det_3D/objectdet_ws/install/merge_pointclouds/share/merge_pointclouds/environment/ament_prefix_path.dsv
[14.327s] -- Up-to-date: /home/mlemsalu/object_det_3D/objectdet_ws/install/merge_pointclouds/share/merge_pointclouds/environment/path.sh
[14.327s] -- Up-to-date: /home/mlemsalu/object_det_3D/objectdet_ws/install/merge_pointclouds/share/merge_pointclouds/environment/path.dsv
[14.327s] -- Up-to-date: /home/mlemsalu/object_det_3D/objectdet_ws/install/merge_pointclouds/share/merge_pointclouds/local_setup.bash
[14.327s] -- Up-to-date: /home/mlemsalu/object_det_3D/objectdet_ws/install/merge_pointclouds/share/merge_pointclouds/local_setup.sh
[14.327s] -- Up-to-date: /home/mlemsalu/object_det_3D/objectdet_ws/install/merge_pointclouds/share/merge_pointclouds/local_setup.zsh
[14.327s] -- Up-to-date: /home/mlemsalu/object_det_3D/objectdet_ws/install/merge_pointclouds/share/merge_pointclouds/local_setup.dsv
[14.327s] -- Installing: /home/mlemsalu/object_det_3D/objectdet_ws/install/merge_pointclouds/share/merge_pointclouds/package.dsv
[14.327s] -- Up-to-date: /home/mlemsalu/object_det_3D/objectdet_ws/install/merge_pointclouds/share/ament_index/resource_index/packages/merge_pointclouds
[14.327s] -- Up-to-date: /home/mlemsalu/object_det_3D/objectdet_ws/install/merge_pointclouds/share/merge_pointclouds/cmake/merge_pointcloudsConfig.cmake
[14.328s] -- Up-to-date: /home/mlemsalu/object_det_3D/objectdet_ws/install/merge_pointclouds/share/merge_pointclouds/cmake/merge_pointcloudsConfig-version.cmake
[14.328s] -- Up-to-date: /home/mlemsalu/object_det_3D/objectdet_ws/install/merge_pointclouds/share/merge_pointclouds/package.xml
[14.330s] Invoked command in '/home/mlemsalu/object_det_3D/objectdet_ws/build/merge_pointclouds' returned '0': CMAKE_PREFIX_PATH=/opt/ros/foxy /usr/bin/cmake --install /home/mlemsalu/object_det_3D/objectdet_ws/build/merge_pointclouds
