[0.019s] Invoking command in '/home/mlemsalu/object_det_3D/objectdet_ws/build/merge_pointclouds': CMAKE_PREFIX_PATH=/opt/ros/foxy /usr/bin/cmake --build /home/mlemsalu/object_det_3D/objectdet_ws/build/merge_pointclouds -- -j12 -l12
[0.051s] -- Found ament_cmake: 0.9.12 (/opt/ros/foxy/share/ament_cmake/cmake)
[0.072s] -- Using PYTHON_EXECUTABLE: /usr/bin/python3
[0.275s] -- Found rclcpp: 2.4.3 (/opt/ros/foxy/share/rclcpp/cmake)
[0.302s] -- Using all available rosidl_typesupport_c: rosidl_typesupport_fastrtps_c;rosidl_typesupport_introspection_c
[0.307s] -- Found rosidl_adapter: 1.3.1 (/opt/ros/foxy/share/rosidl_adapter/cmake)
[0.392s] -- Using all available rosidl_typesupport_cpp: rosidl_typesupport_fastrtps_cpp;rosidl_typesupport_introspection_cpp
[0.436s] -- Found rmw_implementation_cmake: 1.0.4 (/opt/ros/foxy/share/rmw_implementation_cmake/cmake)
[0.437s] -- Using RMW implementation 'rmw_fastrtps_cpp' as default
[0.561s] -- Found custom_msgs: 0.0.0 (/home/mlemsalu/walker_ws/install/custom_msgs/share/custom_msgs/cmake)
[0.885s] -- Found tf2_ros: 0.13.14 (/opt/ros/foxy/share/tf2_ros/cmake)
[1.174s] -- Found tf2_eigen: 0.13.14 (/opt/ros/foxy/share/tf2_eigen/cmake)
[1.186s] -- Eigen found (include: /usr/include/eigen3, version: 3.3.7)
[1.201s] -- OpenNI found (include: /usr/include/ni, lib: /usr/lib/libOpenNI.so)
[1.206s] -- OpenNI2 found (include: /usr/include/openni2, lib: /usr/lib/libOpenNI2.so)
[1.207s] ** WARNING ** io features related to pcap will be disabled
[1.207s] ** WARNING ** io features related to png will be disabled
[1.257s] -- The imported target "vtkParseOGLExt" references the file
[1.257s]    "/usr/bin/vtkParseOGLExt-7.1"
[1.257s] but this file does not exist.  Possible reasons include:
[1.257s] * The file was deleted, renamed, or moved to another location.
[1.258s] * An install or uninstall procedure did not complete successfully.
[1.258s] * The installation package was faulty and contained
[1.258s]    "/usr/lib/cmake/vtk-7.1/VTKTargets.cmake"
[1.258s] but not all the files it references.
[1.258s] 
[1.258s] -- The imported target "vtkRenderingPythonTkWidgets" references the file
[1.258s]    "/usr/lib/x86_64-linux-gnu/libvtkRenderingPythonTkWidgets.so"
[1.259s] but this file does not exist.  Possible reasons include:
[1.259s] * The file was deleted, renamed, or moved to another location.
[1.259s] * An install or uninstall procedure did not complete successfully.
[1.259s] * The installation package was faulty and contained
[1.259s]    "/usr/lib/cmake/vtk-7.1/VTKTargets.cmake"
[1.259s] but not all the files it references.
[1.259s] 
[1.259s] -- The imported target "vtk" references the file
[1.259s]    "/usr/bin/vtk"
[1.260s] but this file does not exist.  Possible reasons include:
[1.260s] * The file was deleted, renamed, or moved to another location.
[1.260s] * An install or uninstall procedure did not complete successfully.
[1.260s] * The installation package was faulty and contained
[1.260s]    "/usr/lib/cmake/vtk-7.1/VTKTargets.cmake"
[1.260s] but not all the files it references.
[1.260s] 
[1.260s] -- The imported target "pvtk" references the file
[1.260s]    "/usr/bin/pvtk"
[1.260s] but this file does not exist.  Possible reasons include:
[1.260s] * The file was deleted, renamed, or moved to another location.
[1.260s] * An install or uninstall procedure did not complete successfully.
[1.260s] * The installation package was faulty and contained
[1.260s]    "/usr/lib/cmake/vtk-7.1/VTKTargets.cmake"
[1.260s] but not all the files it references.
[1.260s] 
[1.273s] ** WARNING ** io features related to libusb-1.0 will be disabled
[1.273s] -- looking for PCL_COMMON
[1.274s] -- looking for PCL_OCTREE
[1.274s] -- looking for PCL_IO
[1.276s] -- Found pcl_conversions: 2.2.1 (/opt/ros/foxy/share/pcl_conversions/cmake)
[1.478s] -- Found ament_lint_auto: 0.9.8 (/opt/ros/foxy/share/ament_lint_auto/cmake)
[1.530s] -- Added test 'copyright' to check source files copyright and LICENSE
[1.531s] -- Added test 'cppcheck' to perform static code analysis on C / C++ code
[1.531s] -- Configured cppcheck include dirs: $<BUILD_INTERFACE:/home/mlemsalu/object_det_3D/objectdet_ws/src/merge_pointclouds/include>
[1.531s] -- Configured cppcheck exclude dirs and/or files: 
[1.532s] -- Added test 'cpplint' to check C / C++ code against the Google style
[1.532s] -- Configured cpplint exclude dirs and/or files: 
[1.533s] -- Added test 'lint_cmake' to check CMake code style
[1.533s] -- Added test 'uncrustify' to check C / C++ code style
[1.534s] -- Configured uncrustify additional arguments: 
[1.534s] -- Added test 'xmllint' to check XML markup files
[1.537s] -- Configuring done
[1.567s] -- Generating done
[1.569s] -- Build files have been written to: /home/mlemsalu/object_det_3D/objectdet_ws/build/merge_pointclouds
[1.595s] [35m[1mScanning dependencies of target merge_pointclouds_node[0m
[1.621s] [ 50%] [32mBuilding CXX object CMakeFiles/merge_pointclouds_node.dir/src/merge_pointclouds_node.cpp.o[0m
[3.103s] [01m[K/home/mlemsalu/object_det_3D/objectdet_ws/src/merge_pointclouds/src/merge_pointclouds_node.cpp:19:10:[m[K [01;31m[Kfatal error: [m[Ktf2_eigen/tf2_eigen.hpp: No such file or directory
[3.103s]    19 | #include [01;31m[K<tf2_eigen/tf2_eigen.hpp>[m[K
[3.103s]       |          [01;31m[K^~~~~~~~~~~~~~~~~~~~~~~~~[m[K
[3.104s] compilation terminated.
[3.107s] make[2]: *** [CMakeFiles/merge_pointclouds_node.dir/build.make:63: CMakeFiles/merge_pointclouds_node.dir/src/merge_pointclouds_node.cpp.o] Error 1
[3.107s] make[1]: *** [CMakeFiles/Makefile2:78: CMakeFiles/merge_pointclouds_node.dir/all] Error 2
[3.107s] make: *** [Makefile:141: all] Error 2
[3.110s] Invoked command in '/home/mlemsalu/object_det_3D/objectdet_ws/build/merge_pointclouds' returned '2': CMAKE_PREFIX_PATH=/opt/ros/foxy /usr/bin/cmake --build /home/mlemsalu/object_det_3D/objectdet_ws/build/merge_pointclouds -- -j12 -l12
