[0.213s] DEBUG:colcon:Command line arguments: ['/usr/bin/colcon', 'build', '--cmake-args=-DCMAKE_BUILD_TYPE=Release']
[0.214s] DEBUG:colcon:Parsed command line arguments: Namespace(allow_overriding=[], ament_cmake_args=None, base_paths=['.'], build_base='build', catkin_cmake_args=None, catkin_skip_building_tests=False, cmake_args=['-DCMAKE_BUILD_TYPE=Release'], cmake_clean_cache=False, cmake_clean_first=False, cmake_force_configure=False, cmake_target=None, cmake_target_skip_unavailable=False, continue_on_error=False, event_handlers=None, executor='parallel', ignore_user_meta=False, install_base='install', log_base=None, log_level=None, main=<bound method BuildVerb.main of <colcon_core.verb.build.BuildVerb object at 0x7f3c39e174c0>>, merge_install=False, metas=['./colcon.meta'], mixin=None, mixin_files=None, mixin_verb=('build',), packages_above=None, packages_above_and_dependencies=None, packages_above_depth=None, packages_end=None, packages_ignore=None, packages_ignore_regex=None, packages_select=None, packages_select_build_failed=False, packages_select_by_dep=None, packages_select_regex=None, packages_select_test_failures=False, packages_skip=None, packages_skip_build_finished=False, packages_skip_by_dep=None, packages_skip_regex=None, packages_skip_test_passed=False, packages_skip_up_to=None, packages_start=None, packages_up_to=None, packages_up_to_regex=None, parallel_workers=12, paths=None, symlink_install=False, test_result_base=None, verb_extension=<colcon_core.verb.build.BuildVerb object at 0x7f3c39e174c0>, verb_name='build', verb_parser=<colcon_mixin.mixin.mixin_argument.MixinArgumentDecorator object at 0x7f3c39e179a0>)
[0.349s] Level 1:colcon.colcon_core.package_discovery:discover_packages(colcon_meta) check parameters
[0.349s] Level 1:colcon.colcon_core.package_discovery:discover_packages(recursive) check parameters
[0.357s] Level 1:colcon.colcon_core.package_discovery:discover_packages(ignore) check parameters
[0.357s] Level 1:colcon.colcon_core.package_discovery:discover_packages(path) check parameters
[0.357s] Level 1:colcon.colcon_core.package_discovery:discover_packages(colcon_meta) discover
[0.357s] Level 1:colcon.colcon_core.package_discovery:discover_packages(recursive) discover
[0.357s] INFO:colcon.colcon_core.package_discovery:Crawling recursively for packages in '/home/mlemsalu/object_det_3D/objectdet_ws'
[0.358s] Level 1:colcon.colcon_core.package_identification:_identify(.) by extensions ['ignore', 'ignore_ament_install']
[0.358s] Level 1:colcon.colcon_core.package_identification:_identify(.) by extension 'ignore'
[0.358s] Level 1:colcon.colcon_core.package_identification:_identify(.) by extension 'ignore_ament_install'
[0.358s] Level 1:colcon.colcon_core.package_identification:_identify(.) by extensions ['colcon_pkg']
[0.358s] Level 1:colcon.colcon_core.package_identification:_identify(.) by extension 'colcon_pkg'
[0.358s] Level 1:colcon.colcon_core.package_identification:_identify(.) by extensions ['colcon_meta']
[0.358s] Level 1:colcon.colcon_core.package_identification:_identify(.) by extension 'colcon_meta'
[0.359s] Level 1:colcon.colcon_core.package_identification:_identify(.) by extensions ['ros']
[0.359s] Level 1:colcon.colcon_core.package_identification:_identify(.) by extension 'ros'
[0.376s] Level 1:colcon.colcon_core.package_identification:_identify(.) by extensions ['cmake', 'python']
[0.376s] Level 1:colcon.colcon_core.package_identification:_identify(.) by extension 'cmake'
[0.377s] Level 1:colcon.colcon_core.package_identification:_identify(.) by extension 'python'
[0.377s] Level 1:colcon.colcon_core.package_identification:_identify(.) by extensions ['python_setup_py']
[0.377s] Level 1:colcon.colcon_core.package_identification:_identify(.) by extension 'python_setup_py'
[0.377s] Level 1:colcon.colcon_core.package_identification:_identify(build) by extensions ['ignore', 'ignore_ament_install']
[0.377s] Level 1:colcon.colcon_core.package_identification:_identify(build) by extension 'ignore'
[0.377s] Level 1:colcon.colcon_core.package_identification:_identify(build) ignored
[0.377s] Level 1:colcon.colcon_core.package_identification:_identify(install) by extensions ['ignore', 'ignore_ament_install']
[0.377s] Level 1:colcon.colcon_core.package_identification:_identify(install) by extension 'ignore'
[0.377s] Level 1:colcon.colcon_core.package_identification:_identify(install) ignored
[0.377s] Level 1:colcon.colcon_core.package_identification:_identify(log) by extensions ['ignore', 'ignore_ament_install']
[0.378s] Level 1:colcon.colcon_core.package_identification:_identify(log) by extension 'ignore'
[0.378s] Level 1:colcon.colcon_core.package_identification:_identify(log) ignored
[0.378s] Level 1:colcon.colcon_core.package_identification:_identify(src) by extensions ['ignore', 'ignore_ament_install']
[0.378s] Level 1:colcon.colcon_core.package_identification:_identify(src) by extension 'ignore'
[0.378s] Level 1:colcon.colcon_core.package_identification:_identify(src) by extension 'ignore_ament_install'
[0.378s] Level 1:colcon.colcon_core.package_identification:_identify(src) by extensions ['colcon_pkg']
[0.378s] Level 1:colcon.colcon_core.package_identification:_identify(src) by extension 'colcon_pkg'
[0.378s] Level 1:colcon.colcon_core.package_identification:_identify(src) by extensions ['colcon_meta']
[0.378s] Level 1:colcon.colcon_core.package_identification:_identify(src) by extension 'colcon_meta'
[0.378s] Level 1:colcon.colcon_core.package_identification:_identify(src) by extensions ['ros']
[0.378s] Level 1:colcon.colcon_core.package_identification:_identify(src) by extension 'ros'
[0.378s] Level 1:colcon.colcon_core.package_identification:_identify(src) by extensions ['cmake', 'python']
[0.378s] Level 1:colcon.colcon_core.package_identification:_identify(src) by extension 'cmake'
[0.378s] Level 1:colcon.colcon_core.package_identification:_identify(src) by extension 'python'
[0.378s] Level 1:colcon.colcon_core.package_identification:_identify(src) by extensions ['python_setup_py']
[0.378s] Level 1:colcon.colcon_core.package_identification:_identify(src) by extension 'python_setup_py'
[0.378s] Level 1:colcon.colcon_core.package_identification:_identify(src/merge_pointclouds) by extensions ['ignore', 'ignore_ament_install']
[0.379s] Level 1:colcon.colcon_core.package_identification:_identify(src/merge_pointclouds) by extension 'ignore'
[0.379s] Level 1:colcon.colcon_core.package_identification:_identify(src/merge_pointclouds) by extension 'ignore_ament_install'
[0.379s] Level 1:colcon.colcon_core.package_identification:_identify(src/merge_pointclouds) by extensions ['colcon_pkg']
[0.379s] Level 1:colcon.colcon_core.package_identification:_identify(src/merge_pointclouds) by extension 'colcon_pkg'
[0.379s] Level 1:colcon.colcon_core.package_identification:_identify(src/merge_pointclouds) by extensions ['colcon_meta']
[0.379s] Level 1:colcon.colcon_core.package_identification:_identify(src/merge_pointclouds) by extension 'colcon_meta'
[0.379s] Level 1:colcon.colcon_core.package_identification:_identify(src/merge_pointclouds) by extensions ['ros']
[0.379s] Level 1:colcon.colcon_core.package_identification:_identify(src/merge_pointclouds) by extension 'ros'
[0.382s] DEBUG:colcon.colcon_core.package_identification:Package 'src/merge_pointclouds' with type 'ros.ament_cmake' and name 'merge_pointclouds'
[0.382s] Level 1:colcon.colcon_core.package_discovery:discover_packages(recursive) using defaults
[0.382s] Level 1:colcon.colcon_core.package_discovery:discover_packages(ignore) discover
[0.382s] Level 1:colcon.colcon_core.package_discovery:discover_packages(ignore) using defaults
[0.382s] Level 1:colcon.colcon_core.package_discovery:discover_packages(path) discover
[0.382s] Level 1:colcon.colcon_core.package_discovery:discover_packages(path) using defaults
[0.396s] Level 1:colcon.colcon_core.package_discovery:discover_packages(prefix_path) check parameters
[0.396s] Level 1:colcon.colcon_core.package_discovery:discover_packages(prefix_path) discover
[0.399s] DEBUG:colcon.colcon_installed_package_information.package_discovery:Found 1 installed packages in /home/mlemsalu/object_det_3D/objectdet_ws/install
[0.399s] DEBUG:colcon.colcon_installed_package_information.package_discovery:Found 33 installed packages in /home/mlemsalu/walker_ws/install
[0.400s] DEBUG:colcon.colcon_installed_package_information.package_discovery:Found 202 installed packages in /opt/ros/foxy
[0.402s] Level 1:colcon.colcon_core.package_discovery:discover_packages(prefix_path) using defaults
[0.444s] Level 5:colcon.colcon_core.verb:set package 'merge_pointclouds' build argument 'cmake_args' from command line to '['-DCMAKE_BUILD_TYPE=Release']'
[0.444s] Level 5:colcon.colcon_core.verb:set package 'merge_pointclouds' build argument 'cmake_target' from command line to 'None'
[0.444s] Level 5:colcon.colcon_core.verb:set package 'merge_pointclouds' build argument 'cmake_target_skip_unavailable' from command line to 'False'
[0.444s] Level 5:colcon.colcon_core.verb:set package 'merge_pointclouds' build argument 'cmake_clean_cache' from command line to 'False'
[0.444s] Level 5:colcon.colcon_core.verb:set package 'merge_pointclouds' build argument 'cmake_clean_first' from command line to 'False'
[0.444s] Level 5:colcon.colcon_core.verb:set package 'merge_pointclouds' build argument 'cmake_force_configure' from command line to 'False'
[0.444s] Level 5:colcon.colcon_core.verb:set package 'merge_pointclouds' build argument 'ament_cmake_args' from command line to 'None'
[0.444s] Level 5:colcon.colcon_core.verb:set package 'merge_pointclouds' build argument 'catkin_cmake_args' from command line to 'None'
[0.444s] Level 5:colcon.colcon_core.verb:set package 'merge_pointclouds' build argument 'catkin_skip_building_tests' from command line to 'False'
[0.444s] DEBUG:colcon.colcon_core.verb:Building package 'merge_pointclouds' with the following arguments: {'ament_cmake_args': None, 'build_base': '/home/mlemsalu/object_det_3D/objectdet_ws/build/merge_pointclouds', 'catkin_cmake_args': None, 'catkin_skip_building_tests': False, 'cmake_args': ['-DCMAKE_BUILD_TYPE=Release'], 'cmake_clean_cache': False, 'cmake_clean_first': False, 'cmake_force_configure': False, 'cmake_target': None, 'cmake_target_skip_unavailable': False, 'install_base': '/home/mlemsalu/object_det_3D/objectdet_ws/install/merge_pointclouds', 'merge_install': False, 'path': '/home/mlemsalu/object_det_3D/objectdet_ws/src/merge_pointclouds', 'symlink_install': False, 'test_result_base': None}
[0.444s] INFO:colcon.colcon_core.executor:Executing jobs using 'parallel' executor
[0.445s] DEBUG:colcon.colcon_parallel_executor.executor.parallel:run_until_complete
[0.445s] INFO:colcon.colcon_ros.task.ament_cmake.build:Building ROS package in '/home/mlemsalu/object_det_3D/objectdet_ws/src/merge_pointclouds' with build type 'ament_cmake'
[0.445s] INFO:colcon.colcon_cmake.task.cmake.build:Building CMake package in '/home/mlemsalu/object_det_3D/objectdet_ws/src/merge_pointclouds'
[0.447s] INFO:colcon.colcon_core.plugin_system:Skipping extension 'colcon_core.shell.bat': Not used on non-Windows systems
[0.447s] INFO:colcon.colcon_core.shell:Skip shell extension 'powershell' for command environment: Not usable outside of PowerShell
[0.447s] DEBUG:colcon.colcon_core.shell:Skip shell extension 'dsv' for command environment
[0.457s] DEBUG:colcon.colcon_core.event_handler.log_command:Invoking command in '/home/mlemsalu/object_det_3D/objectdet_ws/build/merge_pointclouds': CMAKE_PREFIX_PATH=${CMAKE_PREFIX_PATH}:/home/mlemsalu/walker_ws/install/ros2bag_to_files:/home/mlemsalu/walker_ws/install/message_sync_python_lidar2lidar:/home/mlemsalu/walker_ws/install/message_sync_python:/home/mlemsalu/walker_ws/install/ros2bag:/opt/ros/foxy /usr/bin/cmake /home/mlemsalu/object_det_3D/objectdet_ws/src/merge_pointclouds -DCMAKE_BUILD_TYPE=Release -DCMAKE_INSTALL_PREFIX=/home/mlemsalu/object_det_3D/objectdet_ws/install/merge_pointclouds
[1.961s] DEBUG:colcon.colcon_core.event_handler.log_command:Invoked command in '/home/mlemsalu/object_det_3D/objectdet_ws/build/merge_pointclouds' returned '0': CMAKE_PREFIX_PATH=${CMAKE_PREFIX_PATH}:/home/mlemsalu/walker_ws/install/ros2bag_to_files:/home/mlemsalu/walker_ws/install/message_sync_python_lidar2lidar:/home/mlemsalu/walker_ws/install/message_sync_python:/home/mlemsalu/walker_ws/install/ros2bag:/opt/ros/foxy /usr/bin/cmake /home/mlemsalu/object_det_3D/objectdet_ws/src/merge_pointclouds -DCMAKE_BUILD_TYPE=Release -DCMAKE_INSTALL_PREFIX=/home/mlemsalu/object_det_3D/objectdet_ws/install/merge_pointclouds
[1.964s] DEBUG:colcon.colcon_core.event_handler.log_command:Invoking command in '/home/mlemsalu/object_det_3D/objectdet_ws/build/merge_pointclouds': CMAKE_PREFIX_PATH=${CMAKE_PREFIX_PATH}:/home/mlemsalu/walker_ws/install/ros2bag_to_files:/home/mlemsalu/walker_ws/install/message_sync_python_lidar2lidar:/home/mlemsalu/walker_ws/install/message_sync_python:/home/mlemsalu/walker_ws/install/ros2bag:/opt/ros/foxy /usr/bin/cmake --build /home/mlemsalu/object_det_3D/objectdet_ws/build/merge_pointclouds -- -j12 -l12
[13.957s] DEBUG:colcon.colcon_core.event_handler.log_command:Invoked command in '/home/mlemsalu/object_det_3D/objectdet_ws/build/merge_pointclouds' returned '0': CMAKE_PREFIX_PATH=${CMAKE_PREFIX_PATH}:/home/mlemsalu/walker_ws/install/ros2bag_to_files:/home/mlemsalu/walker_ws/install/message_sync_python_lidar2lidar:/home/mlemsalu/walker_ws/install/message_sync_python:/home/mlemsalu/walker_ws/install/ros2bag:/opt/ros/foxy /usr/bin/cmake --build /home/mlemsalu/object_det_3D/objectdet_ws/build/merge_pointclouds -- -j12 -l12
[13.998s] DEBUG:colcon.colcon_core.event_handler.log_command:Invoking command in '/home/mlemsalu/object_det_3D/objectdet_ws/build/merge_pointclouds': CMAKE_PREFIX_PATH=${CMAKE_PREFIX_PATH}:/home/mlemsalu/walker_ws/install/ros2bag_to_files:/home/mlemsalu/walker_ws/install/message_sync_python_lidar2lidar:/home/mlemsalu/walker_ws/install/message_sync_python:/home/mlemsalu/walker_ws/install/ros2bag:/opt/ros/foxy /usr/bin/cmake --install /home/mlemsalu/object_det_3D/objectdet_ws/build/merge_pointclouds
[14.010s] Level 1:colcon.colcon_core.environment:create_environment_scripts_only(merge_pointclouds)
[14.011s] DEBUG:colcon.colcon_core.event_handler.log_command:Invoked command in '/home/mlemsalu/object_det_3D/objectdet_ws/build/merge_pointclouds' returned '0': CMAKE_PREFIX_PATH=${CMAKE_PREFIX_PATH}:/home/mlemsalu/walker_ws/install/ros2bag_to_files:/home/mlemsalu/walker_ws/install/message_sync_python_lidar2lidar:/home/mlemsalu/walker_ws/install/message_sync_python:/home/mlemsalu/walker_ws/install/ros2bag:/opt/ros/foxy /usr/bin/cmake --install /home/mlemsalu/object_det_3D/objectdet_ws/build/merge_pointclouds
[14.013s] Level 1:colcon.colcon_core.environment:checking '/home/mlemsalu/object_det_3D/objectdet_ws/install/merge_pointclouds' for CMake module files
[14.014s] Level 1:colcon.colcon_core.environment:checking '/home/mlemsalu/object_det_3D/objectdet_ws/install/merge_pointclouds' for CMake config files
[14.014s] Level 1:colcon.colcon_core.shell:create_environment_hook('merge_pointclouds', 'cmake_prefix_path')
[14.014s] INFO:colcon.colcon_core.shell:Creating environment hook '/home/mlemsalu/object_det_3D/objectdet_ws/install/merge_pointclouds/share/merge_pointclouds/hook/cmake_prefix_path.ps1'
[14.015s] INFO:colcon.colcon_core.shell:Creating environment descriptor '/home/mlemsalu/object_det_3D/objectdet_ws/install/merge_pointclouds/share/merge_pointclouds/hook/cmake_prefix_path.dsv'
[14.015s] INFO:colcon.colcon_core.shell:Creating environment hook '/home/mlemsalu/object_det_3D/objectdet_ws/install/merge_pointclouds/share/merge_pointclouds/hook/cmake_prefix_path.sh'
[14.016s] Level 1:colcon.colcon_core.environment:checking '/home/mlemsalu/object_det_3D/objectdet_ws/install/merge_pointclouds/lib'
[14.016s] Level 1:colcon.colcon_core.environment:checking '/home/mlemsalu/object_det_3D/objectdet_ws/install/merge_pointclouds/bin'
[14.016s] Level 1:colcon.colcon_core.environment:checking '/home/mlemsalu/object_det_3D/objectdet_ws/install/merge_pointclouds/lib/pkgconfig/merge_pointclouds.pc'
[14.016s] Level 1:colcon.colcon_core.environment:checking '/home/mlemsalu/object_det_3D/objectdet_ws/install/merge_pointclouds/lib/python3.8/site-packages'
[14.016s] Level 1:colcon.colcon_core.environment:checking '/home/mlemsalu/object_det_3D/objectdet_ws/install/merge_pointclouds/bin'
[14.016s] INFO:colcon.colcon_core.shell:Creating package script '/home/mlemsalu/object_det_3D/objectdet_ws/install/merge_pointclouds/share/merge_pointclouds/package.ps1'
[14.017s] INFO:colcon.colcon_core.shell:Creating package descriptor '/home/mlemsalu/object_det_3D/objectdet_ws/install/merge_pointclouds/share/merge_pointclouds/package.dsv'
[14.017s] INFO:colcon.colcon_core.shell:Creating package script '/home/mlemsalu/object_det_3D/objectdet_ws/install/merge_pointclouds/share/merge_pointclouds/package.sh'
[14.018s] INFO:colcon.colcon_core.shell:Creating package script '/home/mlemsalu/object_det_3D/objectdet_ws/install/merge_pointclouds/share/merge_pointclouds/package.bash'
[14.018s] INFO:colcon.colcon_core.shell:Creating package script '/home/mlemsalu/object_det_3D/objectdet_ws/install/merge_pointclouds/share/merge_pointclouds/package.zsh'
[14.019s] Level 1:colcon.colcon_core.environment:create_file_with_runtime_dependencies(/home/mlemsalu/object_det_3D/objectdet_ws/install/merge_pointclouds/share/colcon-core/packages/merge_pointclouds)
[14.048s] Level 1:colcon.colcon_core.environment:create_environment_scripts_only(merge_pointclouds)
[14.048s] Level 1:colcon.colcon_core.environment:checking '/home/mlemsalu/object_det_3D/objectdet_ws/install/merge_pointclouds' for CMake module files
[14.048s] Level 1:colcon.colcon_core.environment:checking '/home/mlemsalu/object_det_3D/objectdet_ws/install/merge_pointclouds' for CMake config files
[14.049s] Level 1:colcon.colcon_core.shell:create_environment_hook('merge_pointclouds', 'cmake_prefix_path')
[14.049s] INFO:colcon.colcon_core.shell:Creating environment hook '/home/mlemsalu/object_det_3D/objectdet_ws/install/merge_pointclouds/share/merge_pointclouds/hook/cmake_prefix_path.ps1'
[14.049s] INFO:colcon.colcon_core.shell:Creating environment descriptor '/home/mlemsalu/object_det_3D/objectdet_ws/install/merge_pointclouds/share/merge_pointclouds/hook/cmake_prefix_path.dsv'
[14.049s] INFO:colcon.colcon_core.shell:Creating environment hook '/home/mlemsalu/object_det_3D/objectdet_ws/install/merge_pointclouds/share/merge_pointclouds/hook/cmake_prefix_path.sh'
[14.050s] Level 1:colcon.colcon_core.environment:checking '/home/mlemsalu/object_det_3D/objectdet_ws/install/merge_pointclouds/lib'
[14.050s] Level 1:colcon.colcon_core.environment:checking '/home/mlemsalu/object_det_3D/objectdet_ws/install/merge_pointclouds/bin'
[14.050s] Level 1:colcon.colcon_core.environment:checking '/home/mlemsalu/object_det_3D/objectdet_ws/install/merge_pointclouds/lib/pkgconfig/merge_pointclouds.pc'
[14.050s] Level 1:colcon.colcon_core.environment:checking '/home/mlemsalu/object_det_3D/objectdet_ws/install/merge_pointclouds/lib/python3.8/site-packages'
[14.050s] Level 1:colcon.colcon_core.environment:checking '/home/mlemsalu/object_det_3D/objectdet_ws/install/merge_pointclouds/bin'
[14.051s] INFO:colcon.colcon_core.shell:Creating package script '/home/mlemsalu/object_det_3D/objectdet_ws/install/merge_pointclouds/share/merge_pointclouds/package.ps1'
[14.051s] INFO:colcon.colcon_core.shell:Creating package descriptor '/home/mlemsalu/object_det_3D/objectdet_ws/install/merge_pointclouds/share/merge_pointclouds/package.dsv'
[14.051s] INFO:colcon.colcon_core.shell:Creating package script '/home/mlemsalu/object_det_3D/objectdet_ws/install/merge_pointclouds/share/merge_pointclouds/package.sh'
[14.052s] INFO:colcon.colcon_core.shell:Creating package script '/home/mlemsalu/object_det_3D/objectdet_ws/install/merge_pointclouds/share/merge_pointclouds/package.bash'
[14.052s] INFO:colcon.colcon_core.shell:Creating package script '/home/mlemsalu/object_det_3D/objectdet_ws/install/merge_pointclouds/share/merge_pointclouds/package.zsh'
[14.052s] Level 1:colcon.colcon_core.environment:create_file_with_runtime_dependencies(/home/mlemsalu/object_det_3D/objectdet_ws/install/merge_pointclouds/share/colcon-core/packages/merge_pointclouds)
[14.052s] DEBUG:colcon.colcon_parallel_executor.executor.parallel:closing loop
[14.053s] DEBUG:colcon.colcon_parallel_executor.executor.parallel:loop closed
[14.053s] DEBUG:colcon.colcon_parallel_executor.executor.parallel:run_until_complete finished with '0'
[14.053s] DEBUG:colcon.colcon_core.event_reactor:joining thread
[14.059s] INFO:colcon.colcon_core.plugin_system:Skipping extension 'colcon_notification.desktop_notification.terminal_notifier': Not used on non-Darwin systems
[14.059s] INFO:colcon.colcon_core.plugin_system:Skipping extension 'colcon_notification.desktop_notification.win32': Not used on non-Windows systems
[14.059s] INFO:colcon.colcon_notification.desktop_notification:Sending desktop notification using 'notify2'
[14.071s] DEBUG:colcon.colcon_core.event_reactor:joined thread
[14.071s] INFO:colcon.colcon_core.shell:Creating prefix script '/home/mlemsalu/object_det_3D/objectdet_ws/install/local_setup.ps1'
[14.072s] INFO:colcon.colcon_core.shell:Creating prefix util module '/home/mlemsalu/object_det_3D/objectdet_ws/install/_local_setup_util_ps1.py'
[14.073s] INFO:colcon.colcon_core.shell:Creating prefix chain script '/home/mlemsalu/object_det_3D/objectdet_ws/install/setup.ps1'
[14.075s] INFO:colcon.colcon_core.shell:Creating prefix script '/home/mlemsalu/object_det_3D/objectdet_ws/install/local_setup.sh'
[14.075s] INFO:colcon.colcon_core.shell:Creating prefix util module '/home/mlemsalu/object_det_3D/objectdet_ws/install/_local_setup_util_sh.py'
[14.076s] INFO:colcon.colcon_core.shell:Creating prefix chain script '/home/mlemsalu/object_det_3D/objectdet_ws/install/setup.sh'
[14.078s] INFO:colcon.colcon_core.shell:Creating prefix script '/home/mlemsalu/object_det_3D/objectdet_ws/install/local_setup.bash'
[14.078s] INFO:colcon.colcon_core.shell:Creating prefix chain script '/home/mlemsalu/object_det_3D/objectdet_ws/install/setup.bash'
[14.080s] INFO:colcon.colcon_core.shell:Creating prefix script '/home/mlemsalu/object_det_3D/objectdet_ws/install/local_setup.zsh'
[14.080s] INFO:colcon.colcon_core.shell:Creating prefix chain script '/home/mlemsalu/object_det_3D/objectdet_ws/install/setup.zsh'
