[0.016s] Invoking command in '/home/mlemsalu/object_det_3D/objectdet_ws/build/merge_pointclouds': CMAKE_PREFIX_PATH=/opt/ros/foxy /usr/bin/cmake --build /home/mlemsalu/object_det_3D/objectdet_ws/build/merge_pointclouds -- -j12 -l12
[0.056s] [35m[1mScanning dependencies of target merge_pointclouds_node[0m
[0.143s] [ 50%] [32mBuilding CXX object CMakeFiles/merge_pointclouds_node.dir/src/merge_pointclouds_node.cpp.o[0m
[11.944s] [100%] [32m[1mLinking CXX executable merge_pointclouds_node[0m
[12.499s] [100%] Built target merge_pointclouds_node
[12.508s] Invoked command in '/home/mlemsalu/object_det_3D/objectdet_ws/build/merge_pointclouds' returned '0': CMAKE_PREFIX_PATH=/opt/ros/foxy /usr/bin/cmake --build /home/mlemsalu/object_det_3D/objectdet_ws/build/merge_pointclouds -- -j12 -l12
[12.530s] Invoking command in '/home/mlemsalu/object_det_3D/objectdet_ws/build/merge_pointclouds': CMAKE_PREFIX_PATH=/opt/ros/foxy /usr/bin/cmake --install /home/mlemsalu/object_det_3D/objectdet_ws/build/merge_pointclouds
[12.537s] -- Install configuration: "Release"
[12.538s] -- Installing: /home/mlemsalu/object_det_3D/objectdet_ws/install/merge_pointclouds/lib/merge_pointclouds/merge_pointclouds_node
[12.539s] -- Set runtime path of "/home/mlemsalu/object_det_3D/objectdet_ws/install/merge_pointclouds/lib/merge_pointclouds/merge_pointclouds_node" to ""
[12.539s] -- Up-to-date: /home/mlemsalu/object_det_3D/objectdet_ws/install/merge_pointclouds/share/ament_index/resource_index/package_run_dependencies/merge_pointclouds
[12.539s] -- Up-to-date: /home/mlemsalu/object_det_3D/objectdet_ws/install/merge_pointclouds/share/ament_index/resource_index/parent_prefix_path/merge_pointclouds
[12.539s] -- Up-to-date: /home/mlemsalu/object_det_3D/objectdet_ws/install/merge_pointclouds/share/merge_pointclouds/environment/ament_prefix_path.sh
[12.539s] -- Up-to-date: /home/mlemsalu/object_det_3D/objectdet_ws/install/merge_pointclouds/share/merge_pointclouds/environment/ament_prefix_path.dsv
[12.539s] -- Up-to-date: /home/mlemsalu/object_det_3D/objectdet_ws/install/merge_pointclouds/share/merge_pointclouds/environment/path.sh
[12.539s] -- Up-to-date: /home/mlemsalu/object_det_3D/objectdet_ws/install/merge_pointclouds/share/merge_pointclouds/environment/path.dsv
[12.539s] -- Up-to-date: /home/mlemsalu/object_det_3D/objectdet_ws/install/merge_pointclouds/share/merge_pointclouds/local_setup.bash
[12.539s] -- Up-to-date: /home/mlemsalu/object_det_3D/objectdet_ws/install/merge_pointclouds/share/merge_pointclouds/local_setup.sh
[12.539s] -- Up-to-date: /home/mlemsalu/object_det_3D/objectdet_ws/install/merge_pointclouds/share/merge_pointclouds/local_setup.zsh
[12.539s] -- Up-to-date: /home/mlemsalu/object_det_3D/objectdet_ws/install/merge_pointclouds/share/merge_pointclouds/local_setup.dsv
[12.540s] -- Installing: /home/mlemsalu/object_det_3D/objectdet_ws/install/merge_pointclouds/share/merge_pointclouds/package.dsv
[12.540s] -- Up-to-date: /home/mlemsalu/object_det_3D/objectdet_ws/install/merge_pointclouds/share/ament_index/resource_index/packages/merge_pointclouds
[12.540s] -- Up-to-date: /home/mlemsalu/object_det_3D/objectdet_ws/install/merge_pointclouds/share/merge_pointclouds/cmake/merge_pointcloudsConfig.cmake
[12.540s] -- Up-to-date: /home/mlemsalu/object_det_3D/objectdet_ws/install/merge_pointclouds/share/merge_pointclouds/cmake/merge_pointcloudsConfig-version.cmake
[12.540s] -- Up-to-date: /home/mlemsalu/object_det_3D/objectdet_ws/install/merge_pointclouds/share/merge_pointclouds/package.xml
[12.542s] Invoked command in '/home/mlemsalu/object_det_3D/objectdet_ws/build/merge_pointclouds' returned '0': CMAKE_PREFIX_PATH=/opt/ros/foxy /usr/bin/cmake --install /home/mlemsalu/object_det_3D/objectdet_ws/build/merge_pointclouds
