[0.017s] Invoking command in '/home/mlemsalu/object_det_3D/objectdet_ws/build/merge_pointclouds': CMAKE_PREFIX_PATH=/opt/ros/foxy /usr/bin/cmake --build /home/mlemsalu/object_det_3D/objectdet_ws/build/merge_pointclouds -- -j12 -l12
[0.063s] [35m[1mScanning dependencies of target merge_pointclouds_node[0m
[0.116s] [ 50%] [32mBuilding CXX object CMakeFiles/merge_pointclouds_node.dir/src/merge_pointclouds_node.cpp.o[0m
[15.083s] [100%] [32m[1mLinking CXX executable merge_pointclouds_node[0m
[15.731s] [100%] Built target merge_pointclouds_node
[15.742s] Invoked command in '/home/mlemsalu/object_det_3D/objectdet_ws/build/merge_pointclouds' returned '0': CMAKE_PREFIX_PATH=/opt/ros/foxy /usr/bin/cmake --build /home/mlemsalu/object_det_3D/objectdet_ws/build/merge_pointclouds -- -j12 -l12
[15.764s] Invoking command in '/home/mlemsalu/object_det_3D/objectdet_ws/build/merge_pointclouds': CMAKE_PREFIX_PATH=/opt/ros/foxy /usr/bin/cmake --install /home/mlemsalu/object_det_3D/objectdet_ws/build/merge_pointclouds
[15.773s] -- Install configuration: "Release"
[15.774s] -- Installing: /home/mlemsalu/object_det_3D/objectdet_ws/install/merge_pointclouds/lib/merge_pointclouds/merge_pointclouds_node
[15.775s] -- Set runtime path of "/home/mlemsalu/object_det_3D/objectdet_ws/install/merge_pointclouds/lib/merge_pointclouds/merge_pointclouds_node" to ""
[15.775s] -- Up-to-date: /home/mlemsalu/object_det_3D/objectdet_ws/install/merge_pointclouds/share/ament_index/resource_index/package_run_dependencies/merge_pointclouds
[15.775s] -- Up-to-date: /home/mlemsalu/object_det_3D/objectdet_ws/install/merge_pointclouds/share/ament_index/resource_index/parent_prefix_path/merge_pointclouds
[15.775s] -- Up-to-date: /home/mlemsalu/object_det_3D/objectdet_ws/install/merge_pointclouds/share/merge_pointclouds/environment/ament_prefix_path.sh
[15.775s] -- Up-to-date: /home/mlemsalu/object_det_3D/objectdet_ws/install/merge_pointclouds/share/merge_pointclouds/environment/ament_prefix_path.dsv
[15.775s] -- Up-to-date: /home/mlemsalu/object_det_3D/objectdet_ws/install/merge_pointclouds/share/merge_pointclouds/environment/path.sh
[15.775s] -- Up-to-date: /home/mlemsalu/object_det_3D/objectdet_ws/install/merge_pointclouds/share/merge_pointclouds/environment/path.dsv
[15.775s] -- Up-to-date: /home/mlemsalu/object_det_3D/objectdet_ws/install/merge_pointclouds/share/merge_pointclouds/local_setup.bash
[15.776s] -- Up-to-date: /home/mlemsalu/object_det_3D/objectdet_ws/install/merge_pointclouds/share/merge_pointclouds/local_setup.sh
[15.776s] -- Up-to-date: /home/mlemsalu/object_det_3D/objectdet_ws/install/merge_pointclouds/share/merge_pointclouds/local_setup.zsh
[15.776s] -- Up-to-date: /home/mlemsalu/object_det_3D/objectdet_ws/install/merge_pointclouds/share/merge_pointclouds/local_setup.dsv
[15.776s] -- Installing: /home/mlemsalu/object_det_3D/objectdet_ws/install/merge_pointclouds/share/merge_pointclouds/package.dsv
[15.776s] -- Up-to-date: /home/mlemsalu/object_det_3D/objectdet_ws/install/merge_pointclouds/share/ament_index/resource_index/packages/merge_pointclouds
[15.776s] -- Up-to-date: /home/mlemsalu/object_det_3D/objectdet_ws/install/merge_pointclouds/share/merge_pointclouds/cmake/merge_pointcloudsConfig.cmake
[15.776s] -- Up-to-date: /home/mlemsalu/object_det_3D/objectdet_ws/install/merge_pointclouds/share/merge_pointclouds/cmake/merge_pointcloudsConfig-version.cmake
[15.776s] -- Up-to-date: /home/mlemsalu/object_det_3D/objectdet_ws/install/merge_pointclouds/share/merge_pointclouds/package.xml
[15.778s] Invoked command in '/home/mlemsalu/object_det_3D/objectdet_ws/build/merge_pointclouds' returned '0': CMAKE_PREFIX_PATH=/opt/ros/foxy /usr/bin/cmake --install /home/mlemsalu/object_det_3D/objectdet_ws/build/merge_pointclouds
