[0.013s] Invoking command in '/home/mlemsalu/object_det_3D/objectdet_ws/build/GNSS_pose_estimation': CMAKE_PREFIX_PATH=/opt/ros/foxy /usr/bin/cmake --build /home/mlemsalu/object_det_3D/objectdet_ws/build/GNSS_pose_estimation -- -j12 -l12
[0.042s] -- Found ament_cmake: 0.9.12 (/opt/ros/foxy/share/ament_cmake/cmake)
[0.061s] -- Using PYTHON_EXECUTABLE: /usr/bin/python3
[0.235s] -- Found rclcpp: 2.4.3 (/opt/ros/foxy/share/rclcpp/cmake)
[0.261s] -- Using all available rosidl_typesupport_c: rosidl_typesupport_fastrtps_c;rosidl_typesupport_introspection_c
[0.264s] -- Found rosidl_adapter: 1.3.1 (/opt/ros/foxy/share/rosidl_adapter/cmake)
[0.344s] -- Using all available rosidl_typesupport_cpp: rosidl_typesupport_fastrtps_cpp;rosidl_typesupport_introspection_cpp
[0.386s] -- Found rmw_implementation_cmake: 1.0.4 (/opt/ros/foxy/share/rmw_implementation_cmake/cmake)
[0.387s] -- Using RMW implementation 'rmw_fastrtps_cpp' as default
[0.508s] -- Found tf2_ros: 0.13.14 (/opt/ros/foxy/share/tf2_ros/cmake)
[0.827s] -- Eigen found (include: /usr/include/eigen3, version: 3.3.7)
[0.842s] -- OpenNI found (include: /usr/include/ni, lib: /usr/lib/libOpenNI.so)
[0.847s] -- OpenNI2 found (include: /usr/include/openni2, lib: /usr/lib/libOpenNI2.so)
[0.847s] ** WARNING ** io features related to pcap will be disabled
[0.847s] ** WARNING ** io features related to png will be disabled
[0.896s] -- The imported target "vtkParseOGLExt" references the file
[0.896s]    "/usr/bin/vtkParseOGLExt-7.1"
[0.896s] but this file does not exist.  Possible reasons include:
[0.896s] * The file was deleted, renamed, or moved to another location.
[0.896s] * An install or uninstall procedure did not complete successfully.
[0.896s] * The installation package was faulty and contained
[0.897s]    "/usr/lib/cmake/vtk-7.1/VTKTargets.cmake"
[0.897s] but not all the files it references.
[0.897s] 
[0.897s] -- The imported target "vtkRenderingPythonTkWidgets" references the file
[0.897s]    "/usr/lib/x86_64-linux-gnu/libvtkRenderingPythonTkWidgets.so"
[0.897s] but this file does not exist.  Possible reasons include:
[0.897s] * The file was deleted, renamed, or moved to another location.
[0.897s] * An install or uninstall procedure did not complete successfully.
[0.897s] * The installation package was faulty and contained
[0.897s]    "/usr/lib/cmake/vtk-7.1/VTKTargets.cmake"
[0.897s] but not all the files it references.
[0.897s] 
[0.898s] -- The imported target "vtk" references the file
[0.898s]    "/usr/bin/vtk"
[0.898s] but this file does not exist.  Possible reasons include:
[0.898s] * The file was deleted, renamed, or moved to another location.
[0.898s] * An install or uninstall procedure did not complete successfully.
[0.898s] * The installation package was faulty and contained
[0.898s]    "/usr/lib/cmake/vtk-7.1/VTKTargets.cmake"
[0.898s] but not all the files it references.
[0.898s] 
[0.898s] -- The imported target "pvtk" references the file
[0.898s]    "/usr/bin/pvtk"
[0.898s] but this file does not exist.  Possible reasons include:
[0.898s] * The file was deleted, renamed, or moved to another location.
[0.898s] * An install or uninstall procedure did not complete successfully.
[0.898s] * The installation package was faulty and contained
[0.898s]    "/usr/lib/cmake/vtk-7.1/VTKTargets.cmake"
[0.899s] but not all the files it references.
[0.899s] 
[0.911s] ** WARNING ** io features related to libusb-1.0 will be disabled
[0.911s] -- looking for PCL_COMMON
[0.911s] -- looking for PCL_OCTREE
[0.911s] -- looking for PCL_IO
[0.912s] -- Found pcl_conversions: 2.2.1 (/opt/ros/foxy/share/pcl_conversions/cmake)
[1.178s] -- Found ament_lint_auto: 0.9.8 (/opt/ros/foxy/share/ament_lint_auto/cmake)
[1.216s] WARNING: Package name "GNSS_pose_estimation" does not follow the naming conventions. It should start with a lower case letter and only contain lower case letters, digits, underscores, and dashes.
[1.220s] CMake Error at /opt/ros/foxy/share/ament_cmake_core/cmake/core/ament_package_xml.cmake:53 (message):
[1.220s]   ament_package_xml() package name 'GNSS_pose_estimation' in '/package.xml'
[1.221s]   does not match current PROJECT_NAME 'gnss_pose_estimation_node'.  You must
[1.221s]   call project() with the same package name before.
[1.221s] Call Stack (most recent call first):
[1.221s]   /opt/ros/foxy/share/ament_lint_auto/cmake/ament_lint_auto_find_test_dependencies.cmake:31 (ament_package_xml)
[1.221s]   CMakeLists.txt:69 (ament_lint_auto_find_test_dependencies)
[1.221s] 
[1.221s] 
[1.223s] -- Configuring incomplete, errors occurred!
[1.223s] See also "/home/mlemsalu/object_det_3D/objectdet_ws/build/GNSS_pose_estimation/CMakeFiles/CMakeOutput.log".
[1.223s] See also "/home/mlemsalu/object_det_3D/objectdet_ws/build/GNSS_pose_estimation/CMakeFiles/CMakeError.log".
[1.230s] make: *** [Makefile:266: cmake_check_build_system] Error 1
[1.233s] Invoked command in '/home/mlemsalu/object_det_3D/objectdet_ws/build/GNSS_pose_estimation' returned '2': CMAKE_PREFIX_PATH=/opt/ros/foxy /usr/bin/cmake --build /home/mlemsalu/object_det_3D/objectdet_ws/build/GNSS_pose_estimation -- -j12 -l12
