[0.309s] DEBUG:colcon:Command line arguments: ['/usr/bin/colcon', 'build', '--cmake-args=-DCMAKE_BUILD_TYPE=Release']
[0.309s] DEBUG:colcon:Parsed command line arguments: Namespace(allow_overriding=[], ament_cmake_args=None, base_paths=['.'], build_base='build', catkin_cmake_args=None, catkin_skip_building_tests=False, cmake_args=['-DCMAKE_BUILD_TYPE=Release'], cmake_clean_cache=False, cmake_clean_first=False, cmake_force_configure=False, cmake_target=None, cmake_target_skip_unavailable=False, continue_on_error=False, event_handlers=None, executor='parallel', ignore_user_meta=False, install_base='install', log_base=None, log_level=None, main=<bound method BuildVerb.main of <colcon_core.verb.build.BuildVerb object at 0x7fc381c49ee0>>, merge_install=False, metas=['./colcon.meta'], mixin=None, mixin_files=None, mixin_verb=('build',), packages_above=None, packages_above_and_dependencies=None, packages_above_depth=None, packages_end=None, packages_ignore=None, packages_ignore_regex=None, packages_select=None, packages_select_build_failed=False, packages_select_by_dep=None, packages_select_regex=None, packages_select_test_failures=False, packages_skip=None, packages_skip_build_finished=False, packages_skip_by_dep=None, packages_skip_regex=None, packages_skip_test_passed=False, packages_skip_up_to=None, packages_start=None, packages_up_to=None, packages_up_to_regex=None, parallel_workers=12, paths=None, symlink_install=False, test_result_base=None, verb_extension=<colcon_core.verb.build.BuildVerb object at 0x7fc381c49ee0>, verb_name='build', verb_parser=<colcon_mixin.mixin.mixin_argument.MixinArgumentDecorator object at 0x7fc381c55550>)
[0.507s] Level 1:colcon.colcon_core.package_discovery:discover_packages(colcon_meta) check parameters
[0.507s] Level 1:colcon.colcon_core.package_discovery:discover_packages(recursive) check parameters
[0.507s] Level 1:colcon.colcon_core.package_discovery:discover_packages(ignore) check parameters
[0.507s] Level 1:colcon.colcon_core.package_discovery:discover_packages(path) check parameters
[0.507s] Level 1:colcon.colcon_core.package_discovery:discover_packages(colcon_meta) discover
[0.507s] Level 1:colcon.colcon_core.package_discovery:discover_packages(recursive) discover
[0.507s] INFO:colcon.colcon_core.package_discovery:Crawling recursively for packages in '/home/mlemsalu/object_det_3D/objectdet_ws'
[0.507s] Level 1:colcon.colcon_core.package_identification:_identify(.) by extensions ['ignore', 'ignore_ament_install']
[0.508s] Level 1:colcon.colcon_core.package_identification:_identify(.) by extension 'ignore'
[0.508s] Level 1:colcon.colcon_core.package_identification:_identify(.) by extension 'ignore_ament_install'
[0.508s] Level 1:colcon.colcon_core.package_identification:_identify(.) by extensions ['colcon_pkg']
[0.508s] Level 1:colcon.colcon_core.package_identification:_identify(.) by extension 'colcon_pkg'
[0.508s] Level 1:colcon.colcon_core.package_identification:_identify(.) by extensions ['colcon_meta']
[0.508s] Level 1:colcon.colcon_core.package_identification:_identify(.) by extension 'colcon_meta'
[0.508s] Level 1:colcon.colcon_core.package_identification:_identify(.) by extensions ['ros']
[0.508s] Level 1:colcon.colcon_core.package_identification:_identify(.) by extension 'ros'
[0.521s] Level 1:colcon.colcon_core.package_identification:_identify(.) by extensions ['cmake', 'python']
[0.521s] Level 1:colcon.colcon_core.package_identification:_identify(.) by extension 'cmake'
[0.521s] Level 1:colcon.colcon_core.package_identification:_identify(.) by extension 'python'
[0.521s] Level 1:colcon.colcon_core.package_identification:_identify(.) by extensions ['python_setup_py']
[0.521s] Level 1:colcon.colcon_core.package_identification:_identify(.) by extension 'python_setup_py'
[0.522s] Level 1:colcon.colcon_core.package_identification:_identify(build) by extensions ['ignore', 'ignore_ament_install']
[0.522s] Level 1:colcon.colcon_core.package_identification:_identify(build) by extension 'ignore'
[0.522s] Level 1:colcon.colcon_core.package_identification:_identify(build) ignored
[0.522s] Level 1:colcon.colcon_core.package_identification:_identify(install) by extensions ['ignore', 'ignore_ament_install']
[0.522s] Level 1:colcon.colcon_core.package_identification:_identify(install) by extension 'ignore'
[0.522s] Level 1:colcon.colcon_core.package_identification:_identify(install) ignored
[0.522s] Level 1:colcon.colcon_core.package_identification:_identify(log) by extensions ['ignore', 'ignore_ament_install']
[0.522s] Level 1:colcon.colcon_core.package_identification:_identify(log) by extension 'ignore'
[0.522s] Level 1:colcon.colcon_core.package_identification:_identify(log) ignored
[0.522s] Level 1:colcon.colcon_core.package_identification:_identify(src) by extensions ['ignore', 'ignore_ament_install']
[0.523s] Level 1:colcon.colcon_core.package_identification:_identify(src) by extension 'ignore'
[0.523s] Level 1:colcon.colcon_core.package_identification:_identify(src) by extension 'ignore_ament_install'
[0.523s] Level 1:colcon.colcon_core.package_identification:_identify(src) by extensions ['colcon_pkg']
[0.523s] Level 1:colcon.colcon_core.package_identification:_identify(src) by extension 'colcon_pkg'
[0.523s] Level 1:colcon.colcon_core.package_identification:_identify(src) by extensions ['colcon_meta']
[0.523s] Level 1:colcon.colcon_core.package_identification:_identify(src) by extension 'colcon_meta'
[0.523s] Level 1:colcon.colcon_core.package_identification:_identify(src) by extensions ['ros']
[0.523s] Level 1:colcon.colcon_core.package_identification:_identify(src) by extension 'ros'
[0.523s] Level 1:colcon.colcon_core.package_identification:_identify(src) by extensions ['cmake', 'python']
[0.523s] Level 1:colcon.colcon_core.package_identification:_identify(src) by extension 'cmake'
[0.523s] Level 1:colcon.colcon_core.package_identification:_identify(src) by extension 'python'
[0.523s] Level 1:colcon.colcon_core.package_identification:_identify(src) by extensions ['python_setup_py']
[0.523s] Level 1:colcon.colcon_core.package_identification:_identify(src) by extension 'python_setup_py'
[0.523s] Level 1:colcon.colcon_core.package_identification:_identify(src/GNSS_pose_estimation) by extensions ['ignore', 'ignore_ament_install']
[0.523s] Level 1:colcon.colcon_core.package_identification:_identify(src/GNSS_pose_estimation) by extension 'ignore'
[0.523s] Level 1:colcon.colcon_core.package_identification:_identify(src/GNSS_pose_estimation) by extension 'ignore_ament_install'
[0.524s] Level 1:colcon.colcon_core.package_identification:_identify(src/GNSS_pose_estimation) by extensions ['colcon_pkg']
[0.524s] Level 1:colcon.colcon_core.package_identification:_identify(src/GNSS_pose_estimation) by extension 'colcon_pkg'
[0.524s] Level 1:colcon.colcon_core.package_identification:_identify(src/GNSS_pose_estimation) by extensions ['colcon_meta']
[0.524s] Level 1:colcon.colcon_core.package_identification:_identify(src/GNSS_pose_estimation) by extension 'colcon_meta'
[0.524s] Level 1:colcon.colcon_core.package_identification:_identify(src/GNSS_pose_estimation) by extensions ['ros']
[0.524s] Level 1:colcon.colcon_core.package_identification:_identify(src/GNSS_pose_estimation) by extension 'ros'
[0.527s] DEBUG:colcon.colcon_core.package_identification:Package 'src/GNSS_pose_estimation' with type 'ros.ament_cmake' and name 'gnss_pose_estimation_node'
[0.527s] Level 1:colcon.colcon_core.package_identification:_identify(src/merge_pointclouds) by extensions ['ignore', 'ignore_ament_install']
[0.527s] Level 1:colcon.colcon_core.package_identification:_identify(src/merge_pointclouds) by extension 'ignore'
[0.527s] Level 1:colcon.colcon_core.package_identification:_identify(src/merge_pointclouds) by extension 'ignore_ament_install'
[0.527s] Level 1:colcon.colcon_core.package_identification:_identify(src/merge_pointclouds) by extensions ['colcon_pkg']
[0.528s] Level 1:colcon.colcon_core.package_identification:_identify(src/merge_pointclouds) by extension 'colcon_pkg'
[0.528s] Level 1:colcon.colcon_core.package_identification:_identify(src/merge_pointclouds) by extensions ['colcon_meta']
[0.528s] Level 1:colcon.colcon_core.package_identification:_identify(src/merge_pointclouds) by extension 'colcon_meta'
[0.528s] Level 1:colcon.colcon_core.package_identification:_identify(src/merge_pointclouds) by extensions ['ros']
[0.528s] Level 1:colcon.colcon_core.package_identification:_identify(src/merge_pointclouds) by extension 'ros'
[0.529s] DEBUG:colcon.colcon_core.package_identification:Package 'src/merge_pointclouds' with type 'ros.ament_cmake' and name 'merge_pointclouds'
[0.529s] Level 1:colcon.colcon_core.package_discovery:discover_packages(recursive) using defaults
[0.529s] Level 1:colcon.colcon_core.package_discovery:discover_packages(ignore) discover
[0.529s] Level 1:colcon.colcon_core.package_discovery:discover_packages(ignore) using defaults
[0.529s] Level 1:colcon.colcon_core.package_discovery:discover_packages(path) discover
[0.529s] Level 1:colcon.colcon_core.package_discovery:discover_packages(path) using defaults
[0.548s] Level 1:colcon.colcon_core.package_discovery:discover_packages(prefix_path) check parameters
[0.548s] Level 1:colcon.colcon_core.package_discovery:discover_packages(prefix_path) discover
[0.551s] DEBUG:colcon.colcon_installed_package_information.package_discovery:Found 202 installed packages in /opt/ros/foxy
[0.552s] Level 1:colcon.colcon_core.package_discovery:discover_packages(prefix_path) using defaults
[0.611s] Level 5:colcon.colcon_core.verb:set package 'gnss_pose_estimation_node' build argument 'cmake_args' from command line to '['-DCMAKE_BUILD_TYPE=Release']'
[0.611s] Level 5:colcon.colcon_core.verb:set package 'gnss_pose_estimation_node' build argument 'cmake_target' from command line to 'None'
[0.611s] Level 5:colcon.colcon_core.verb:set package 'gnss_pose_estimation_node' build argument 'cmake_target_skip_unavailable' from command line to 'False'
[0.611s] Level 5:colcon.colcon_core.verb:set package 'gnss_pose_estimation_node' build argument 'cmake_clean_cache' from command line to 'False'
[0.611s] Level 5:colcon.colcon_core.verb:set package 'gnss_pose_estimation_node' build argument 'cmake_clean_first' from command line to 'False'
[0.611s] Level 5:colcon.colcon_core.verb:set package 'gnss_pose_estimation_node' build argument 'cmake_force_configure' from command line to 'False'
[0.611s] Level 5:colcon.colcon_core.verb:set package 'gnss_pose_estimation_node' build argument 'ament_cmake_args' from command line to 'None'
[0.611s] Level 5:colcon.colcon_core.verb:set package 'gnss_pose_estimation_node' build argument 'catkin_cmake_args' from command line to 'None'
[0.611s] Level 5:colcon.colcon_core.verb:set package 'gnss_pose_estimation_node' build argument 'catkin_skip_building_tests' from command line to 'False'
[0.611s] DEBUG:colcon.colcon_core.verb:Building package 'gnss_pose_estimation_node' with the following arguments: {'ament_cmake_args': None, 'build_base': '/home/mlemsalu/object_det_3D/objectdet_ws/build/gnss_pose_estimation_node', 'catkin_cmake_args': None, 'catkin_skip_building_tests': False, 'cmake_args': ['-DCMAKE_BUILD_TYPE=Release'], 'cmake_clean_cache': False, 'cmake_clean_first': False, 'cmake_force_configure': False, 'cmake_target': None, 'cmake_target_skip_unavailable': False, 'install_base': '/home/mlemsalu/object_det_3D/objectdet_ws/install/gnss_pose_estimation_node', 'merge_install': False, 'path': '/home/mlemsalu/object_det_3D/objectdet_ws/src/GNSS_pose_estimation', 'symlink_install': False, 'test_result_base': None}
[0.612s] Level 5:colcon.colcon_core.verb:set package 'merge_pointclouds' build argument 'cmake_args' from command line to '['-DCMAKE_BUILD_TYPE=Release']'
[0.612s] Level 5:colcon.colcon_core.verb:set package 'merge_pointclouds' build argument 'cmake_target' from command line to 'None'
[0.612s] Level 5:colcon.colcon_core.verb:set package 'merge_pointclouds' build argument 'cmake_target_skip_unavailable' from command line to 'False'
[0.612s] Level 5:colcon.colcon_core.verb:set package 'merge_pointclouds' build argument 'cmake_clean_cache' from command line to 'False'
[0.612s] Level 5:colcon.colcon_core.verb:set package 'merge_pointclouds' build argument 'cmake_clean_first' from command line to 'False'
[0.612s] Level 5:colcon.colcon_core.verb:set package 'merge_pointclouds' build argument 'cmake_force_configure' from command line to 'False'
[0.612s] Level 5:colcon.colcon_core.verb:set package 'merge_pointclouds' build argument 'ament_cmake_args' from command line to 'None'
[0.612s] Level 5:colcon.colcon_core.verb:set package 'merge_pointclouds' build argument 'catkin_cmake_args' from command line to 'None'
[0.612s] Level 5:colcon.colcon_core.verb:set package 'merge_pointclouds' build argument 'catkin_skip_building_tests' from command line to 'False'
[0.612s] DEBUG:colcon.colcon_core.verb:Building package 'merge_pointclouds' with the following arguments: {'ament_cmake_args': None, 'build_base': '/home/mlemsalu/object_det_3D/objectdet_ws/build/merge_pointclouds', 'catkin_cmake_args': None, 'catkin_skip_building_tests': False, 'cmake_args': ['-DCMAKE_BUILD_TYPE=Release'], 'cmake_clean_cache': False, 'cmake_clean_first': False, 'cmake_force_configure': False, 'cmake_target': None, 'cmake_target_skip_unavailable': False, 'install_base': '/home/mlemsalu/object_det_3D/objectdet_ws/install/merge_pointclouds', 'merge_install': False, 'path': '/home/mlemsalu/object_det_3D/objectdet_ws/src/merge_pointclouds', 'symlink_install': False, 'test_result_base': None}
[0.612s] INFO:colcon.colcon_core.executor:Executing jobs using 'parallel' executor
[0.613s] DEBUG:colcon.colcon_parallel_executor.executor.parallel:run_until_complete
[0.613s] INFO:colcon.colcon_ros.task.ament_cmake.build:Building ROS package in '/home/mlemsalu/object_det_3D/objectdet_ws/src/GNSS_pose_estimation' with build type 'ament_cmake'
[0.614s] INFO:colcon.colcon_cmake.task.cmake.build:Building CMake package in '/home/mlemsalu/object_det_3D/objectdet_ws/src/GNSS_pose_estimation'
[0.617s] INFO:colcon.colcon_core.plugin_system:Skipping extension 'colcon_core.shell.bat': Not used on non-Windows systems
[0.617s] INFO:colcon.colcon_core.shell:Skip shell extension 'powershell' for command environment: Not usable outside of PowerShell
[0.617s] DEBUG:colcon.colcon_core.shell:Skip shell extension 'dsv' for command environment
[0.621s] INFO:colcon.colcon_ros.task.ament_cmake.build:Building ROS package in '/home/mlemsalu/object_det_3D/objectdet_ws/src/merge_pointclouds' with build type 'ament_cmake'
[0.621s] INFO:colcon.colcon_cmake.task.cmake.build:Building CMake package in '/home/mlemsalu/object_det_3D/objectdet_ws/src/merge_pointclouds'
[0.622s] INFO:colcon.colcon_core.shell:Skip shell extension 'powershell' for command environment: Not usable outside of PowerShell
[0.622s] DEBUG:colcon.colcon_core.shell:Skip shell extension 'dsv' for command environment
[0.630s] DEBUG:colcon.colcon_core.event_handler.log_command:Invoking command in '/home/mlemsalu/object_det_3D/objectdet_ws/build/gnss_pose_estimation_node': CMAKE_PREFIX_PATH=/opt/ros/foxy /usr/bin/cmake --build /home/mlemsalu/object_det_3D/objectdet_ws/build/gnss_pose_estimation_node -- -j12 -l12
[0.640s] DEBUG:colcon.colcon_core.event_handler.log_command:Invoking command in '/home/mlemsalu/object_det_3D/objectdet_ws/build/merge_pointclouds': CMAKE_PREFIX_PATH=/opt/ros/foxy /usr/bin/cmake --build /home/mlemsalu/object_det_3D/objectdet_ws/build/merge_pointclouds -- -j12 -l12
[0.724s] DEBUG:colcon.colcon_core.event_handler.log_command:Invoked command in '/home/mlemsalu/object_det_3D/objectdet_ws/build/gnss_pose_estimation_node' returned '0': CMAKE_PREFIX_PATH=/opt/ros/foxy /usr/bin/cmake --build /home/mlemsalu/object_det_3D/objectdet_ws/build/gnss_pose_estimation_node -- -j12 -l12
[0.762s] DEBUG:colcon.colcon_core.event_handler.log_command:Invoking command in '/home/mlemsalu/object_det_3D/objectdet_ws/build/gnss_pose_estimation_node': CMAKE_PREFIX_PATH=/opt/ros/foxy /usr/bin/cmake --install /home/mlemsalu/object_det_3D/objectdet_ws/build/gnss_pose_estimation_node
[0.776s] Level 1:colcon.colcon_core.environment:create_environment_scripts_only(gnss_pose_estimation_node)
[0.777s] DEBUG:colcon.colcon_core.event_handler.log_command:Invoked command in '/home/mlemsalu/object_det_3D/objectdet_ws/build/gnss_pose_estimation_node' returned '0': CMAKE_PREFIX_PATH=/opt/ros/foxy /usr/bin/cmake --install /home/mlemsalu/object_det_3D/objectdet_ws/build/gnss_pose_estimation_node
[0.782s] Level 1:colcon.colcon_core.environment:checking '/home/mlemsalu/object_det_3D/objectdet_ws/install/gnss_pose_estimation_node' for CMake module files
[0.783s] Level 1:colcon.colcon_core.environment:checking '/home/mlemsalu/object_det_3D/objectdet_ws/install/gnss_pose_estimation_node' for CMake config files
[0.784s] Level 1:colcon.colcon_core.shell:create_environment_hook('gnss_pose_estimation_node', 'cmake_prefix_path')
[0.784s] INFO:colcon.colcon_core.shell:Creating environment hook '/home/mlemsalu/object_det_3D/objectdet_ws/install/gnss_pose_estimation_node/share/gnss_pose_estimation_node/hook/cmake_prefix_path.ps1'
[0.785s] INFO:colcon.colcon_core.shell:Creating environment descriptor '/home/mlemsalu/object_det_3D/objectdet_ws/install/gnss_pose_estimation_node/share/gnss_pose_estimation_node/hook/cmake_prefix_path.dsv'
[0.786s] INFO:colcon.colcon_core.shell:Creating environment hook '/home/mlemsalu/object_det_3D/objectdet_ws/install/gnss_pose_estimation_node/share/gnss_pose_estimation_node/hook/cmake_prefix_path.sh'
[0.787s] Level 1:colcon.colcon_core.environment:checking '/home/mlemsalu/object_det_3D/objectdet_ws/install/gnss_pose_estimation_node/lib'
[0.788s] Level 1:colcon.colcon_core.environment:checking '/home/mlemsalu/object_det_3D/objectdet_ws/install/gnss_pose_estimation_node/bin'
[0.788s] Level 1:colcon.colcon_core.environment:checking '/home/mlemsalu/object_det_3D/objectdet_ws/install/gnss_pose_estimation_node/lib/pkgconfig/gnss_pose_estimation_node.pc'
[0.788s] Level 1:colcon.colcon_core.environment:checking '/home/mlemsalu/object_det_3D/objectdet_ws/install/gnss_pose_estimation_node/lib/python3.8/site-packages'
[0.788s] Level 1:colcon.colcon_core.environment:checking '/home/mlemsalu/object_det_3D/objectdet_ws/install/gnss_pose_estimation_node/bin'
[0.789s] INFO:colcon.colcon_core.shell:Creating package script '/home/mlemsalu/object_det_3D/objectdet_ws/install/gnss_pose_estimation_node/share/gnss_pose_estimation_node/package.ps1'
[0.790s] INFO:colcon.colcon_core.shell:Creating package descriptor '/home/mlemsalu/object_det_3D/objectdet_ws/install/gnss_pose_estimation_node/share/gnss_pose_estimation_node/package.dsv'
[0.791s] INFO:colcon.colcon_core.shell:Creating package script '/home/mlemsalu/object_det_3D/objectdet_ws/install/gnss_pose_estimation_node/share/gnss_pose_estimation_node/package.sh'
[0.792s] INFO:colcon.colcon_core.shell:Creating package script '/home/mlemsalu/object_det_3D/objectdet_ws/install/gnss_pose_estimation_node/share/gnss_pose_estimation_node/package.bash'
[0.793s] INFO:colcon.colcon_core.shell:Creating package script '/home/mlemsalu/object_det_3D/objectdet_ws/install/gnss_pose_estimation_node/share/gnss_pose_estimation_node/package.zsh'
[0.794s] Level 1:colcon.colcon_core.environment:create_file_with_runtime_dependencies(/home/mlemsalu/object_det_3D/objectdet_ws/install/gnss_pose_estimation_node/share/colcon-core/packages/gnss_pose_estimation_node)
[0.826s] Level 1:colcon.colcon_core.environment:create_environment_scripts_only(gnss_pose_estimation_node)
[0.827s] Level 1:colcon.colcon_core.environment:checking '/home/mlemsalu/object_det_3D/objectdet_ws/install/gnss_pose_estimation_node' for CMake module files
[0.827s] Level 1:colcon.colcon_core.environment:checking '/home/mlemsalu/object_det_3D/objectdet_ws/install/gnss_pose_estimation_node' for CMake config files
[0.828s] Level 1:colcon.colcon_core.shell:create_environment_hook('gnss_pose_estimation_node', 'cmake_prefix_path')
[0.828s] INFO:colcon.colcon_core.shell:Creating environment hook '/home/mlemsalu/object_det_3D/objectdet_ws/install/gnss_pose_estimation_node/share/gnss_pose_estimation_node/hook/cmake_prefix_path.ps1'
[0.828s] INFO:colcon.colcon_core.shell:Creating environment descriptor '/home/mlemsalu/object_det_3D/objectdet_ws/install/gnss_pose_estimation_node/share/gnss_pose_estimation_node/hook/cmake_prefix_path.dsv'
[0.829s] INFO:colcon.colcon_core.shell:Creating environment hook '/home/mlemsalu/object_det_3D/objectdet_ws/install/gnss_pose_estimation_node/share/gnss_pose_estimation_node/hook/cmake_prefix_path.sh'
[0.829s] Level 1:colcon.colcon_core.environment:checking '/home/mlemsalu/object_det_3D/objectdet_ws/install/gnss_pose_estimation_node/lib'
[0.829s] Level 1:colcon.colcon_core.environment:checking '/home/mlemsalu/object_det_3D/objectdet_ws/install/gnss_pose_estimation_node/bin'
[0.830s] Level 1:colcon.colcon_core.environment:checking '/home/mlemsalu/object_det_3D/objectdet_ws/install/gnss_pose_estimation_node/lib/pkgconfig/gnss_pose_estimation_node.pc'
[0.830s] Level 1:colcon.colcon_core.environment:checking '/home/mlemsalu/object_det_3D/objectdet_ws/install/gnss_pose_estimation_node/lib/python3.8/site-packages'
[0.831s] Level 1:colcon.colcon_core.environment:checking '/home/mlemsalu/object_det_3D/objectdet_ws/install/gnss_pose_estimation_node/bin'
[0.831s] INFO:colcon.colcon_core.shell:Creating package script '/home/mlemsalu/object_det_3D/objectdet_ws/install/gnss_pose_estimation_node/share/gnss_pose_estimation_node/package.ps1'
[0.831s] INFO:colcon.colcon_core.shell:Creating package descriptor '/home/mlemsalu/object_det_3D/objectdet_ws/install/gnss_pose_estimation_node/share/gnss_pose_estimation_node/package.dsv'
[0.832s] INFO:colcon.colcon_core.shell:Creating package script '/home/mlemsalu/object_det_3D/objectdet_ws/install/gnss_pose_estimation_node/share/gnss_pose_estimation_node/package.sh'
[0.832s] INFO:colcon.colcon_core.shell:Creating package script '/home/mlemsalu/object_det_3D/objectdet_ws/install/gnss_pose_estimation_node/share/gnss_pose_estimation_node/package.bash'
[0.833s] INFO:colcon.colcon_core.shell:Creating package script '/home/mlemsalu/object_det_3D/objectdet_ws/install/gnss_pose_estimation_node/share/gnss_pose_estimation_node/package.zsh'
[0.833s] Level 1:colcon.colcon_core.environment:create_file_with_runtime_dependencies(/home/mlemsalu/object_det_3D/objectdet_ws/install/gnss_pose_estimation_node/share/colcon-core/packages/gnss_pose_estimation_node)
[18.968s] DEBUG:colcon.colcon_core.event_handler.log_command:Invoked command in '/home/mlemsalu/object_det_3D/objectdet_ws/build/merge_pointclouds' returned '0': CMAKE_PREFIX_PATH=/opt/ros/foxy /usr/bin/cmake --build /home/mlemsalu/object_det_3D/objectdet_ws/build/merge_pointclouds -- -j12 -l12
[18.991s] DEBUG:colcon.colcon_core.event_handler.log_command:Invoking command in '/home/mlemsalu/object_det_3D/objectdet_ws/build/merge_pointclouds': CMAKE_PREFIX_PATH=/opt/ros/foxy /usr/bin/cmake --install /home/mlemsalu/object_det_3D/objectdet_ws/build/merge_pointclouds
[19.003s] Level 1:colcon.colcon_core.environment:create_environment_scripts_only(merge_pointclouds)
[19.003s] DEBUG:colcon.colcon_core.event_handler.log_command:Invoked command in '/home/mlemsalu/object_det_3D/objectdet_ws/build/merge_pointclouds' returned '0': CMAKE_PREFIX_PATH=/opt/ros/foxy /usr/bin/cmake --install /home/mlemsalu/object_det_3D/objectdet_ws/build/merge_pointclouds
[19.004s] Level 1:colcon.colcon_core.environment:checking '/home/mlemsalu/object_det_3D/objectdet_ws/install/merge_pointclouds' for CMake module files
[19.004s] Level 1:colcon.colcon_core.environment:checking '/home/mlemsalu/object_det_3D/objectdet_ws/install/merge_pointclouds' for CMake config files
[19.005s] Level 1:colcon.colcon_core.shell:create_environment_hook('merge_pointclouds', 'cmake_prefix_path')
[19.005s] INFO:colcon.colcon_core.shell:Creating environment hook '/home/mlemsalu/object_det_3D/objectdet_ws/install/merge_pointclouds/share/merge_pointclouds/hook/cmake_prefix_path.ps1'
[19.005s] INFO:colcon.colcon_core.shell:Creating environment descriptor '/home/mlemsalu/object_det_3D/objectdet_ws/install/merge_pointclouds/share/merge_pointclouds/hook/cmake_prefix_path.dsv'
[19.006s] INFO:colcon.colcon_core.shell:Creating environment hook '/home/mlemsalu/object_det_3D/objectdet_ws/install/merge_pointclouds/share/merge_pointclouds/hook/cmake_prefix_path.sh'
[19.006s] Level 1:colcon.colcon_core.environment:checking '/home/mlemsalu/object_det_3D/objectdet_ws/install/merge_pointclouds/lib'
[19.006s] Level 1:colcon.colcon_core.environment:checking '/home/mlemsalu/object_det_3D/objectdet_ws/install/merge_pointclouds/bin'
[19.006s] Level 1:colcon.colcon_core.environment:checking '/home/mlemsalu/object_det_3D/objectdet_ws/install/merge_pointclouds/lib/pkgconfig/merge_pointclouds.pc'
[19.006s] Level 1:colcon.colcon_core.environment:checking '/home/mlemsalu/object_det_3D/objectdet_ws/install/merge_pointclouds/lib/python3.8/site-packages'
[19.007s] Level 1:colcon.colcon_core.environment:checking '/home/mlemsalu/object_det_3D/objectdet_ws/install/merge_pointclouds/bin'
[19.007s] INFO:colcon.colcon_core.shell:Creating package script '/home/mlemsalu/object_det_3D/objectdet_ws/install/merge_pointclouds/share/merge_pointclouds/package.ps1'
[19.007s] INFO:colcon.colcon_core.shell:Creating package descriptor '/home/mlemsalu/object_det_3D/objectdet_ws/install/merge_pointclouds/share/merge_pointclouds/package.dsv'
[19.007s] INFO:colcon.colcon_core.shell:Creating package script '/home/mlemsalu/object_det_3D/objectdet_ws/install/merge_pointclouds/share/merge_pointclouds/package.sh'
[19.008s] INFO:colcon.colcon_core.shell:Creating package script '/home/mlemsalu/object_det_3D/objectdet_ws/install/merge_pointclouds/share/merge_pointclouds/package.bash'
[19.008s] INFO:colcon.colcon_core.shell:Creating package script '/home/mlemsalu/object_det_3D/objectdet_ws/install/merge_pointclouds/share/merge_pointclouds/package.zsh'
[19.008s] Level 1:colcon.colcon_core.environment:create_file_with_runtime_dependencies(/home/mlemsalu/object_det_3D/objectdet_ws/install/merge_pointclouds/share/colcon-core/packages/merge_pointclouds)
[19.033s] Level 1:colcon.colcon_core.environment:create_environment_scripts_only(merge_pointclouds)
[19.033s] Level 1:colcon.colcon_core.environment:checking '/home/mlemsalu/object_det_3D/objectdet_ws/install/merge_pointclouds' for CMake module files
[19.034s] Level 1:colcon.colcon_core.environment:checking '/home/mlemsalu/object_det_3D/objectdet_ws/install/merge_pointclouds' for CMake config files
[19.034s] Level 1:colcon.colcon_core.shell:create_environment_hook('merge_pointclouds', 'cmake_prefix_path')
[19.034s] INFO:colcon.colcon_core.shell:Creating environment hook '/home/mlemsalu/object_det_3D/objectdet_ws/install/merge_pointclouds/share/merge_pointclouds/hook/cmake_prefix_path.ps1'
[19.034s] INFO:colcon.colcon_core.shell:Creating environment descriptor '/home/mlemsalu/object_det_3D/objectdet_ws/install/merge_pointclouds/share/merge_pointclouds/hook/cmake_prefix_path.dsv'
[19.035s] INFO:colcon.colcon_core.shell:Creating environment hook '/home/mlemsalu/object_det_3D/objectdet_ws/install/merge_pointclouds/share/merge_pointclouds/hook/cmake_prefix_path.sh'
[19.035s] Level 1:colcon.colcon_core.environment:checking '/home/mlemsalu/object_det_3D/objectdet_ws/install/merge_pointclouds/lib'
[19.035s] Level 1:colcon.colcon_core.environment:checking '/home/mlemsalu/object_det_3D/objectdet_ws/install/merge_pointclouds/bin'
[19.035s] Level 1:colcon.colcon_core.environment:checking '/home/mlemsalu/object_det_3D/objectdet_ws/install/merge_pointclouds/lib/pkgconfig/merge_pointclouds.pc'
[19.036s] Level 1:colcon.colcon_core.environment:checking '/home/mlemsalu/object_det_3D/objectdet_ws/install/merge_pointclouds/lib/python3.8/site-packages'
[19.036s] Level 1:colcon.colcon_core.environment:checking '/home/mlemsalu/object_det_3D/objectdet_ws/install/merge_pointclouds/bin'
[19.036s] INFO:colcon.colcon_core.shell:Creating package script '/home/mlemsalu/object_det_3D/objectdet_ws/install/merge_pointclouds/share/merge_pointclouds/package.ps1'
[19.036s] INFO:colcon.colcon_core.shell:Creating package descriptor '/home/mlemsalu/object_det_3D/objectdet_ws/install/merge_pointclouds/share/merge_pointclouds/package.dsv'
[19.037s] INFO:colcon.colcon_core.shell:Creating package script '/home/mlemsalu/object_det_3D/objectdet_ws/install/merge_pointclouds/share/merge_pointclouds/package.sh'
[19.037s] INFO:colcon.colcon_core.shell:Creating package script '/home/mlemsalu/object_det_3D/objectdet_ws/install/merge_pointclouds/share/merge_pointclouds/package.bash'
[19.037s] INFO:colcon.colcon_core.shell:Creating package script '/home/mlemsalu/object_det_3D/objectdet_ws/install/merge_pointclouds/share/merge_pointclouds/package.zsh'
[19.038s] Level 1:colcon.colcon_core.environment:create_file_with_runtime_dependencies(/home/mlemsalu/object_det_3D/objectdet_ws/install/merge_pointclouds/share/colcon-core/packages/merge_pointclouds)
[19.038s] DEBUG:colcon.colcon_parallel_executor.executor.parallel:closing loop
[19.039s] DEBUG:colcon.colcon_parallel_executor.executor.parallel:loop closed
[19.039s] DEBUG:colcon.colcon_parallel_executor.executor.parallel:run_until_complete finished with '0'
[19.039s] DEBUG:colcon.colcon_core.event_reactor:joining thread
[19.046s] INFO:colcon.colcon_core.plugin_system:Skipping extension 'colcon_notification.desktop_notification.terminal_notifier': Not used on non-Darwin systems
[19.046s] INFO:colcon.colcon_core.plugin_system:Skipping extension 'colcon_notification.desktop_notification.win32': Not used on non-Windows systems
[19.046s] INFO:colcon.colcon_notification.desktop_notification:Sending desktop notification using 'notify2'
[19.071s] DEBUG:colcon.colcon_core.event_reactor:joined thread
[19.072s] INFO:colcon.colcon_core.shell:Creating prefix script '/home/mlemsalu/object_det_3D/objectdet_ws/install/local_setup.ps1'
[19.073s] INFO:colcon.colcon_core.shell:Creating prefix util module '/home/mlemsalu/object_det_3D/objectdet_ws/install/_local_setup_util_ps1.py'
[19.074s] INFO:colcon.colcon_core.shell:Creating prefix chain script '/home/mlemsalu/object_det_3D/objectdet_ws/install/setup.ps1'
[19.075s] INFO:colcon.colcon_core.shell:Creating prefix script '/home/mlemsalu/object_det_3D/objectdet_ws/install/local_setup.sh'
[19.075s] INFO:colcon.colcon_core.shell:Creating prefix util module '/home/mlemsalu/object_det_3D/objectdet_ws/install/_local_setup_util_sh.py'
[19.076s] INFO:colcon.colcon_core.shell:Creating prefix chain script '/home/mlemsalu/object_det_3D/objectdet_ws/install/setup.sh'
[19.077s] INFO:colcon.colcon_core.shell:Creating prefix script '/home/mlemsalu/object_det_3D/objectdet_ws/install/local_setup.bash'
[19.077s] INFO:colcon.colcon_core.shell:Creating prefix chain script '/home/mlemsalu/object_det_3D/objectdet_ws/install/setup.bash'
[19.078s] INFO:colcon.colcon_core.shell:Creating prefix script '/home/mlemsalu/object_det_3D/objectdet_ws/install/local_setup.zsh'
[19.079s] INFO:colcon.colcon_core.shell:Creating prefix chain script '/home/mlemsalu/object_det_3D/objectdet_ws/install/setup.zsh'
