[0.012s] Invoking command in '/home/mlemsalu/object_det_3D/objectdet_ws/build/merge_pointclouds': CMAKE_PREFIX_PATH=${CMAKE_PREFIX_PATH}:/home/mlemsalu/walker_ws/install/ros2bag_to_files:/home/mlemsalu/walker_ws/install/message_sync_python_lidar2lidar:/home/mlemsalu/walker_ws/install/message_sync_python:/home/mlemsalu/walker_ws/install/ros2bag:/opt/ros/foxy /usr/bin/cmake --build /home/mlemsalu/object_det_3D/objectdet_ws/build/merge_pointclouds -- -j12 -l12
[0.041s] -- Found ament_cmake: 0.9.12 (/opt/ros/foxy/share/ament_cmake/cmake)
[0.061s] -- Using PYTHON_EXECUTABLE: /usr/bin/python3
[0.228s] -- Found rclcpp: 2.4.3 (/opt/ros/foxy/share/rclcpp/cmake)
[0.257s] -- Using all available rosidl_typesupport_c: rosidl_typesupport_fastrtps_c;rosidl_typesupport_introspection_c
[0.260s] -- Found rosidl_adapter: 1.3.1 (/opt/ros/foxy/share/rosidl_adapter/cmake)
[0.350s] -- Using all available rosidl_typesupport_cpp: rosidl_typesupport_fastrtps_cpp;rosidl_typesupport_introspection_cpp
[0.392s] -- Found rmw_implementation_cmake: 1.0.4 (/opt/ros/foxy/share/rmw_implementation_cmake/cmake)
[0.394s] -- Using RMW implementation 'rmw_fastrtps_cpp' as default
[0.513s] -- Found custom_msgs: 0.0.0 (/home/mlemsalu/walker_ws/install/custom_msgs/share/custom_msgs/cmake)
[0.816s] -- Found tf2_ros: 0.13.14 (/opt/ros/foxy/share/tf2_ros/cmake)
[1.103s] -- Eigen found (include: /usr/include/eigen3, version: 3.3.7)
[1.118s] -- OpenNI found (include: /usr/include/ni, lib: /usr/lib/libOpenNI.so)
[1.123s] -- OpenNI2 found (include: /usr/include/openni2, lib: /usr/lib/libOpenNI2.so)
[1.124s] ** WARNING ** io features related to pcap will be disabled
[1.124s] ** WARNING ** io features related to png will be disabled
[1.171s] -- The imported target "vtkParseOGLExt" references the file
[1.171s]    "/usr/bin/vtkParseOGLExt-7.1"
[1.171s] but this file does not exist.  Possible reasons include:
[1.171s] * The file was deleted, renamed, or moved to another location.
[1.171s] * An install or uninstall procedure did not complete successfully.
[1.171s] * The installation package was faulty and contained
[1.171s]    "/usr/lib/cmake/vtk-7.1/VTKTargets.cmake"
[1.171s] but not all the files it references.
[1.171s] 
[1.172s] -- The imported target "vtkRenderingPythonTkWidgets" references the file
[1.172s]    "/usr/lib/x86_64-linux-gnu/libvtkRenderingPythonTkWidgets.so"
[1.172s] but this file does not exist.  Possible reasons include:
[1.172s] * The file was deleted, renamed, or moved to another location.
[1.172s] * An install or uninstall procedure did not complete successfully.
[1.172s] * The installation package was faulty and contained
[1.172s]    "/usr/lib/cmake/vtk-7.1/VTKTargets.cmake"
[1.172s] but not all the files it references.
[1.172s] 
[1.172s] -- The imported target "vtk" references the file
[1.172s]    "/usr/bin/vtk"
[1.172s] but this file does not exist.  Possible reasons include:
[1.173s] * The file was deleted, renamed, or moved to another location.
[1.173s] * An install or uninstall procedure did not complete successfully.
[1.173s] * The installation package was faulty and contained
[1.173s]    "/usr/lib/cmake/vtk-7.1/VTKTargets.cmake"
[1.173s] but not all the files it references.
[1.173s] 
[1.173s] -- The imported target "pvtk" references the file
[1.173s]    "/usr/bin/pvtk"
[1.173s] but this file does not exist.  Possible reasons include:
[1.173s] * The file was deleted, renamed, or moved to another location.
[1.173s] * An install or uninstall procedure did not complete successfully.
[1.173s] * The installation package was faulty and contained
[1.173s]    "/usr/lib/cmake/vtk-7.1/VTKTargets.cmake"
[1.173s] but not all the files it references.
[1.173s] 
[1.195s] ** WARNING ** io features related to libusb-1.0 will be disabled
[1.195s] -- looking for PCL_COMMON
[1.195s] -- looking for PCL_OCTREE
[1.196s] -- looking for PCL_IO
[1.197s] -- Found pcl_conversions: 2.2.1 (/opt/ros/foxy/share/pcl_conversions/cmake)
[1.341s] -- Found pcl_ros: 2.2.1 (/opt/ros/foxy/share/pcl_ros/cmake)
[1.415s] -- Found eigen3_cmake_module: 0.1.1 (/opt/ros/foxy/share/eigen3_cmake_module/cmake)
[1.652s] -- Found ament_lint_auto: 0.9.8 (/opt/ros/foxy/share/ament_lint_auto/cmake)
[1.705s] -- Added test 'copyright' to check source files copyright and LICENSE
[1.706s] -- Added test 'cppcheck' to perform static code analysis on C / C++ code
[1.706s] -- Configured cppcheck include dirs: $<BUILD_INTERFACE:/home/mlemsalu/object_det_3D/objectdet_ws/src/merge_pointclouds/include>
[1.706s] -- Configured cppcheck exclude dirs and/or files: 
[1.707s] -- Added test 'cpplint' to check C / C++ code against the Google style
[1.707s] -- Configured cpplint exclude dirs and/or files: 
[1.707s] -- Added test 'lint_cmake' to check CMake code style
[1.708s] -- Added test 'uncrustify' to check C / C++ code style
[1.708s] -- Configured uncrustify additional arguments: 
[1.708s] -- Added test 'xmllint' to check XML markup files
[1.711s] -- Configuring done
[1.716s] CMake Error at CMakeLists.txt:31 (add_executable):
[1.716s]   Target "merge_pointclouds_node" links to target "FLANN::FLANN" but the
[1.716s]   target was not found.  Perhaps a find_package() call is missing for an
[1.717s]   IMPORTED target, or an ALIAS target is missing?
[1.717s] 
[1.717s] 
[1.751s] -- Generating done
[1.752s] CMake Generate step failed.  Build files cannot be regenerated correctly.
[1.759s] make: *** [Makefile:266: cmake_check_build_system] Error 1
[1.761s] Invoked command in '/home/mlemsalu/object_det_3D/objectdet_ws/build/merge_pointclouds' returned '2': CMAKE_PREFIX_PATH=${CMAKE_PREFIX_PATH}:/home/mlemsalu/walker_ws/install/ros2bag_to_files:/home/mlemsalu/walker_ws/install/message_sync_python_lidar2lidar:/home/mlemsalu/walker_ws/install/message_sync_python:/home/mlemsalu/walker_ws/install/ros2bag:/opt/ros/foxy /usr/bin/cmake --build /home/mlemsalu/object_det_3D/objectdet_ws/build/merge_pointclouds -- -j12 -l12
