[0.015s] Invoking command in '/home/mlemsalu/object_det_3D/objectdet_ws/build/merge_pointclouds': CMAKE_PREFIX_PATH=/opt/ros/foxy /usr/bin/cmake --build /home/mlemsalu/object_det_3D/objectdet_ws/build/merge_pointclouds -- -j12 -l12
[0.043s] -- Found ament_cmake: 0.9.12 (/opt/ros/foxy/share/ament_cmake/cmake)
[0.071s] -- Using PYTHON_EXECUTABLE: /usr/bin/python3
[0.246s] -- Found rclcpp: 2.4.3 (/opt/ros/foxy/share/rclcpp/cmake)
[0.282s] -- Using all available rosidl_typesupport_c: rosidl_typesupport_fastrtps_c;rosidl_typesupport_introspection_c
[0.286s] -- Found rosidl_adapter: 1.3.1 (/opt/ros/foxy/share/rosidl_adapter/cmake)
[0.376s] -- Using all available rosidl_typesupport_cpp: rosidl_typesupport_fastrtps_cpp;rosidl_typesupport_introspection_cpp
[0.426s] -- Found rmw_implementation_cmake: 1.0.4 (/opt/ros/foxy/share/rmw_implementation_cmake/cmake)
[0.427s] -- Using RMW implementation 'rmw_fastrtps_cpp' as default
[0.561s] -- Found custom_msgs: 0.0.0 (/home/mlemsalu/walker_ws/install/custom_msgs/share/custom_msgs/cmake)
[0.898s] -- Found tf2_ros: 0.13.14 (/opt/ros/foxy/share/tf2_ros/cmake)
[1.210s] -- Found tf2_eigen: 0.13.14 (/opt/ros/foxy/share/tf2_eigen/cmake)
[1.223s] -- Eigen found (include: /usr/include/eigen3, version: 3.3.7)
[1.239s] -- OpenNI found (include: /usr/include/ni, lib: /usr/lib/libOpenNI.so)
[1.244s] -- OpenNI2 found (include: /usr/include/openni2, lib: /usr/lib/libOpenNI2.so)
[1.244s] ** WARNING ** io features related to pcap will be disabled
[1.244s] ** WARNING ** io features related to png will be disabled
[1.296s] -- The imported target "vtkParseOGLExt" references the file
[1.296s]    "/usr/bin/vtkParseOGLExt-7.1"
[1.296s] but this file does not exist.  Possible reasons include:
[1.296s] * The file was deleted, renamed, or moved to another location.
[1.296s] * An install or uninstall procedure did not complete successfully.
[1.296s] * The installation package was faulty and contained
[1.296s]    "/usr/lib/cmake/vtk-7.1/VTKTargets.cmake"
[1.296s] but not all the files it references.
[1.296s] 
[1.296s] -- The imported target "vtkRenderingPythonTkWidgets" references the file
[1.296s]    "/usr/lib/x86_64-linux-gnu/libvtkRenderingPythonTkWidgets.so"
[1.297s] but this file does not exist.  Possible reasons include:
[1.297s] * The file was deleted, renamed, or moved to another location.
[1.297s] * An install or uninstall procedure did not complete successfully.
[1.297s] * The installation package was faulty and contained
[1.297s]    "/usr/lib/cmake/vtk-7.1/VTKTargets.cmake"
[1.297s] but not all the files it references.
[1.297s] 
[1.297s] -- The imported target "vtk" references the file
[1.297s]    "/usr/bin/vtk"
[1.297s] but this file does not exist.  Possible reasons include:
[1.297s] * The file was deleted, renamed, or moved to another location.
[1.297s] * An install or uninstall procedure did not complete successfully.
[1.297s] * The installation package was faulty and contained
[1.298s]    "/usr/lib/cmake/vtk-7.1/VTKTargets.cmake"
[1.298s] but not all the files it references.
[1.298s] 
[1.298s] -- The imported target "pvtk" references the file
[1.298s]    "/usr/bin/pvtk"
[1.298s] but this file does not exist.  Possible reasons include:
[1.298s] * The file was deleted, renamed, or moved to another location.
[1.298s] * An install or uninstall procedure did not complete successfully.
[1.298s] * The installation package was faulty and contained
[1.298s]    "/usr/lib/cmake/vtk-7.1/VTKTargets.cmake"
[1.298s] but not all the files it references.
[1.298s] 
[1.316s] ** WARNING ** io features related to libusb-1.0 will be disabled
[1.327s] -- looking for PCL_COMMON
[1.328s] -- looking for PCL_OCTREE
[1.328s] -- looking for PCL_IO
[1.329s] -- looking for PCL_KDTREE
[1.330s] -- Found PCL_KDTREE: /usr/lib/x86_64-linux-gnu/libpcl_kdtree.so  
[1.330s] -- looking for PCL_SEARCH
[1.331s] -- Found PCL_SEARCH: /usr/lib/x86_64-linux-gnu/libpcl_search.so  
[1.331s] -- looking for PCL_SAMPLE_CONSENSUS
[1.332s] -- Found PCL_SAMPLE_CONSENSUS: /usr/lib/x86_64-linux-gnu/libpcl_sample_consensus.so  
[1.332s] -- looking for PCL_FILTERS
[1.333s] -- Found PCL_FILTERS: /usr/lib/x86_64-linux-gnu/libpcl_filters.so  
[1.334s] -- Found PCL: pcl_common;pcl_octree;pcl_io;pcl_kdtree;pcl_search;pcl_sample_consensus;pcl_filters;/usr/lib/x86_64-linux-gnu/libboost_system.so;/usr/lib/x86_64-linux-gnu/libboost_filesystem.so;/usr/lib/x86_64-linux-gnu/libboost_date_time.so;/usr/lib/x86_64-linux-gnu/libboost_iostreams.so;/usr/lib/x86_64-linux-gnu/libboost_regex.so;/usr/lib/libOpenNI.so;/usr/lib/libOpenNI2.so;vtkChartsCore;vtkCommonColor;vtkCommonCore;vtksys;vtkCommonDataModel;vtkCommonMath;vtkCommonMisc;vtkCommonSystem;vtkCommonTransforms;vtkCommonExecutionModel;vtkFiltersGeneral;vtkCommonComputationalGeometry;vtkFiltersCore;vtkInfovisCore;vtkFiltersExtraction;vtkFiltersStatistics;vtkImagingFourier;vtkImagingCore;vtkalglib;vtkRenderingContext2D;vtkRenderingCore;vtkFiltersGeometry;vtkFiltersSources;vtkRenderingFreeType;/usr/lib/x86_64-linux-gnu/libfreetype.so;/usr/lib/x86_64-linux-gnu/libz.so;vtkFiltersModeling;vtkImagingSources;vtkInteractionStyle;vtkInteractionWidgets;vtkFiltersHybrid;vtkImagingColor;vtkImagingGeneral;vtkImagingHybrid;vtkIOImage;vtkDICOMParser;vtkmetaio;/usr/lib/x86_64-linux-gnu/libjpeg.so;/usr/lib/x86_64-linux-gnu/libpng.so;/usr/lib/x86_64-linux-gnu/libtiff.so;vtkRenderingAnnotation;vtkRenderingVolume;vtkIOXML;vtkIOCore;vtkIOXMLParser;/usr/lib/x86_64-linux-gnu/libexpat.so;vtkIOGeometry;vtkIOLegacy;vtkIOPLY;vtkRenderingLOD;vtkViewsContext2D;vtkViewsCore;vtkRenderingContextOpenGL2;vtkRenderingOpenGL2;FLANN::FLANN  
[1.335s] -- Found pcl_conversions: 2.2.1 (/opt/ros/foxy/share/pcl_conversions/cmake)
[1.545s] -- Found ament_lint_auto: 0.9.8 (/opt/ros/foxy/share/ament_lint_auto/cmake)
[1.603s] -- Added test 'copyright' to check source files copyright and LICENSE
[1.604s] -- Added test 'cppcheck' to perform static code analysis on C / C++ code
[1.604s] -- Configured cppcheck include dirs: $<BUILD_INTERFACE:/home/mlemsalu/object_det_3D/objectdet_ws/src/merge_pointclouds/include>
[1.604s] -- Configured cppcheck exclude dirs and/or files: 
[1.605s] -- Added test 'cpplint' to check C / C++ code against the Google style
[1.605s] -- Configured cpplint exclude dirs and/or files: 
[1.606s] -- Added test 'lint_cmake' to check CMake code style
[1.607s] -- Added test 'uncrustify' to check C / C++ code style
[1.607s] -- Configured uncrustify additional arguments: 
[1.607s] -- Added test 'xmllint' to check XML markup files
[1.610s] -- Configuring done
[1.641s] -- Generating done
[1.642s] -- Build files have been written to: /home/mlemsalu/object_det_3D/objectdet_ws/build/merge_pointclouds
[1.691s] [ 50%] [32m[1mLinking CXX executable merge_pointclouds_node[0m
[1.842s] /usr/bin/ld: CMakeFiles/merge_pointclouds_node.dir/src/merge_pointclouds_node.cpp.o:(.data.rel.ro._ZTVN3pcl20ApproximateVoxelGridINS_8PointXYZEEE[_ZTVN3pcl20ApproximateVoxelGridINS_8PointXYZEEE]+0x48): undefined reference to `pcl::ApproximateVoxelGrid<pcl::PointXYZ>::applyFilter(pcl::PointCloud<pcl::PointXYZ>&)'
[1.844s] collect2: error: ld returned 1 exit status
[1.846s] make[2]: *** [CMakeFiles/merge_pointclouds_node.dir/build.make:232: merge_pointclouds_node] Error 1
[1.846s] make[1]: *** [CMakeFiles/Makefile2:78: CMakeFiles/merge_pointclouds_node.dir/all] Error 2
[1.846s] make: *** [Makefile:141: all] Error 2
[1.849s] Invoked command in '/home/mlemsalu/object_det_3D/objectdet_ws/build/merge_pointclouds' returned '2': CMAKE_PREFIX_PATH=/opt/ros/foxy /usr/bin/cmake --build /home/mlemsalu/object_det_3D/objectdet_ws/build/merge_pointclouds -- -j12 -l12
