[0.012s] Invoking command in '/home/mlemsalu/object_det_3D/objectdet_ws/build/merge_pointclouds': CMAKE_PREFIX_PATH=${CMAKE_PREFIX_PATH}:/home/mlemsalu/walker_ws/install/ros2bag_to_files:/home/mlemsalu/walker_ws/install/message_sync_python_lidar2lidar:/home/mlemsalu/walker_ws/install/message_sync_python:/home/mlemsalu/walker_ws/install/ros2bag:/opt/ros/foxy /usr/bin/cmake --build /home/mlemsalu/object_det_3D/objectdet_ws/build/merge_pointclouds -- -j12 -l12
[0.062s] [35m[1mScanning dependencies of target merge_pointclouds_node[0m
[0.108s] [ 50%] [32mBuilding CXX object CMakeFiles/merge_pointclouds_node.dir/src/merge_pointclouds_node.cpp.o[0m
[4.263s] [01m[K/home/mlemsalu/object_det_3D/objectdet_ws/src/merge_pointclouds/src/merge_pointclouds_node.cpp:[m[K In member function ‘[01m[Kvoid MergePcNode::pointCloud2Callback(sensor_msgs::msg::PointCloud2_<std::allocator<void> >::SharedPtr)[m[K’:
[4.263s] [01m[K/home/mlemsalu/object_det_3D/objectdet_ws/src/merge_pointclouds/src/merge_pointclouds_node.cpp:60:87:[m[K [01;31m[Kerror: [m[Kno matching function for call to ‘[01m[KtransformPointCloud(pcl::PointCloud<pcl::PointXYZ>&, pcl::PointCloud<pcl::PointXYZ>&, geometry_msgs::msg::TransformStamped_<std::allocator<void> >::_transform_type&)[m[K’
[4.263s]    60 |             pcl_ros::transformPointCloud(*pc2_, *pc2_transformed_, transform.transform[01;31m[K)[m[K;
[4.263s]       |                                                                                       [01;31m[K^[m[K
[4.263s] In file included from [01m[K/home/mlemsalu/object_det_3D/objectdet_ws/src/merge_pointclouds/src/merge_pointclouds_node.cpp:10[m[K:
[4.263s] [01m[K/opt/ros/foxy/include/pcl_ros/transforms.hpp:118:1:[m[K [01;36m[Knote: [m[Kcandidate: ‘[01m[Ktemplate<class PointT> void pcl_ros::transformPointCloud(const pcl::PointCloud<PointT>&, pcl::PointCloud<PointT>&, const tf2::Transform&)[m[K’
[4.263s]   118 | [01;36m[KtransformPointCloud[m[K(
[4.263s]       | [01;36m[K^~~~~~~~~~~~~~~~~~~[m[K
[4.264s] [01m[K/opt/ros/foxy/include/pcl_ros/transforms.hpp:118:1:[m[K [01;36m[Knote: [m[K  template argument deduction/substitution failed:
[4.264s] [01m[K/home/mlemsalu/object_det_3D/objectdet_ws/src/merge_pointclouds/src/merge_pointclouds_node.cpp:60:78:[m[K [01;36m[Knote: [m[K  cannot convert ‘[01m[Ktransform.geometry_msgs::msg::TransformStamped_<std::allocator<void> >::transform[m[K’ (type ‘[01m[Kgeometry_msgs::msg::TransformStamped_<std::allocator<void> >::_transform_type[m[K’ {aka ‘[01m[Kgeometry_msgs::msg::Transform_<std::allocator<void> >[m[K’}) to type ‘[01m[Kconst tf2::Transform&[m[K’
[4.264s]    60 |             pcl_ros::transformPointCloud(*pc2_, *pc2_transformed_, [01;36m[Ktransform.transform[m[K);
[4.264s]       |                                                                    [01;36m[K~~~~~~~~~~^~~~~~~~~[m[K
[4.264s] In file included from [01m[K/home/mlemsalu/object_det_3D/objectdet_ws/src/merge_pointclouds/src/merge_pointclouds_node.cpp:10[m[K:
[4.264s] [01m[K/opt/ros/foxy/include/pcl_ros/transforms.hpp:131:1:[m[K [01;36m[Knote: [m[Kcandidate: ‘[01m[Ktemplate<class PointT> void pcl_ros::transformPointCloud(const pcl::PointCloud<PointT>&, pcl::PointCloud<PointT>&, const TransformStamped&)[m[K’
[4.264s]   131 | [01;36m[KtransformPointCloud[m[K(
[4.264s]       | [01;36m[K^~~~~~~~~~~~~~~~~~~[m[K
[4.264s] [01m[K/opt/ros/foxy/include/pcl_ros/transforms.hpp:131:1:[m[K [01;36m[Knote: [m[K  template argument deduction/substitution failed:
[4.264s] [01m[K/home/mlemsalu/object_det_3D/objectdet_ws/src/merge_pointclouds/src/merge_pointclouds_node.cpp:60:78:[m[K [01;36m[Knote: [m[K  cannot convert ‘[01m[Ktransform.geometry_msgs::msg::TransformStamped_<std::allocator<void> >::transform[m[K’ (type ‘[01m[Kgeometry_msgs::msg::TransformStamped_<std::allocator<void> >::_transform_type[m[K’ {aka ‘[01m[Kgeometry_msgs::msg::Transform_<std::allocator<void> >[m[K’}) to type ‘[01m[Kconst TransformStamped&[m[K’ {aka ‘[01m[Kconst geometry_msgs::msg::TransformStamped_<std::allocator<void> >&[m[K’}
[4.264s]    60 |             pcl_ros::transformPointCloud(*pc2_, *pc2_transformed_, [01;36m[Ktransform.transform[m[K);
[4.264s]       |                                                                    [01;36m[K~~~~~~~~~~^~~~~~~~~[m[K
[4.264s] In file included from [01m[K/home/mlemsalu/object_det_3D/objectdet_ws/src/merge_pointclouds/src/merge_pointclouds_node.cpp:10[m[K:
[4.264s] [01m[K/opt/ros/foxy/include/pcl_ros/transforms.hpp:144:1:[m[K [01;36m[Knote: [m[Kcandidate: ‘[01m[Ktemplate<class PointT> bool pcl_ros::transformPointCloud(const string&, const pcl::PointCloud<PointT>&, pcl::PointCloud<PointT>&, const tf2_ros::Buffer&)[m[K’
[4.264s]   144 | [01;36m[KtransformPointCloud[m[K(
[4.264s]       | [01;36m[K^~~~~~~~~~~~~~~~~~~[m[K
[4.264s] [01m[K/opt/ros/foxy/include/pcl_ros/transforms.hpp:144:1:[m[K [01;36m[Knote: [m[K  template argument deduction/substitution failed:
[4.264s] [01m[K/home/mlemsalu/object_det_3D/objectdet_ws/src/merge_pointclouds/src/merge_pointclouds_node.cpp:60:87:[m[K [01;36m[Knote: [m[K  ‘[01m[Kgeometry_msgs::msg::TransformStamped_<std::allocator<void> >::_transform_type[m[K’ {aka ‘[01m[Kgeometry_msgs::msg::Transform_<std::allocator<void> >[m[K’} is not derived from ‘[01m[Kpcl::PointCloud<PointT>[m[K’
[4.264s]    60 |             pcl_ros::transformPointCloud(*pc2_, *pc2_transformed_, transform.transform[01;36m[K)[m[K;
[4.264s]       |                                                                                       [01;36m[K^[m[K
[4.265s] In file included from [01m[K/home/mlemsalu/object_det_3D/objectdet_ws/src/merge_pointclouds/src/merge_pointclouds_node.cpp:10[m[K:
[4.265s] [01m[K/opt/ros/foxy/include/pcl_ros/transforms.hpp:160:1:[m[K [01;36m[Knote: [m[Kcandidate: ‘[01m[Ktemplate<class PointT> bool pcl_ros::transformPointCloud(const string&, const rclcpp::Time&, const pcl::PointCloud<PointT>&, const string&, pcl::PointCloud<PointT>&, const tf2_ros::Buffer&)[m[K’
[4.265s]   160 | [01;36m[KtransformPointCloud[m[K(
[4.265s]       | [01;36m[K^~~~~~~~~~~~~~~~~~~[m[K
[4.265s] [01m[K/opt/ros/foxy/include/pcl_ros/transforms.hpp:160:1:[m[K [01;36m[Knote: [m[K  template argument deduction/substitution failed:
[4.265s] [01m[K/home/mlemsalu/object_det_3D/objectdet_ws/src/merge_pointclouds/src/merge_pointclouds_node.cpp:60:87:[m[K [01;36m[Knote: [m[K  ‘[01m[Kgeometry_msgs::msg::TransformStamped_<std::allocator<void> >::_transform_type[m[K’ {aka ‘[01m[Kgeometry_msgs::msg::Transform_<std::allocator<void> >[m[K’} is not derived from ‘[01m[Kconst pcl::PointCloud<PointT>[m[K’
[4.265s]    60 |             pcl_ros::transformPointCloud(*pc2_, *pc2_transformed_, transform.transform[01;36m[K)[m[K;
[4.265s]       |                                                                                       [01;36m[K^[m[K
[4.265s] In file included from [01m[K/home/mlemsalu/object_det_3D/objectdet_ws/src/merge_pointclouds/src/merge_pointclouds_node.cpp:10[m[K:
[4.265s] [01m[K/opt/ros/foxy/include/pcl_ros/transforms.hpp:175:1:[m[K [01;36m[Knote: [m[Kcandidate: ‘[01m[Kbool pcl_ros::transformPointCloud(const string&, const PointCloud2&, sensor_msgs::msg::PointCloud2&, const tf2_ros::Buffer&)[m[K’
[4.265s]   175 | [01;36m[KtransformPointCloud[m[K(
[4.265s]       | [01;36m[K^~~~~~~~~~~~~~~~~~~[m[K
[4.265s] [01m[K/opt/ros/foxy/include/pcl_ros/transforms.hpp:175:1:[m[K [01;36m[Knote: [m[K  candidate expects 4 arguments, 3 provided
[4.265s] [01m[K/opt/ros/foxy/include/pcl_ros/transforms.hpp:188:1:[m[K [01;36m[Knote: [m[Kcandidate: ‘[01m[Kvoid pcl_ros::transformPointCloud(const string&, const tf2::Transform&, const PointCloud2&, sensor_msgs::msg::PointCloud2&)[m[K’
[4.265s]   188 | [01;36m[KtransformPointCloud[m[K(
[4.265s]       | [01;36m[K^~~~~~~~~~~~~~~~~~~[m[K
[4.265s] [01m[K/opt/ros/foxy/include/pcl_ros/transforms.hpp:188:1:[m[K [01;36m[Knote: [m[K  candidate expects 4 arguments, 3 provided
[4.265s] [01m[K/opt/ros/foxy/include/pcl_ros/transforms.hpp:201:1:[m[K [01;36m[Knote: [m[Kcandidate: ‘[01m[Kvoid pcl_ros::transformPointCloud(const string&, const TransformStamped&, const PointCloud2&, sensor_msgs::msg::PointCloud2&)[m[K’
[4.265s]   201 | [01;36m[KtransformPointCloud[m[K(
[4.265s]       | [01;36m[K^~~~~~~~~~~~~~~~~~~[m[K
[4.265s] [01m[K/opt/ros/foxy/include/pcl_ros/transforms.hpp:201:1:[m[K [01;36m[Knote: [m[K  candidate expects 4 arguments, 3 provided
[4.266s] [01m[K/opt/ros/foxy/include/pcl_ros/transforms.hpp:213:1:[m[K [01;36m[Knote: [m[Kcandidate: ‘[01m[Kvoid pcl_ros::transformPointCloud(const Matrix4f&, const PointCloud2&, sensor_msgs::msg::PointCloud2&)[m[K’
[4.266s]   213 | [01;36m[KtransformPointCloud[m[K(
[4.266s]       | [01;36m[K^~~~~~~~~~~~~~~~~~~[m[K
[4.266s] [01m[K/opt/ros/foxy/include/pcl_ros/transforms.hpp:214:27:[m[K [01;36m[Knote: [m[K  no known conversion for argument 1 from ‘[01m[Kpcl::PointCloud<pcl::PointXYZ>[m[K’ to ‘[01m[Kconst Matrix4f&[m[K’ {aka ‘[01m[Kconst Eigen::Matrix<float, 4, 4>&[m[K’}
[4.266s]   214 |   [01;36m[Kconst Eigen::Matrix4f & transform[m[K,
[4.266s]       |   [01;36m[K~~~~~~~~~~~~~~~~~~~~~~~~^~~~~~~~~[m[K
[7.935s] make[2]: *** [CMakeFiles/merge_pointclouds_node.dir/build.make:63: CMakeFiles/merge_pointclouds_node.dir/src/merge_pointclouds_node.cpp.o] Error 1
[7.936s] make[1]: *** [CMakeFiles/Makefile2:78: CMakeFiles/merge_pointclouds_node.dir/all] Error 2
[7.936s] make: *** [Makefile:141: all] Error 2
[7.938s] Invoked command in '/home/mlemsalu/object_det_3D/objectdet_ws/build/merge_pointclouds' returned '2': CMAKE_PREFIX_PATH=${CMAKE_PREFIX_PATH}:/home/mlemsalu/walker_ws/install/ros2bag_to_files:/home/mlemsalu/walker_ws/install/message_sync_python_lidar2lidar:/home/mlemsalu/walker_ws/install/message_sync_python:/home/mlemsalu/walker_ws/install/ros2bag:/opt/ros/foxy /usr/bin/cmake --build /home/mlemsalu/object_det_3D/objectdet_ws/build/merge_pointclouds -- -j12 -l12
