[0.011s] Invoking command in '/home/mlemsalu/object_det_3D/objectdet_ws/build/merge_pointclouds': CMAKE_PREFIX_PATH=${CMAKE_PREFIX_PATH}:/home/mlemsalu/walker_ws/install/ros2bag_to_files:/home/mlemsalu/walker_ws/install/message_sync_python_lidar2lidar:/home/mlemsalu/walker_ws/install/message_sync_python:/home/mlemsalu/walker_ws/install/ros2bag:/opt/ros/foxy /usr/bin/cmake /home/mlemsalu/object_det_3D/objectdet_ws/src/merge_pointclouds -DCMAKE_INSTALL_PREFIX=/home/mlemsalu/object_det_3D/objectdet_ws/install/merge_pointclouds
[0.028s] -- Found ament_cmake: 0.9.12 (/opt/ros/foxy/share/ament_cmake/cmake)
[0.048s] -- Using PYTHON_EXECUTABLE: /usr/bin/python3
[0.217s] -- Found rclcpp: 2.4.3 (/opt/ros/foxy/share/rclcpp/cmake)
[0.246s] -- Using all available rosidl_typesupport_c: rosidl_typesupport_fastrtps_c;rosidl_typesupport_introspection_c
[0.249s] -- Found rosidl_adapter: 1.3.1 (/opt/ros/foxy/share/rosidl_adapter/cmake)
[0.340s] -- Using all available rosidl_typesupport_cpp: rosidl_typesupport_fastrtps_cpp;rosidl_typesupport_introspection_cpp
[0.382s] -- Found rmw_implementation_cmake: 1.0.4 (/opt/ros/foxy/share/rmw_implementation_cmake/cmake)
[0.384s] -- Using RMW implementation 'rmw_fastrtps_cpp' as default
[0.506s] -- Found custom_msgs: 0.0.0 (/home/mlemsalu/walker_ws/install/custom_msgs/share/custom_msgs/cmake)
[0.816s] -- Found tf2_ros: 0.13.14 (/opt/ros/foxy/share/tf2_ros/cmake)
[1.106s] -- Eigen found (include: /usr/include/eigen3, version: 3.3.7)
[1.121s] -- OpenNI found (include: /usr/include/ni, lib: /usr/lib/libOpenNI.so)
[1.126s] -- OpenNI2 found (include: /usr/include/openni2, lib: /usr/lib/libOpenNI2.so)
[1.127s] ** WARNING ** io features related to pcap will be disabled
[1.127s] ** WARNING ** io features related to png will be disabled
[1.176s] -- The imported target "vtkParseOGLExt" references the file
[1.176s]    "/usr/bin/vtkParseOGLExt-7.1"
[1.176s] but this file does not exist.  Possible reasons include:
[1.176s] * The file was deleted, renamed, or moved to another location.
[1.176s] * An install or uninstall procedure did not complete successfully.
[1.176s] * The installation package was faulty and contained
[1.176s]    "/usr/lib/cmake/vtk-7.1/VTKTargets.cmake"
[1.176s] but not all the files it references.
[1.176s] 
[1.176s] -- The imported target "vtkRenderingPythonTkWidgets" references the file
[1.177s]    "/usr/lib/x86_64-linux-gnu/libvtkRenderingPythonTkWidgets.so"
[1.177s] but this file does not exist.  Possible reasons include:
[1.177s] * The file was deleted, renamed, or moved to another location.
[1.177s] * An install or uninstall procedure did not complete successfully.
[1.177s] * The installation package was faulty and contained
[1.177s]    "/usr/lib/cmake/vtk-7.1/VTKTargets.cmake"
[1.177s] but not all the files it references.
[1.177s] 
[1.177s] -- The imported target "vtk" references the file
[1.177s]    "/usr/bin/vtk"
[1.177s] but this file does not exist.  Possible reasons include:
[1.177s] * The file was deleted, renamed, or moved to another location.
[1.178s] * An install or uninstall procedure did not complete successfully.
[1.178s] * The installation package was faulty and contained
[1.178s]    "/usr/lib/cmake/vtk-7.1/VTKTargets.cmake"
[1.178s] but not all the files it references.
[1.178s] 
[1.178s] -- The imported target "pvtk" references the file
[1.178s]    "/usr/bin/pvtk"
[1.178s] but this file does not exist.  Possible reasons include:
[1.178s] * The file was deleted, renamed, or moved to another location.
[1.178s] * An install or uninstall procedure did not complete successfully.
[1.178s] * The installation package was faulty and contained
[1.178s]    "/usr/lib/cmake/vtk-7.1/VTKTargets.cmake"
[1.178s] but not all the files it references.
[1.178s] 
[1.191s] ** WARNING ** io features related to libusb-1.0 will be disabled
[1.191s] -- looking for PCL_COMMON
[1.191s] -- looking for PCL_OCTREE
[1.192s] -- looking for PCL_IO
[1.193s] -- Found pcl_conversions: 2.2.1 (/opt/ros/foxy/share/pcl_conversions/cmake)
[1.340s] -- Found pcl_ros: 2.2.1 (/opt/ros/foxy/share/pcl_ros/cmake)
[1.415s] -- Found eigen3_cmake_module: 0.1.1 (/opt/ros/foxy/share/eigen3_cmake_module/cmake)
[1.658s] -- Found ament_lint_auto: 0.9.8 (/opt/ros/foxy/share/ament_lint_auto/cmake)
[1.713s] -- Added test 'copyright' to check source files copyright and LICENSE
[1.714s] -- Added test 'cppcheck' to perform static code analysis on C / C++ code
[1.715s] -- Configured cppcheck include dirs: $<BUILD_INTERFACE:/home/mlemsalu/object_det_3D/objectdet_ws/src/merge_pointclouds/include>
[1.715s] -- Configured cppcheck exclude dirs and/or files: 
[1.715s] -- Added test 'cpplint' to check C / C++ code against the Google style
[1.715s] -- Configured cpplint exclude dirs and/or files: 
[1.716s] -- Added test 'lint_cmake' to check CMake code style
[1.716s] -- Added test 'uncrustify' to check C / C++ code style
[1.716s] -- Configured uncrustify additional arguments: 
[1.717s] -- Added test 'xmllint' to check XML markup files
[1.720s] -- Configuring done
[1.725s] CMake Error at CMakeLists.txt:32 (add_executable):
[1.725s]   Target "merge_pointclouds_node" links to target "FLANN::FLANN" but the
[1.725s]   target was not found.  Perhaps a find_package() call is missing for an
[1.725s]   IMPORTED target, or an ALIAS target is missing?
[1.725s] 
[1.725s] 
[1.760s] -- Generating done
[1.761s] CMake Generate step failed.  Build files cannot be regenerated correctly.
[1.768s] Invoked command in '/home/mlemsalu/object_det_3D/objectdet_ws/build/merge_pointclouds' returned '1': CMAKE_PREFIX_PATH=${CMAKE_PREFIX_PATH}:/home/mlemsalu/walker_ws/install/ros2bag_to_files:/home/mlemsalu/walker_ws/install/message_sync_python_lidar2lidar:/home/mlemsalu/walker_ws/install/message_sync_python:/home/mlemsalu/walker_ws/install/ros2bag:/opt/ros/foxy /usr/bin/cmake /home/mlemsalu/object_det_3D/objectdet_ws/src/merge_pointclouds -DCMAKE_INSTALL_PREFIX=/home/mlemsalu/object_det_3D/objectdet_ws/install/merge_pointclouds
