[0.011s] Invoking command in '/home/mlemsalu/object_det_3D/objectdet_ws/build/merge_pointclouds': CMAKE_PREFIX_PATH=${CMAKE_PREFIX_PATH}:/home/mlemsalu/walker_ws/install/ros2bag_to_files:/home/mlemsalu/walker_ws/install/message_sync_python_lidar2lidar:/home/mlemsalu/walker_ws/install/message_sync_python:/home/mlemsalu/walker_ws/install/ros2bag:/opt/ros/foxy /usr/bin/cmake /home/mlemsalu/object_det_3D/objectdet_ws/src/merge_pointclouds -DCMAKE_BUILD_TYPE=Release -DCMAKE_INSTALL_PREFIX=/home/mlemsalu/object_det_3D/objectdet_ws/install/merge_pointclouds
[0.029s] -- Found ament_cmake: 0.9.12 (/opt/ros/foxy/share/ament_cmake/cmake)
[0.048s] -- Using PYTHON_EXECUTABLE: /usr/bin/python3
[0.219s] -- Found rclcpp: 2.4.3 (/opt/ros/foxy/share/rclcpp/cmake)
[0.250s] -- Using all available rosidl_typesupport_c: rosidl_typesupport_fastrtps_c;rosidl_typesupport_introspection_c
[0.253s] -- Found rosidl_adapter: 1.3.1 (/opt/ros/foxy/share/rosidl_adapter/cmake)
[0.349s] -- Using all available rosidl_typesupport_cpp: rosidl_typesupport_fastrtps_cpp;rosidl_typesupport_introspection_cpp
[0.393s] -- Found rmw_implementation_cmake: 1.0.4 (/opt/ros/foxy/share/rmw_implementation_cmake/cmake)
[0.395s] -- Using RMW implementation 'rmw_fastrtps_cpp' as default
[0.522s] -- Found custom_msgs: 0.0.0 (/home/mlemsalu/walker_ws/install/custom_msgs/share/custom_msgs/cmake)
[0.840s] -- Found tf2_ros: 0.13.14 (/opt/ros/foxy/share/tf2_ros/cmake)
[1.134s] -- Eigen found (include: /usr/include/eigen3, version: 3.3.7)
[1.149s] -- OpenNI found (include: /usr/include/ni, lib: /usr/lib/libOpenNI.so)
[1.155s] -- OpenNI2 found (include: /usr/include/openni2, lib: /usr/lib/libOpenNI2.so)
[1.155s] ** WARNING ** io features related to pcap will be disabled
[1.155s] ** WARNING ** io features related to png will be disabled
[1.205s] -- The imported target "vtkParseOGLExt" references the file
[1.205s]    "/usr/bin/vtkParseOGLExt-7.1"
[1.205s] but this file does not exist.  Possible reasons include:
[1.205s] * The file was deleted, renamed, or moved to another location.
[1.205s] * An install or uninstall procedure did not complete successfully.
[1.205s] * The installation package was faulty and contained
[1.205s]    "/usr/lib/cmake/vtk-7.1/VTKTargets.cmake"
[1.205s] but not all the files it references.
[1.205s] 
[1.206s] -- The imported target "vtkRenderingPythonTkWidgets" references the file
[1.206s]    "/usr/lib/x86_64-linux-gnu/libvtkRenderingPythonTkWidgets.so"
[1.206s] but this file does not exist.  Possible reasons include:
[1.206s] * The file was deleted, renamed, or moved to another location.
[1.206s] * An install or uninstall procedure did not complete successfully.
[1.206s] * The installation package was faulty and contained
[1.206s]    "/usr/lib/cmake/vtk-7.1/VTKTargets.cmake"
[1.206s] but not all the files it references.
[1.206s] 
[1.206s] -- The imported target "vtk" references the file
[1.206s]    "/usr/bin/vtk"
[1.206s] but this file does not exist.  Possible reasons include:
[1.206s] * The file was deleted, renamed, or moved to another location.
[1.207s] * An install or uninstall procedure did not complete successfully.
[1.207s] * The installation package was faulty and contained
[1.207s]    "/usr/lib/cmake/vtk-7.1/VTKTargets.cmake"
[1.207s] but not all the files it references.
[1.207s] 
[1.207s] -- The imported target "pvtk" references the file
[1.207s]    "/usr/bin/pvtk"
[1.207s] but this file does not exist.  Possible reasons include:
[1.207s] * The file was deleted, renamed, or moved to another location.
[1.207s] * An install or uninstall procedure did not complete successfully.
[1.207s] * The installation package was faulty and contained
[1.207s]    "/usr/lib/cmake/vtk-7.1/VTKTargets.cmake"
[1.207s] but not all the files it references.
[1.207s] 
[1.220s] ** WARNING ** io features related to libusb-1.0 will be disabled
[1.220s] -- looking for PCL_COMMON
[1.220s] -- looking for PCL_OCTREE
[1.221s] -- looking for PCL_IO
[1.222s] -- Found pcl_conversions: 2.2.1 (/opt/ros/foxy/share/pcl_conversions/cmake)
[1.420s] -- Found ament_lint_auto: 0.9.8 (/opt/ros/foxy/share/ament_lint_auto/cmake)
[1.475s] -- Added test 'copyright' to check source files copyright and LICENSE
[1.476s] -- Added test 'cppcheck' to perform static code analysis on C / C++ code
[1.476s] -- Configured cppcheck include dirs: $<BUILD_INTERFACE:/home/mlemsalu/object_det_3D/objectdet_ws/src/merge_pointclouds/include>
[1.477s] -- Configured cppcheck exclude dirs and/or files: 
[1.477s] -- Added test 'cpplint' to check C / C++ code against the Google style
[1.477s] -- Configured cpplint exclude dirs and/or files: 
[1.477s] -- Added test 'lint_cmake' to check CMake code style
[1.478s] -- Added test 'uncrustify' to check C / C++ code style
[1.478s] -- Configured uncrustify additional arguments: 
[1.478s] -- Added test 'xmllint' to check XML markup files
[1.481s] -- Configuring done
[1.507s] -- Generating done
[1.509s] -- Build files have been written to: /home/mlemsalu/object_det_3D/objectdet_ws/build/merge_pointclouds
[1.516s] Invoked command in '/home/mlemsalu/object_det_3D/objectdet_ws/build/merge_pointclouds' returned '0': CMAKE_PREFIX_PATH=${CMAKE_PREFIX_PATH}:/home/mlemsalu/walker_ws/install/ros2bag_to_files:/home/mlemsalu/walker_ws/install/message_sync_python_lidar2lidar:/home/mlemsalu/walker_ws/install/message_sync_python:/home/mlemsalu/walker_ws/install/ros2bag:/opt/ros/foxy /usr/bin/cmake /home/mlemsalu/object_det_3D/objectdet_ws/src/merge_pointclouds -DCMAKE_BUILD_TYPE=Release -DCMAKE_INSTALL_PREFIX=/home/mlemsalu/object_det_3D/objectdet_ws/install/merge_pointclouds
[1.518s] Invoking command in '/home/mlemsalu/object_det_3D/objectdet_ws/build/merge_pointclouds': CMAKE_PREFIX_PATH=${CMAKE_PREFIX_PATH}:/home/mlemsalu/walker_ws/install/ros2bag_to_files:/home/mlemsalu/walker_ws/install/message_sync_python_lidar2lidar:/home/mlemsalu/walker_ws/install/message_sync_python:/home/mlemsalu/walker_ws/install/ros2bag:/opt/ros/foxy /usr/bin/cmake --build /home/mlemsalu/object_det_3D/objectdet_ws/build/merge_pointclouds -- -j12 -l12
[1.591s] [ 50%] [32mBuilding CXX object CMakeFiles/merge_pointclouds_node.dir/src/merge_pointclouds_node.cpp.o[0m
[13.341s] [100%] [32m[1mLinking CXX executable merge_pointclouds_node[0m
[13.501s] [100%] Built target merge_pointclouds_node
[13.511s] Invoked command in '/home/mlemsalu/object_det_3D/objectdet_ws/build/merge_pointclouds' returned '0': CMAKE_PREFIX_PATH=${CMAKE_PREFIX_PATH}:/home/mlemsalu/walker_ws/install/ros2bag_to_files:/home/mlemsalu/walker_ws/install/message_sync_python_lidar2lidar:/home/mlemsalu/walker_ws/install/message_sync_python:/home/mlemsalu/walker_ws/install/ros2bag:/opt/ros/foxy /usr/bin/cmake --build /home/mlemsalu/object_det_3D/objectdet_ws/build/merge_pointclouds -- -j12 -l12
[13.552s] Invoking command in '/home/mlemsalu/object_det_3D/objectdet_ws/build/merge_pointclouds': CMAKE_PREFIX_PATH=${CMAKE_PREFIX_PATH}:/home/mlemsalu/walker_ws/install/ros2bag_to_files:/home/mlemsalu/walker_ws/install/message_sync_python_lidar2lidar:/home/mlemsalu/walker_ws/install/message_sync_python:/home/mlemsalu/walker_ws/install/ros2bag:/opt/ros/foxy /usr/bin/cmake --install /home/mlemsalu/object_det_3D/objectdet_ws/build/merge_pointclouds
[13.561s] -- Install configuration: "Release"
[13.561s] -- Installing: /home/mlemsalu/object_det_3D/objectdet_ws/install/merge_pointclouds/lib/merge_pointclouds/merge_pointclouds_node
[13.563s] -- Set runtime path of "/home/mlemsalu/object_det_3D/objectdet_ws/install/merge_pointclouds/lib/merge_pointclouds/merge_pointclouds_node" to ""
[13.563s] -- Up-to-date: /home/mlemsalu/object_det_3D/objectdet_ws/install/merge_pointclouds/share/ament_index/resource_index/package_run_dependencies/merge_pointclouds
[13.563s] -- Up-to-date: /home/mlemsalu/object_det_3D/objectdet_ws/install/merge_pointclouds/share/ament_index/resource_index/parent_prefix_path/merge_pointclouds
[13.563s] -- Up-to-date: /home/mlemsalu/object_det_3D/objectdet_ws/install/merge_pointclouds/share/merge_pointclouds/environment/ament_prefix_path.sh
[13.563s] -- Installing: /home/mlemsalu/object_det_3D/objectdet_ws/install/merge_pointclouds/share/merge_pointclouds/environment/ament_prefix_path.dsv
[13.563s] -- Up-to-date: /home/mlemsalu/object_det_3D/objectdet_ws/install/merge_pointclouds/share/merge_pointclouds/environment/path.sh
[13.563s] -- Installing: /home/mlemsalu/object_det_3D/objectdet_ws/install/merge_pointclouds/share/merge_pointclouds/environment/path.dsv
[13.563s] -- Up-to-date: /home/mlemsalu/object_det_3D/objectdet_ws/install/merge_pointclouds/share/merge_pointclouds/local_setup.bash
[13.564s] -- Up-to-date: /home/mlemsalu/object_det_3D/objectdet_ws/install/merge_pointclouds/share/merge_pointclouds/local_setup.sh
[13.564s] -- Up-to-date: /home/mlemsalu/object_det_3D/objectdet_ws/install/merge_pointclouds/share/merge_pointclouds/local_setup.zsh
[13.564s] -- Installing: /home/mlemsalu/object_det_3D/objectdet_ws/install/merge_pointclouds/share/merge_pointclouds/local_setup.dsv
[13.564s] -- Installing: /home/mlemsalu/object_det_3D/objectdet_ws/install/merge_pointclouds/share/merge_pointclouds/package.dsv
[13.564s] -- Up-to-date: /home/mlemsalu/object_det_3D/objectdet_ws/install/merge_pointclouds/share/ament_index/resource_index/packages/merge_pointclouds
[13.564s] -- Up-to-date: /home/mlemsalu/object_det_3D/objectdet_ws/install/merge_pointclouds/share/merge_pointclouds/cmake/merge_pointcloudsConfig.cmake
[13.564s] -- Up-to-date: /home/mlemsalu/object_det_3D/objectdet_ws/install/merge_pointclouds/share/merge_pointclouds/cmake/merge_pointcloudsConfig-version.cmake
[13.564s] -- Up-to-date: /home/mlemsalu/object_det_3D/objectdet_ws/install/merge_pointclouds/share/merge_pointclouds/package.xml
[13.565s] Invoked command in '/home/mlemsalu/object_det_3D/objectdet_ws/build/merge_pointclouds' returned '0': CMAKE_PREFIX_PATH=${CMAKE_PREFIX_PATH}:/home/mlemsalu/walker_ws/install/ros2bag_to_files:/home/mlemsalu/walker_ws/install/message_sync_python_lidar2lidar:/home/mlemsalu/walker_ws/install/message_sync_python:/home/mlemsalu/walker_ws/install/ros2bag:/opt/ros/foxy /usr/bin/cmake --install /home/mlemsalu/object_det_3D/objectdet_ws/build/merge_pointclouds
