[0.223s] DEBUG:colcon:Command line arguments: ['/usr/bin/colcon', 'build', '--cmake-args=-DCMAKE_BUILD_TYPE=Release']
[0.223s] DEBUG:colcon:Parsed command line arguments: Namespace(allow_overriding=[], ament_cmake_args=None, base_paths=['.'], build_base='build', catkin_cmake_args=None, catkin_skip_building_tests=False, cmake_args=['-DCMAKE_BUILD_TYPE=Release'], cmake_clean_cache=False, cmake_clean_first=False, cmake_force_configure=False, cmake_target=None, cmake_target_skip_unavailable=False, continue_on_error=False, event_handlers=None, executor='parallel', ignore_user_meta=False, install_base='install', log_base=None, log_level=None, main=<bound method BuildVerb.main of <colcon_core.verb.build.BuildVerb object at 0x7f07348b8fa0>>, merge_install=False, metas=['./colcon.meta'], mixin=None, mixin_files=None, mixin_verb=('build',), packages_above=None, packages_above_and_dependencies=None, packages_above_depth=None, packages_end=None, packages_ignore=None, packages_ignore_regex=None, packages_select=None, packages_select_build_failed=False, packages_select_by_dep=None, packages_select_regex=None, packages_select_test_failures=False, packages_skip=None, packages_skip_build_finished=False, packages_skip_by_dep=None, packages_skip_regex=None, packages_skip_test_passed=False, packages_skip_up_to=None, packages_start=None, packages_up_to=None, packages_up_to_regex=None, parallel_workers=12, paths=None, symlink_install=False, test_result_base=None, verb_extension=<colcon_core.verb.build.BuildVerb object at 0x7f07348b8fa0>, verb_name='build', verb_parser=<colcon_mixin.mixin.mixin_argument.MixinArgumentDecorator object at 0x7f07348c4520>)
[0.362s] Level 1:colcon.colcon_core.package_discovery:discover_packages(colcon_meta) check parameters
[0.362s] Level 1:colcon.colcon_core.package_discovery:discover_packages(recursive) check parameters
[0.362s] Level 1:colcon.colcon_core.package_discovery:discover_packages(ignore) check parameters
[0.362s] Level 1:colcon.colcon_core.package_discovery:discover_packages(path) check parameters
[0.362s] Level 1:colcon.colcon_core.package_discovery:discover_packages(colcon_meta) discover
[0.362s] Level 1:colcon.colcon_core.package_discovery:discover_packages(recursive) discover
[0.362s] INFO:colcon.colcon_core.package_discovery:Crawling recursively for packages in '/home/mlemsalu/object_det_3D/objectdet_ws'
[0.362s] Level 1:colcon.colcon_core.package_identification:_identify(.) by extensions ['ignore', 'ignore_ament_install']
[0.362s] Level 1:colcon.colcon_core.package_identification:_identify(.) by extension 'ignore'
[0.362s] Level 1:colcon.colcon_core.package_identification:_identify(.) by extension 'ignore_ament_install'
[0.362s] Level 1:colcon.colcon_core.package_identification:_identify(.) by extensions ['colcon_pkg']
[0.362s] Level 1:colcon.colcon_core.package_identification:_identify(.) by extension 'colcon_pkg'
[0.362s] Level 1:colcon.colcon_core.package_identification:_identify(.) by extensions ['colcon_meta']
[0.362s] Level 1:colcon.colcon_core.package_identification:_identify(.) by extension 'colcon_meta'
[0.362s] Level 1:colcon.colcon_core.package_identification:_identify(.) by extensions ['ros']
[0.362s] Level 1:colcon.colcon_core.package_identification:_identify(.) by extension 'ros'
[0.373s] Level 1:colcon.colcon_core.package_identification:_identify(.) by extensions ['cmake', 'python']
[0.373s] Level 1:colcon.colcon_core.package_identification:_identify(.) by extension 'cmake'
[0.373s] Level 1:colcon.colcon_core.package_identification:_identify(.) by extension 'python'
[0.373s] Level 1:colcon.colcon_core.package_identification:_identify(.) by extensions ['python_setup_py']
[0.373s] Level 1:colcon.colcon_core.package_identification:_identify(.) by extension 'python_setup_py'
[0.373s] Level 1:colcon.colcon_core.package_identification:_identify(build) by extensions ['ignore', 'ignore_ament_install']
[0.373s] Level 1:colcon.colcon_core.package_identification:_identify(build) by extension 'ignore'
[0.373s] Level 1:colcon.colcon_core.package_identification:_identify(build) ignored
[0.374s] Level 1:colcon.colcon_core.package_identification:_identify(install) by extensions ['ignore', 'ignore_ament_install']
[0.374s] Level 1:colcon.colcon_core.package_identification:_identify(install) by extension 'ignore'
[0.374s] Level 1:colcon.colcon_core.package_identification:_identify(install) ignored
[0.374s] Level 1:colcon.colcon_core.package_identification:_identify(log) by extensions ['ignore', 'ignore_ament_install']
[0.374s] Level 1:colcon.colcon_core.package_identification:_identify(log) by extension 'ignore'
[0.374s] Level 1:colcon.colcon_core.package_identification:_identify(log) ignored
[0.374s] Level 1:colcon.colcon_core.package_identification:_identify(src) by extensions ['ignore', 'ignore_ament_install']
[0.374s] Level 1:colcon.colcon_core.package_identification:_identify(src) by extension 'ignore'
[0.374s] Level 1:colcon.colcon_core.package_identification:_identify(src) by extension 'ignore_ament_install'
[0.374s] Level 1:colcon.colcon_core.package_identification:_identify(src) by extensions ['colcon_pkg']
[0.374s] Level 1:colcon.colcon_core.package_identification:_identify(src) by extension 'colcon_pkg'
[0.374s] Level 1:colcon.colcon_core.package_identification:_identify(src) by extensions ['colcon_meta']
[0.374s] Level 1:colcon.colcon_core.package_identification:_identify(src) by extension 'colcon_meta'
[0.374s] Level 1:colcon.colcon_core.package_identification:_identify(src) by extensions ['ros']
[0.374s] Level 1:colcon.colcon_core.package_identification:_identify(src) by extension 'ros'
[0.374s] Level 1:colcon.colcon_core.package_identification:_identify(src) by extensions ['cmake', 'python']
[0.374s] Level 1:colcon.colcon_core.package_identification:_identify(src) by extension 'cmake'
[0.374s] Level 1:colcon.colcon_core.package_identification:_identify(src) by extension 'python'
[0.374s] Level 1:colcon.colcon_core.package_identification:_identify(src) by extensions ['python_setup_py']
[0.374s] Level 1:colcon.colcon_core.package_identification:_identify(src) by extension 'python_setup_py'
[0.375s] Level 1:colcon.colcon_core.package_identification:_identify(src/GNSS_pose_estimation) by extensions ['ignore', 'ignore_ament_install']
[0.375s] Level 1:colcon.colcon_core.package_identification:_identify(src/GNSS_pose_estimation) by extension 'ignore'
[0.375s] Level 1:colcon.colcon_core.package_identification:_identify(src/GNSS_pose_estimation) by extension 'ignore_ament_install'
[0.375s] Level 1:colcon.colcon_core.package_identification:_identify(src/GNSS_pose_estimation) by extensions ['colcon_pkg']
[0.375s] Level 1:colcon.colcon_core.package_identification:_identify(src/GNSS_pose_estimation) by extension 'colcon_pkg'
[0.375s] Level 1:colcon.colcon_core.package_identification:_identify(src/GNSS_pose_estimation) by extensions ['colcon_meta']
[0.375s] Level 1:colcon.colcon_core.package_identification:_identify(src/GNSS_pose_estimation) by extension 'colcon_meta'
[0.375s] Level 1:colcon.colcon_core.package_identification:_identify(src/GNSS_pose_estimation) by extensions ['ros']
[0.375s] Level 1:colcon.colcon_core.package_identification:_identify(src/GNSS_pose_estimation) by extension 'ros'
[0.377s] DEBUG:colcon.colcon_core.package_identification:Package 'src/GNSS_pose_estimation' with type 'ros.ament_cmake' and name 'gnss_pose_estimation_node'
[0.377s] Level 1:colcon.colcon_core.package_identification:_identify(src/merge_pointclouds) by extensions ['ignore', 'ignore_ament_install']
[0.378s] Level 1:colcon.colcon_core.package_identification:_identify(src/merge_pointclouds) by extension 'ignore'
[0.378s] Level 1:colcon.colcon_core.package_identification:_identify(src/merge_pointclouds) by extension 'ignore_ament_install'
[0.378s] Level 1:colcon.colcon_core.package_identification:_identify(src/merge_pointclouds) by extensions ['colcon_pkg']
[0.378s] Level 1:colcon.colcon_core.package_identification:_identify(src/merge_pointclouds) by extension 'colcon_pkg'
[0.378s] Level 1:colcon.colcon_core.package_identification:_identify(src/merge_pointclouds) by extensions ['colcon_meta']
[0.378s] Level 1:colcon.colcon_core.package_identification:_identify(src/merge_pointclouds) by extension 'colcon_meta'
[0.378s] Level 1:colcon.colcon_core.package_identification:_identify(src/merge_pointclouds) by extensions ['ros']
[0.378s] Level 1:colcon.colcon_core.package_identification:_identify(src/merge_pointclouds) by extension 'ros'
[0.378s] DEBUG:colcon.colcon_core.package_identification:Package 'src/merge_pointclouds' with type 'ros.ament_cmake' and name 'merge_pointclouds'
[0.379s] Level 1:colcon.colcon_core.package_discovery:discover_packages(recursive) using defaults
[0.379s] Level 1:colcon.colcon_core.package_discovery:discover_packages(ignore) discover
[0.379s] Level 1:colcon.colcon_core.package_discovery:discover_packages(ignore) using defaults
[0.379s] Level 1:colcon.colcon_core.package_discovery:discover_packages(path) discover
[0.379s] Level 1:colcon.colcon_core.package_discovery:discover_packages(path) using defaults
[0.393s] Level 1:colcon.colcon_core.package_discovery:discover_packages(prefix_path) check parameters
[0.393s] Level 1:colcon.colcon_core.package_discovery:discover_packages(prefix_path) discover
[0.395s] DEBUG:colcon.colcon_installed_package_information.package_discovery:Found 202 installed packages in /opt/ros/foxy
[0.396s] Level 1:colcon.colcon_core.package_discovery:discover_packages(prefix_path) using defaults
[0.455s] Level 5:colcon.colcon_core.verb:set package 'gnss_pose_estimation_node' build argument 'cmake_args' from command line to '['-DCMAKE_BUILD_TYPE=Release']'
[0.455s] Level 5:colcon.colcon_core.verb:set package 'gnss_pose_estimation_node' build argument 'cmake_target' from command line to 'None'
[0.455s] Level 5:colcon.colcon_core.verb:set package 'gnss_pose_estimation_node' build argument 'cmake_target_skip_unavailable' from command line to 'False'
[0.455s] Level 5:colcon.colcon_core.verb:set package 'gnss_pose_estimation_node' build argument 'cmake_clean_cache' from command line to 'False'
[0.455s] Level 5:colcon.colcon_core.verb:set package 'gnss_pose_estimation_node' build argument 'cmake_clean_first' from command line to 'False'
[0.456s] Level 5:colcon.colcon_core.verb:set package 'gnss_pose_estimation_node' build argument 'cmake_force_configure' from command line to 'False'
[0.456s] Level 5:colcon.colcon_core.verb:set package 'gnss_pose_estimation_node' build argument 'ament_cmake_args' from command line to 'None'
[0.456s] Level 5:colcon.colcon_core.verb:set package 'gnss_pose_estimation_node' build argument 'catkin_cmake_args' from command line to 'None'
[0.456s] Level 5:colcon.colcon_core.verb:set package 'gnss_pose_estimation_node' build argument 'catkin_skip_building_tests' from command line to 'False'
[0.456s] DEBUG:colcon.colcon_core.verb:Building package 'gnss_pose_estimation_node' with the following arguments: {'ament_cmake_args': None, 'build_base': '/home/mlemsalu/object_det_3D/objectdet_ws/build/gnss_pose_estimation_node', 'catkin_cmake_args': None, 'catkin_skip_building_tests': False, 'cmake_args': ['-DCMAKE_BUILD_TYPE=Release'], 'cmake_clean_cache': False, 'cmake_clean_first': False, 'cmake_force_configure': False, 'cmake_target': None, 'cmake_target_skip_unavailable': False, 'install_base': '/home/mlemsalu/object_det_3D/objectdet_ws/install/gnss_pose_estimation_node', 'merge_install': False, 'path': '/home/mlemsalu/object_det_3D/objectdet_ws/src/GNSS_pose_estimation', 'symlink_install': False, 'test_result_base': None}
[0.456s] Level 5:colcon.colcon_core.verb:set package 'merge_pointclouds' build argument 'cmake_args' from command line to '['-DCMAKE_BUILD_TYPE=Release']'
[0.456s] Level 5:colcon.colcon_core.verb:set package 'merge_pointclouds' build argument 'cmake_target' from command line to 'None'
[0.456s] Level 5:colcon.colcon_core.verb:set package 'merge_pointclouds' build argument 'cmake_target_skip_unavailable' from command line to 'False'
[0.456s] Level 5:colcon.colcon_core.verb:set package 'merge_pointclouds' build argument 'cmake_clean_cache' from command line to 'False'
[0.456s] Level 5:colcon.colcon_core.verb:set package 'merge_pointclouds' build argument 'cmake_clean_first' from command line to 'False'
[0.456s] Level 5:colcon.colcon_core.verb:set package 'merge_pointclouds' build argument 'cmake_force_configure' from command line to 'False'
[0.456s] Level 5:colcon.colcon_core.verb:set package 'merge_pointclouds' build argument 'ament_cmake_args' from command line to 'None'
[0.456s] Level 5:colcon.colcon_core.verb:set package 'merge_pointclouds' build argument 'catkin_cmake_args' from command line to 'None'
[0.456s] Level 5:colcon.colcon_core.verb:set package 'merge_pointclouds' build argument 'catkin_skip_building_tests' from command line to 'False'
[0.456s] DEBUG:colcon.colcon_core.verb:Building package 'merge_pointclouds' with the following arguments: {'ament_cmake_args': None, 'build_base': '/home/mlemsalu/object_det_3D/objectdet_ws/build/merge_pointclouds', 'catkin_cmake_args': None, 'catkin_skip_building_tests': False, 'cmake_args': ['-DCMAKE_BUILD_TYPE=Release'], 'cmake_clean_cache': False, 'cmake_clean_first': False, 'cmake_force_configure': False, 'cmake_target': None, 'cmake_target_skip_unavailable': False, 'install_base': '/home/mlemsalu/object_det_3D/objectdet_ws/install/merge_pointclouds', 'merge_install': False, 'path': '/home/mlemsalu/object_det_3D/objectdet_ws/src/merge_pointclouds', 'symlink_install': False, 'test_result_base': None}
[0.456s] INFO:colcon.colcon_core.executor:Executing jobs using 'parallel' executor
[0.457s] DEBUG:colcon.colcon_parallel_executor.executor.parallel:run_until_complete
[0.457s] INFO:colcon.colcon_ros.task.ament_cmake.build:Building ROS package in '/home/mlemsalu/object_det_3D/objectdet_ws/src/GNSS_pose_estimation' with build type 'ament_cmake'
[0.457s] INFO:colcon.colcon_cmake.task.cmake.build:Building CMake package in '/home/mlemsalu/object_det_3D/objectdet_ws/src/GNSS_pose_estimation'
[0.460s] INFO:colcon.colcon_core.plugin_system:Skipping extension 'colcon_core.shell.bat': Not used on non-Windows systems
[0.460s] INFO:colcon.colcon_core.shell:Skip shell extension 'powershell' for command environment: Not usable outside of PowerShell
[0.460s] DEBUG:colcon.colcon_core.shell:Skip shell extension 'dsv' for command environment
[0.463s] INFO:colcon.colcon_ros.task.ament_cmake.build:Building ROS package in '/home/mlemsalu/object_det_3D/objectdet_ws/src/merge_pointclouds' with build type 'ament_cmake'
[0.463s] INFO:colcon.colcon_cmake.task.cmake.build:Building CMake package in '/home/mlemsalu/object_det_3D/objectdet_ws/src/merge_pointclouds'
[0.464s] INFO:colcon.colcon_core.shell:Skip shell extension 'powershell' for command environment: Not usable outside of PowerShell
[0.464s] DEBUG:colcon.colcon_core.shell:Skip shell extension 'dsv' for command environment
[0.472s] DEBUG:colcon.colcon_core.event_handler.log_command:Invoking command in '/home/mlemsalu/object_det_3D/objectdet_ws/build/gnss_pose_estimation_node': CMAKE_PREFIX_PATH=/opt/ros/foxy /usr/bin/cmake --build /home/mlemsalu/object_det_3D/objectdet_ws/build/gnss_pose_estimation_node -- -j12 -l12
[0.482s] DEBUG:colcon.colcon_core.event_handler.log_command:Invoking command in '/home/mlemsalu/object_det_3D/objectdet_ws/build/merge_pointclouds': CMAKE_PREFIX_PATH=/opt/ros/foxy /usr/bin/cmake --build /home/mlemsalu/object_det_3D/objectdet_ws/build/merge_pointclouds -- -j12 -l12
[0.576s] DEBUG:colcon.colcon_core.event_handler.log_command:Invoked command in '/home/mlemsalu/object_det_3D/objectdet_ws/build/merge_pointclouds' returned '0': CMAKE_PREFIX_PATH=/opt/ros/foxy /usr/bin/cmake --build /home/mlemsalu/object_det_3D/objectdet_ws/build/merge_pointclouds -- -j12 -l12
[0.609s] DEBUG:colcon.colcon_core.event_handler.log_command:Invoking command in '/home/mlemsalu/object_det_3D/objectdet_ws/build/merge_pointclouds': CMAKE_PREFIX_PATH=/opt/ros/foxy /usr/bin/cmake --install /home/mlemsalu/object_det_3D/objectdet_ws/build/merge_pointclouds
[0.618s] Level 1:colcon.colcon_core.environment:create_environment_scripts_only(merge_pointclouds)
[0.619s] DEBUG:colcon.colcon_core.event_handler.log_command:Invoked command in '/home/mlemsalu/object_det_3D/objectdet_ws/build/merge_pointclouds' returned '0': CMAKE_PREFIX_PATH=/opt/ros/foxy /usr/bin/cmake --install /home/mlemsalu/object_det_3D/objectdet_ws/build/merge_pointclouds
[0.623s] Level 1:colcon.colcon_core.environment:checking '/home/mlemsalu/object_det_3D/objectdet_ws/install/merge_pointclouds' for CMake module files
[0.623s] Level 1:colcon.colcon_core.environment:checking '/home/mlemsalu/object_det_3D/objectdet_ws/install/merge_pointclouds' for CMake config files
[0.624s] Level 1:colcon.colcon_core.shell:create_environment_hook('merge_pointclouds', 'cmake_prefix_path')
[0.624s] INFO:colcon.colcon_core.shell:Creating environment hook '/home/mlemsalu/object_det_3D/objectdet_ws/install/merge_pointclouds/share/merge_pointclouds/hook/cmake_prefix_path.ps1'
[0.624s] INFO:colcon.colcon_core.shell:Creating environment descriptor '/home/mlemsalu/object_det_3D/objectdet_ws/install/merge_pointclouds/share/merge_pointclouds/hook/cmake_prefix_path.dsv'
[0.625s] INFO:colcon.colcon_core.shell:Creating environment hook '/home/mlemsalu/object_det_3D/objectdet_ws/install/merge_pointclouds/share/merge_pointclouds/hook/cmake_prefix_path.sh'
[0.626s] Level 1:colcon.colcon_core.environment:checking '/home/mlemsalu/object_det_3D/objectdet_ws/install/merge_pointclouds/lib'
[0.626s] Level 1:colcon.colcon_core.environment:checking '/home/mlemsalu/object_det_3D/objectdet_ws/install/merge_pointclouds/bin'
[0.626s] Level 1:colcon.colcon_core.environment:checking '/home/mlemsalu/object_det_3D/objectdet_ws/install/merge_pointclouds/lib/pkgconfig/merge_pointclouds.pc'
[0.626s] Level 1:colcon.colcon_core.environment:checking '/home/mlemsalu/object_det_3D/objectdet_ws/install/merge_pointclouds/lib/python3.8/site-packages'
[0.626s] Level 1:colcon.colcon_core.environment:checking '/home/mlemsalu/object_det_3D/objectdet_ws/install/merge_pointclouds/bin'
[0.626s] INFO:colcon.colcon_core.shell:Creating package script '/home/mlemsalu/object_det_3D/objectdet_ws/install/merge_pointclouds/share/merge_pointclouds/package.ps1'
[0.627s] INFO:colcon.colcon_core.shell:Creating package descriptor '/home/mlemsalu/object_det_3D/objectdet_ws/install/merge_pointclouds/share/merge_pointclouds/package.dsv'
[0.628s] INFO:colcon.colcon_core.shell:Creating package script '/home/mlemsalu/object_det_3D/objectdet_ws/install/merge_pointclouds/share/merge_pointclouds/package.sh'
[0.628s] INFO:colcon.colcon_core.shell:Creating package script '/home/mlemsalu/object_det_3D/objectdet_ws/install/merge_pointclouds/share/merge_pointclouds/package.bash'
[0.629s] INFO:colcon.colcon_core.shell:Creating package script '/home/mlemsalu/object_det_3D/objectdet_ws/install/merge_pointclouds/share/merge_pointclouds/package.zsh'
[0.629s] Level 1:colcon.colcon_core.environment:create_file_with_runtime_dependencies(/home/mlemsalu/object_det_3D/objectdet_ws/install/merge_pointclouds/share/colcon-core/packages/merge_pointclouds)
[0.652s] Level 1:colcon.colcon_core.environment:create_environment_scripts_only(merge_pointclouds)
[0.652s] Level 1:colcon.colcon_core.environment:checking '/home/mlemsalu/object_det_3D/objectdet_ws/install/merge_pointclouds' for CMake module files
[0.653s] Level 1:colcon.colcon_core.environment:checking '/home/mlemsalu/object_det_3D/objectdet_ws/install/merge_pointclouds' for CMake config files
[0.653s] Level 1:colcon.colcon_core.shell:create_environment_hook('merge_pointclouds', 'cmake_prefix_path')
[0.653s] INFO:colcon.colcon_core.shell:Creating environment hook '/home/mlemsalu/object_det_3D/objectdet_ws/install/merge_pointclouds/share/merge_pointclouds/hook/cmake_prefix_path.ps1'
[0.653s] INFO:colcon.colcon_core.shell:Creating environment descriptor '/home/mlemsalu/object_det_3D/objectdet_ws/install/merge_pointclouds/share/merge_pointclouds/hook/cmake_prefix_path.dsv'
[0.654s] INFO:colcon.colcon_core.shell:Creating environment hook '/home/mlemsalu/object_det_3D/objectdet_ws/install/merge_pointclouds/share/merge_pointclouds/hook/cmake_prefix_path.sh'
[0.654s] Level 1:colcon.colcon_core.environment:checking '/home/mlemsalu/object_det_3D/objectdet_ws/install/merge_pointclouds/lib'
[0.654s] Level 1:colcon.colcon_core.environment:checking '/home/mlemsalu/object_det_3D/objectdet_ws/install/merge_pointclouds/bin'
[0.654s] Level 1:colcon.colcon_core.environment:checking '/home/mlemsalu/object_det_3D/objectdet_ws/install/merge_pointclouds/lib/pkgconfig/merge_pointclouds.pc'
[0.654s] Level 1:colcon.colcon_core.environment:checking '/home/mlemsalu/object_det_3D/objectdet_ws/install/merge_pointclouds/lib/python3.8/site-packages'
[0.655s] Level 1:colcon.colcon_core.environment:checking '/home/mlemsalu/object_det_3D/objectdet_ws/install/merge_pointclouds/bin'
[0.655s] INFO:colcon.colcon_core.shell:Creating package script '/home/mlemsalu/object_det_3D/objectdet_ws/install/merge_pointclouds/share/merge_pointclouds/package.ps1'
[0.655s] INFO:colcon.colcon_core.shell:Creating package descriptor '/home/mlemsalu/object_det_3D/objectdet_ws/install/merge_pointclouds/share/merge_pointclouds/package.dsv'
[0.655s] INFO:colcon.colcon_core.shell:Creating package script '/home/mlemsalu/object_det_3D/objectdet_ws/install/merge_pointclouds/share/merge_pointclouds/package.sh'
[0.656s] INFO:colcon.colcon_core.shell:Creating package script '/home/mlemsalu/object_det_3D/objectdet_ws/install/merge_pointclouds/share/merge_pointclouds/package.bash'
[0.656s] INFO:colcon.colcon_core.shell:Creating package script '/home/mlemsalu/object_det_3D/objectdet_ws/install/merge_pointclouds/share/merge_pointclouds/package.zsh'
[0.656s] Level 1:colcon.colcon_core.environment:create_file_with_runtime_dependencies(/home/mlemsalu/object_det_3D/objectdet_ws/install/merge_pointclouds/share/colcon-core/packages/merge_pointclouds)
[7.260s] DEBUG:colcon.colcon_core.event_handler.log_command:Invoked command in '/home/mlemsalu/object_det_3D/objectdet_ws/build/gnss_pose_estimation_node' returned '0': CMAKE_PREFIX_PATH=/opt/ros/foxy /usr/bin/cmake --build /home/mlemsalu/object_det_3D/objectdet_ws/build/gnss_pose_estimation_node -- -j12 -l12
[7.280s] DEBUG:colcon.colcon_core.event_handler.log_command:Invoking command in '/home/mlemsalu/object_det_3D/objectdet_ws/build/gnss_pose_estimation_node': CMAKE_PREFIX_PATH=/opt/ros/foxy /usr/bin/cmake --install /home/mlemsalu/object_det_3D/objectdet_ws/build/gnss_pose_estimation_node
[7.290s] Level 1:colcon.colcon_core.environment:create_environment_scripts_only(gnss_pose_estimation_node)
[7.290s] DEBUG:colcon.colcon_core.event_handler.log_command:Invoked command in '/home/mlemsalu/object_det_3D/objectdet_ws/build/gnss_pose_estimation_node' returned '0': CMAKE_PREFIX_PATH=/opt/ros/foxy /usr/bin/cmake --install /home/mlemsalu/object_det_3D/objectdet_ws/build/gnss_pose_estimation_node
[7.291s] Level 1:colcon.colcon_core.environment:checking '/home/mlemsalu/object_det_3D/objectdet_ws/install/gnss_pose_estimation_node' for CMake module files
[7.291s] Level 1:colcon.colcon_core.environment:checking '/home/mlemsalu/object_det_3D/objectdet_ws/install/gnss_pose_estimation_node' for CMake config files
[7.291s] Level 1:colcon.colcon_core.shell:create_environment_hook('gnss_pose_estimation_node', 'cmake_prefix_path')
[7.292s] INFO:colcon.colcon_core.shell:Creating environment hook '/home/mlemsalu/object_det_3D/objectdet_ws/install/gnss_pose_estimation_node/share/gnss_pose_estimation_node/hook/cmake_prefix_path.ps1'
[7.292s] INFO:colcon.colcon_core.shell:Creating environment descriptor '/home/mlemsalu/object_det_3D/objectdet_ws/install/gnss_pose_estimation_node/share/gnss_pose_estimation_node/hook/cmake_prefix_path.dsv'
[7.292s] INFO:colcon.colcon_core.shell:Creating environment hook '/home/mlemsalu/object_det_3D/objectdet_ws/install/gnss_pose_estimation_node/share/gnss_pose_estimation_node/hook/cmake_prefix_path.sh'
[7.293s] Level 1:colcon.colcon_core.environment:checking '/home/mlemsalu/object_det_3D/objectdet_ws/install/gnss_pose_estimation_node/lib'
[7.293s] Level 1:colcon.colcon_core.environment:checking '/home/mlemsalu/object_det_3D/objectdet_ws/install/gnss_pose_estimation_node/bin'
[7.293s] Level 1:colcon.colcon_core.environment:checking '/home/mlemsalu/object_det_3D/objectdet_ws/install/gnss_pose_estimation_node/lib/pkgconfig/gnss_pose_estimation_node.pc'
[7.293s] Level 1:colcon.colcon_core.environment:checking '/home/mlemsalu/object_det_3D/objectdet_ws/install/gnss_pose_estimation_node/lib/python3.8/site-packages'
[7.293s] Level 1:colcon.colcon_core.environment:checking '/home/mlemsalu/object_det_3D/objectdet_ws/install/gnss_pose_estimation_node/bin'
[7.293s] INFO:colcon.colcon_core.shell:Creating package script '/home/mlemsalu/object_det_3D/objectdet_ws/install/gnss_pose_estimation_node/share/gnss_pose_estimation_node/package.ps1'
[7.294s] INFO:colcon.colcon_core.shell:Creating package descriptor '/home/mlemsalu/object_det_3D/objectdet_ws/install/gnss_pose_estimation_node/share/gnss_pose_estimation_node/package.dsv'
[7.294s] INFO:colcon.colcon_core.shell:Creating package script '/home/mlemsalu/object_det_3D/objectdet_ws/install/gnss_pose_estimation_node/share/gnss_pose_estimation_node/package.sh'
[7.294s] INFO:colcon.colcon_core.shell:Creating package script '/home/mlemsalu/object_det_3D/objectdet_ws/install/gnss_pose_estimation_node/share/gnss_pose_estimation_node/package.bash'
[7.295s] INFO:colcon.colcon_core.shell:Creating package script '/home/mlemsalu/object_det_3D/objectdet_ws/install/gnss_pose_estimation_node/share/gnss_pose_estimation_node/package.zsh'
[7.295s] Level 1:colcon.colcon_core.environment:create_file_with_runtime_dependencies(/home/mlemsalu/object_det_3D/objectdet_ws/install/gnss_pose_estimation_node/share/colcon-core/packages/gnss_pose_estimation_node)
[7.316s] Level 1:colcon.colcon_core.environment:create_environment_scripts_only(gnss_pose_estimation_node)
[7.316s] Level 1:colcon.colcon_core.environment:checking '/home/mlemsalu/object_det_3D/objectdet_ws/install/gnss_pose_estimation_node' for CMake module files
[7.317s] Level 1:colcon.colcon_core.environment:checking '/home/mlemsalu/object_det_3D/objectdet_ws/install/gnss_pose_estimation_node' for CMake config files
[7.317s] Level 1:colcon.colcon_core.shell:create_environment_hook('gnss_pose_estimation_node', 'cmake_prefix_path')
[7.317s] INFO:colcon.colcon_core.shell:Creating environment hook '/home/mlemsalu/object_det_3D/objectdet_ws/install/gnss_pose_estimation_node/share/gnss_pose_estimation_node/hook/cmake_prefix_path.ps1'
[7.318s] INFO:colcon.colcon_core.shell:Creating environment descriptor '/home/mlemsalu/object_det_3D/objectdet_ws/install/gnss_pose_estimation_node/share/gnss_pose_estimation_node/hook/cmake_prefix_path.dsv'
[7.318s] INFO:colcon.colcon_core.shell:Creating environment hook '/home/mlemsalu/object_det_3D/objectdet_ws/install/gnss_pose_estimation_node/share/gnss_pose_estimation_node/hook/cmake_prefix_path.sh'
[7.319s] Level 1:colcon.colcon_core.environment:checking '/home/mlemsalu/object_det_3D/objectdet_ws/install/gnss_pose_estimation_node/lib'
[7.319s] Level 1:colcon.colcon_core.environment:checking '/home/mlemsalu/object_det_3D/objectdet_ws/install/gnss_pose_estimation_node/bin'
[7.319s] Level 1:colcon.colcon_core.environment:checking '/home/mlemsalu/object_det_3D/objectdet_ws/install/gnss_pose_estimation_node/lib/pkgconfig/gnss_pose_estimation_node.pc'
[7.319s] Level 1:colcon.colcon_core.environment:checking '/home/mlemsalu/object_det_3D/objectdet_ws/install/gnss_pose_estimation_node/lib/python3.8/site-packages'
[7.319s] Level 1:colcon.colcon_core.environment:checking '/home/mlemsalu/object_det_3D/objectdet_ws/install/gnss_pose_estimation_node/bin'
[7.319s] INFO:colcon.colcon_core.shell:Creating package script '/home/mlemsalu/object_det_3D/objectdet_ws/install/gnss_pose_estimation_node/share/gnss_pose_estimation_node/package.ps1'
[7.320s] INFO:colcon.colcon_core.shell:Creating package descriptor '/home/mlemsalu/object_det_3D/objectdet_ws/install/gnss_pose_estimation_node/share/gnss_pose_estimation_node/package.dsv'
[7.320s] INFO:colcon.colcon_core.shell:Creating package script '/home/mlemsalu/object_det_3D/objectdet_ws/install/gnss_pose_estimation_node/share/gnss_pose_estimation_node/package.sh'
[7.321s] INFO:colcon.colcon_core.shell:Creating package script '/home/mlemsalu/object_det_3D/objectdet_ws/install/gnss_pose_estimation_node/share/gnss_pose_estimation_node/package.bash'
[7.321s] INFO:colcon.colcon_core.shell:Creating package script '/home/mlemsalu/object_det_3D/objectdet_ws/install/gnss_pose_estimation_node/share/gnss_pose_estimation_node/package.zsh'
[7.321s] Level 1:colcon.colcon_core.environment:create_file_with_runtime_dependencies(/home/mlemsalu/object_det_3D/objectdet_ws/install/gnss_pose_estimation_node/share/colcon-core/packages/gnss_pose_estimation_node)
[7.322s] DEBUG:colcon.colcon_parallel_executor.executor.parallel:closing loop
[7.322s] DEBUG:colcon.colcon_parallel_executor.executor.parallel:loop closed
[7.322s] DEBUG:colcon.colcon_parallel_executor.executor.parallel:run_until_complete finished with '0'
[7.322s] DEBUG:colcon.colcon_core.event_reactor:joining thread
[7.329s] INFO:colcon.colcon_core.plugin_system:Skipping extension 'colcon_notification.desktop_notification.terminal_notifier': Not used on non-Darwin systems
[7.329s] INFO:colcon.colcon_core.plugin_system:Skipping extension 'colcon_notification.desktop_notification.win32': Not used on non-Windows systems
[7.329s] INFO:colcon.colcon_notification.desktop_notification:Sending desktop notification using 'notify2'
[7.343s] DEBUG:colcon.colcon_core.event_reactor:joined thread
[7.343s] INFO:colcon.colcon_core.shell:Creating prefix script '/home/mlemsalu/object_det_3D/objectdet_ws/install/local_setup.ps1'
[7.344s] INFO:colcon.colcon_core.shell:Creating prefix util module '/home/mlemsalu/object_det_3D/objectdet_ws/install/_local_setup_util_ps1.py'
[7.345s] INFO:colcon.colcon_core.shell:Creating prefix chain script '/home/mlemsalu/object_det_3D/objectdet_ws/install/setup.ps1'
[7.346s] INFO:colcon.colcon_core.shell:Creating prefix script '/home/mlemsalu/object_det_3D/objectdet_ws/install/local_setup.sh'
[7.347s] INFO:colcon.colcon_core.shell:Creating prefix util module '/home/mlemsalu/object_det_3D/objectdet_ws/install/_local_setup_util_sh.py'
[7.347s] INFO:colcon.colcon_core.shell:Creating prefix chain script '/home/mlemsalu/object_det_3D/objectdet_ws/install/setup.sh'
[7.348s] INFO:colcon.colcon_core.shell:Creating prefix script '/home/mlemsalu/object_det_3D/objectdet_ws/install/local_setup.bash'
[7.348s] INFO:colcon.colcon_core.shell:Creating prefix chain script '/home/mlemsalu/object_det_3D/objectdet_ws/install/setup.bash'
[7.349s] INFO:colcon.colcon_core.shell:Creating prefix script '/home/mlemsalu/object_det_3D/objectdet_ws/install/local_setup.zsh'
[7.350s] INFO:colcon.colcon_core.shell:Creating prefix chain script '/home/mlemsalu/object_det_3D/objectdet_ws/install/setup.zsh'
