[0.017s] Invoking command in '/home/mlemsalu/object_det_3D/objectdet_ws/build/merge_pointclouds': CMAKE_PREFIX_PATH=/opt/ros/foxy /usr/bin/cmake --build /home/mlemsalu/object_det_3D/objectdet_ws/build/merge_pointclouds -- -j12 -l12
[0.046s] -- Found ament_cmake: 0.9.12 (/opt/ros/foxy/share/ament_cmake/cmake)
[0.073s] -- Using PYTHON_EXECUTABLE: /usr/bin/python3
[0.276s] -- Found rclcpp: 2.4.3 (/opt/ros/foxy/share/rclcpp/cmake)
[0.304s] -- Using all available rosidl_typesupport_c: rosidl_typesupport_fastrtps_c;rosidl_typesupport_introspection_c
[0.307s] -- Found rosidl_adapter: 1.3.1 (/opt/ros/foxy/share/rosidl_adapter/cmake)
[0.394s] -- Using all available rosidl_typesupport_cpp: rosidl_typesupport_fastrtps_cpp;rosidl_typesupport_introspection_cpp
[0.438s] -- Found rmw_implementation_cmake: 1.0.4 (/opt/ros/foxy/share/rmw_implementation_cmake/cmake)
[0.439s] -- Using RMW implementation 'rmw_fastrtps_cpp' as default
[0.567s] -- Found custom_msgs: 0.0.0 (/home/mlemsalu/walker_ws/install/custom_msgs/share/custom_msgs/cmake)
[0.894s] -- Found tf2_ros: 0.13.14 (/opt/ros/foxy/share/tf2_ros/cmake)
[1.193s] -- Found tf2_eigen: 0.13.14 (/opt/ros/foxy/share/tf2_eigen/cmake)
[1.207s] -- Eigen found (include: /usr/include/eigen3, version: 3.3.7)
[1.223s] -- OpenNI found (include: /usr/include/ni, lib: /usr/lib/libOpenNI.so)
[1.228s] -- OpenNI2 found (include: /usr/include/openni2, lib: /usr/lib/libOpenNI2.so)
[1.229s] ** WARNING ** io features related to pcap will be disabled
[1.229s] ** WARNING ** io features related to png will be disabled
[1.279s] -- The imported target "vtkParseOGLExt" references the file
[1.279s]    "/usr/bin/vtkParseOGLExt-7.1"
[1.279s] but this file does not exist.  Possible reasons include:
[1.280s] * The file was deleted, renamed, or moved to another location.
[1.280s] * An install or uninstall procedure did not complete successfully.
[1.280s] * The installation package was faulty and contained
[1.280s]    "/usr/lib/cmake/vtk-7.1/VTKTargets.cmake"
[1.280s] but not all the files it references.
[1.280s] 
[1.281s] -- The imported target "vtkRenderingPythonTkWidgets" references the file
[1.281s]    "/usr/lib/x86_64-linux-gnu/libvtkRenderingPythonTkWidgets.so"
[1.281s] but this file does not exist.  Possible reasons include:
[1.281s] * The file was deleted, renamed, or moved to another location.
[1.281s] * An install or uninstall procedure did not complete successfully.
[1.281s] * The installation package was faulty and contained
[1.281s]    "/usr/lib/cmake/vtk-7.1/VTKTargets.cmake"
[1.281s] but not all the files it references.
[1.281s] 
[1.282s] -- The imported target "vtk" references the file
[1.282s]    "/usr/bin/vtk"
[1.282s] but this file does not exist.  Possible reasons include:
[1.282s] * The file was deleted, renamed, or moved to another location.
[1.282s] * An install or uninstall procedure did not complete successfully.
[1.282s] * The installation package was faulty and contained
[1.283s]    "/usr/lib/cmake/vtk-7.1/VTKTargets.cmake"
[1.283s] but not all the files it references.
[1.283s] 
[1.283s] -- The imported target "pvtk" references the file
[1.283s]    "/usr/bin/pvtk"
[1.283s] but this file does not exist.  Possible reasons include:
[1.283s] * The file was deleted, renamed, or moved to another location.
[1.283s] * An install or uninstall procedure did not complete successfully.
[1.283s] * The installation package was faulty and contained
[1.284s]    "/usr/lib/cmake/vtk-7.1/VTKTargets.cmake"
[1.284s] but not all the files it references.
[1.284s] 
[1.297s] ** WARNING ** io features related to libusb-1.0 will be disabled
[1.297s] -- looking for PCL_COMMON
[1.297s] -- looking for PCL_OCTREE
[1.298s] -- looking for PCL_IO
[1.299s] -- Found pcl_conversions: 2.2.1 (/opt/ros/foxy/share/pcl_conversions/cmake)
[1.500s] -- Found ament_lint_auto: 0.9.8 (/opt/ros/foxy/share/ament_lint_auto/cmake)
[1.557s] -- Added test 'copyright' to check source files copyright and LICENSE
[1.558s] -- Added test 'cppcheck' to perform static code analysis on C / C++ code
[1.559s] -- Configured cppcheck include dirs: $<BUILD_INTERFACE:/home/mlemsalu/object_det_3D/objectdet_ws/src/merge_pointclouds/include>
[1.559s] -- Configured cppcheck exclude dirs and/or files: 
[1.560s] -- Added test 'cpplint' to check C / C++ code against the Google style
[1.560s] -- Configured cpplint exclude dirs and/or files: 
[1.560s] -- Added test 'lint_cmake' to check CMake code style
[1.561s] -- Added test 'uncrustify' to check C / C++ code style
[1.561s] -- Configured uncrustify additional arguments: 
[1.562s] -- Added test 'xmllint' to check XML markup files
[1.565s] -- Configuring done
[1.571s] CMake Error at CMakeLists.txt:33 (add_executable):
[1.571s]   Target "merge_pointclouds_node" links to target "tf2_eigen::tf2_eigen" but
[1.571s]   the target was not found.  Perhaps a find_package() call is missing for an
[1.571s]   IMPORTED target, or an ALIAS target is missing?
[1.571s] 
[1.572s] 
[1.596s] -- Generating done
[1.598s] CMake Generate step failed.  Build files cannot be regenerated correctly.
[1.604s] make: *** [Makefile:266: cmake_check_build_system] Error 1
[1.608s] Invoked command in '/home/mlemsalu/object_det_3D/objectdet_ws/build/merge_pointclouds' returned '2': CMAKE_PREFIX_PATH=/opt/ros/foxy /usr/bin/cmake --build /home/mlemsalu/object_det_3D/objectdet_ws/build/merge_pointclouds -- -j12 -l12
