[0.020s] Invoking command in '/home/mlemsalu/object_det_3D/objectdet_ws/build/merge_pointclouds': CMAKE_PREFIX_PATH=/opt/ros/foxy /usr/bin/cmake --build /home/mlemsalu/object_det_3D/objectdet_ws/build/merge_pointclouds -- -j12 -l12
[0.050s] -- Found ament_cmake: 0.9.12 (/opt/ros/foxy/share/ament_cmake/cmake)
[0.073s] -- Using PYTHON_EXECUTABLE: /usr/bin/python3
[0.287s] -- Found rclcpp: 2.4.3 (/opt/ros/foxy/share/rclcpp/cmake)
[0.321s] -- Using all available rosidl_typesupport_c: rosidl_typesupport_fastrtps_c;rosidl_typesupport_introspection_c
[0.324s] -- Found rosidl_adapter: 1.3.1 (/opt/ros/foxy/share/rosidl_adapter/cmake)
[0.413s] -- Using all available rosidl_typesupport_cpp: rosidl_typesupport_fastrtps_cpp;rosidl_typesupport_introspection_cpp
[0.460s] -- Found rmw_implementation_cmake: 1.0.4 (/opt/ros/foxy/share/rmw_implementation_cmake/cmake)
[0.462s] -- Using RMW implementation 'rmw_fastrtps_cpp' as default
[0.592s] -- Found custom_msgs: 0.0.0 (/home/mlemsalu/walker_ws/install/custom_msgs/share/custom_msgs/cmake)
[0.920s] -- Found tf2_ros: 0.13.14 (/opt/ros/foxy/share/tf2_ros/cmake)
[1.214s] -- Found tf2_eigen: 0.13.14 (/opt/ros/foxy/share/tf2_eigen/cmake)
[1.227s] -- Eigen found (include: /usr/include/eigen3, version: 3.3.7)
[1.243s] -- OpenNI found (include: /usr/include/ni, lib: /usr/lib/libOpenNI.so)
[1.249s] -- OpenNI2 found (include: /usr/include/openni2, lib: /usr/lib/libOpenNI2.so)
[1.250s] ** WARNING ** io features related to pcap will be disabled
[1.250s] ** WARNING ** io features related to png will be disabled
[1.303s] -- The imported target "vtkParseOGLExt" references the file
[1.303s]    "/usr/bin/vtkParseOGLExt-7.1"
[1.303s] but this file does not exist.  Possible reasons include:
[1.303s] * The file was deleted, renamed, or moved to another location.
[1.303s] * An install or uninstall procedure did not complete successfully.
[1.303s] * The installation package was faulty and contained
[1.303s]    "/usr/lib/cmake/vtk-7.1/VTKTargets.cmake"
[1.304s] but not all the files it references.
[1.304s] 
[1.304s] -- The imported target "vtkRenderingPythonTkWidgets" references the file
[1.304s]    "/usr/lib/x86_64-linux-gnu/libvtkRenderingPythonTkWidgets.so"
[1.304s] but this file does not exist.  Possible reasons include:
[1.304s] * The file was deleted, renamed, or moved to another location.
[1.305s] * An install or uninstall procedure did not complete successfully.
[1.305s] * The installation package was faulty and contained
[1.305s]    "/usr/lib/cmake/vtk-7.1/VTKTargets.cmake"
[1.305s] but not all the files it references.
[1.305s] 
[1.305s] -- The imported target "vtk" references the file
[1.305s]    "/usr/bin/vtk"
[1.305s] but this file does not exist.  Possible reasons include:
[1.306s] * The file was deleted, renamed, or moved to another location.
[1.306s] * An install or uninstall procedure did not complete successfully.
[1.306s] * The installation package was faulty and contained
[1.306s]    "/usr/lib/cmake/vtk-7.1/VTKTargets.cmake"
[1.306s] but not all the files it references.
[1.306s] 
[1.306s] -- The imported target "pvtk" references the file
[1.306s]    "/usr/bin/pvtk"
[1.306s] but this file does not exist.  Possible reasons include:
[1.306s] * The file was deleted, renamed, or moved to another location.
[1.306s] * An install or uninstall procedure did not complete successfully.
[1.306s] * The installation package was faulty and contained
[1.306s]    "/usr/lib/cmake/vtk-7.1/VTKTargets.cmake"
[1.306s] but not all the files it references.
[1.306s] 
[1.321s] ** WARNING ** io features related to libusb-1.0 will be disabled
[1.321s] -- looking for PCL_COMMON
[1.322s] -- looking for PCL_OCTREE
[1.323s] -- looking for PCL_IO
[1.324s] -- Found pcl_conversions: 2.2.1 (/opt/ros/foxy/share/pcl_conversions/cmake)
[1.530s] -- Found ament_lint_auto: 0.9.8 (/opt/ros/foxy/share/ament_lint_auto/cmake)
[1.582s] -- Added test 'copyright' to check source files copyright and LICENSE
[1.583s] -- Added test 'cppcheck' to perform static code analysis on C / C++ code
[1.583s] -- Configured cppcheck include dirs: $<BUILD_INTERFACE:/home/mlemsalu/object_det_3D/objectdet_ws/src/merge_pointclouds/include>
[1.583s] -- Configured cppcheck exclude dirs and/or files: 
[1.584s] -- Added test 'cpplint' to check C / C++ code against the Google style
[1.584s] -- Configured cpplint exclude dirs and/or files: 
[1.585s] -- Added test 'lint_cmake' to check CMake code style
[1.585s] -- Added test 'uncrustify' to check C / C++ code style
[1.585s] -- Configured uncrustify additional arguments: 
[1.586s] -- Added test 'xmllint' to check XML markup files
[1.589s] -- Configuring done
[1.618s] -- Generating done
[1.620s] -- Build files have been written to: /home/mlemsalu/object_det_3D/objectdet_ws/build/merge_pointclouds
[1.668s] [ 50%] [32mBuilding CXX object CMakeFiles/merge_pointclouds_node.dir/src/merge_pointclouds_node.cpp.o[0m
[3.176s] [01m[K/home/mlemsalu/object_det_3D/objectdet_ws/src/merge_pointclouds/src/merge_pointclouds_node.cpp:19:10:[m[K [01;31m[Kfatal error: [m[Ktf2_eigen/tf2_eigen.hpp: No such file or directory
[3.176s]    19 | #include [01;31m[K<tf2_eigen/tf2_eigen.hpp>[m[K
[3.176s]       |          [01;31m[K^~~~~~~~~~~~~~~~~~~~~~~~~[m[K
[3.176s] compilation terminated.
[3.195s] make[2]: *** [CMakeFiles/merge_pointclouds_node.dir/build.make:63: CMakeFiles/merge_pointclouds_node.dir/src/merge_pointclouds_node.cpp.o] Error 1
[3.196s] make[1]: *** [CMakeFiles/Makefile2:78: CMakeFiles/merge_pointclouds_node.dir/all] Error 2
[3.196s] make: *** [Makefile:141: all] Error 2
[3.200s] Invoked command in '/home/mlemsalu/object_det_3D/objectdet_ws/build/merge_pointclouds' returned '2': CMAKE_PREFIX_PATH=/opt/ros/foxy /usr/bin/cmake --build /home/mlemsalu/object_det_3D/objectdet_ws/build/merge_pointclouds -- -j12 -l12
