[0.018s] Invoking command in '/home/mlemsalu/object_det_3D/objectdet_ws/build/merge_pointclouds': CMAKE_PREFIX_PATH=/opt/ros/foxy /usr/bin/cmake --build /home/mlemsalu/object_det_3D/objectdet_ws/build/merge_pointclouds -- -j12 -l12
[0.051s] -- Found ament_cmake: 0.9.12 (/opt/ros/foxy/share/ament_cmake/cmake)
[0.073s] -- Using PYTHON_EXECUTABLE: /usr/bin/python3
[0.272s] -- Found rclcpp: 2.4.3 (/opt/ros/foxy/share/rclcpp/cmake)
[0.300s] -- Using all available rosidl_typesupport_c: rosidl_typesupport_fastrtps_c;rosidl_typesupport_introspection_c
[0.303s] -- Found rosidl_adapter: 1.3.1 (/opt/ros/foxy/share/rosidl_adapter/cmake)
[0.390s] -- Using all available rosidl_typesupport_cpp: rosidl_typesupport_fastrtps_cpp;rosidl_typesupport_introspection_cpp
[0.433s] -- Found rmw_implementation_cmake: 1.0.4 (/opt/ros/foxy/share/rmw_implementation_cmake/cmake)
[0.434s] -- Using RMW implementation 'rmw_fastrtps_cpp' as default
[0.559s] -- Found custom_msgs: 0.0.0 (/home/mlemsalu/walker_ws/install/custom_msgs/share/custom_msgs/cmake)
[0.882s] -- Found tf2_ros: 0.13.14 (/opt/ros/foxy/share/tf2_ros/cmake)
[1.175s] -- Found tf2_eigen: 0.13.14 (/opt/ros/foxy/share/tf2_eigen/cmake)
[1.188s] -- Eigen found (include: /usr/include/eigen3, version: 3.3.7)
[1.204s] -- OpenNI found (include: /usr/include/ni, lib: /usr/lib/libOpenNI.so)
[1.209s] -- OpenNI2 found (include: /usr/include/openni2, lib: /usr/lib/libOpenNI2.so)
[1.210s] ** WARNING ** io features related to pcap will be disabled
[1.210s] ** WARNING ** io features related to png will be disabled
[1.261s] -- The imported target "vtkParseOGLExt" references the file
[1.261s]    "/usr/bin/vtkParseOGLExt-7.1"
[1.261s] but this file does not exist.  Possible reasons include:
[1.261s] * The file was deleted, renamed, or moved to another location.
[1.261s] * An install or uninstall procedure did not complete successfully.
[1.261s] * The installation package was faulty and contained
[1.261s]    "/usr/lib/cmake/vtk-7.1/VTKTargets.cmake"
[1.261s] but not all the files it references.
[1.262s] 
[1.262s] -- The imported target "vtkRenderingPythonTkWidgets" references the file
[1.262s]    "/usr/lib/x86_64-linux-gnu/libvtkRenderingPythonTkWidgets.so"
[1.262s] but this file does not exist.  Possible reasons include:
[1.262s] * The file was deleted, renamed, or moved to another location.
[1.262s] * An install or uninstall procedure did not complete successfully.
[1.262s] * The installation package was faulty and contained
[1.263s]    "/usr/lib/cmake/vtk-7.1/VTKTargets.cmake"
[1.263s] but not all the files it references.
[1.263s] 
[1.263s] -- The imported target "vtk" references the file
[1.263s]    "/usr/bin/vtk"
[1.263s] but this file does not exist.  Possible reasons include:
[1.264s] * The file was deleted, renamed, or moved to another location.
[1.264s] * An install or uninstall procedure did not complete successfully.
[1.264s] * The installation package was faulty and contained
[1.264s]    "/usr/lib/cmake/vtk-7.1/VTKTargets.cmake"
[1.264s] but not all the files it references.
[1.264s] 
[1.264s] -- The imported target "pvtk" references the file
[1.264s]    "/usr/bin/pvtk"
[1.264s] but this file does not exist.  Possible reasons include:
[1.264s] * The file was deleted, renamed, or moved to another location.
[1.264s] * An install or uninstall procedure did not complete successfully.
[1.264s] * The installation package was faulty and contained
[1.264s]    "/usr/lib/cmake/vtk-7.1/VTKTargets.cmake"
[1.265s] but not all the files it references.
[1.265s] 
[1.278s] ** WARNING ** io features related to libusb-1.0 will be disabled
[1.278s] -- looking for PCL_COMMON
[1.279s] -- looking for PCL_OCTREE
[1.280s] -- looking for PCL_IO
[1.281s] -- Found pcl_conversions: 2.2.1 (/opt/ros/foxy/share/pcl_conversions/cmake)
[1.490s] -- Found ament_lint_auto: 0.9.8 (/opt/ros/foxy/share/ament_lint_auto/cmake)
[1.542s] -- Added test 'copyright' to check source files copyright and LICENSE
[1.543s] -- Added test 'cppcheck' to perform static code analysis on C / C++ code
[1.544s] -- Configured cppcheck include dirs: $<BUILD_INTERFACE:/home/mlemsalu/object_det_3D/objectdet_ws/src/merge_pointclouds/include>
[1.544s] -- Configured cppcheck exclude dirs and/or files: 
[1.544s] -- Added test 'cpplint' to check C / C++ code against the Google style
[1.544s] -- Configured cpplint exclude dirs and/or files: 
[1.545s] -- Added test 'lint_cmake' to check CMake code style
[1.546s] -- Added test 'uncrustify' to check C / C++ code style
[1.546s] -- Configured uncrustify additional arguments: 
[1.546s] -- Added test 'xmllint' to check XML markup files
[1.549s] -- Configuring done
[1.577s] -- Generating done
[1.579s] -- Build files have been written to: /home/mlemsalu/object_det_3D/objectdet_ws/build/merge_pointclouds
[1.624s] [ 50%] [32mBuilding CXX object CMakeFiles/merge_pointclouds_node.dir/src/merge_pointclouds_node.cpp.o[0m
[3.111s] [01m[K/home/mlemsalu/object_det_3D/objectdet_ws/src/merge_pointclouds/src/merge_pointclouds_node.cpp:19:10:[m[K [01;31m[Kfatal error: [m[Ktf2_eigen/tf2_eigen.hpp: No such file or directory
[3.111s]    19 | #include [01;31m[K<tf2_eigen/tf2_eigen.hpp>[m[K
[3.111s]       |          [01;31m[K^~~~~~~~~~~~~~~~~~~~~~~~~[m[K
[3.111s] compilation terminated.
[3.129s] make[2]: *** [CMakeFiles/merge_pointclouds_node.dir/build.make:63: CMakeFiles/merge_pointclouds_node.dir/src/merge_pointclouds_node.cpp.o] Error 1
[3.130s] make[1]: *** [CMakeFiles/Makefile2:78: CMakeFiles/merge_pointclouds_node.dir/all] Error 2
[3.130s] make: *** [Makefile:141: all] Error 2
[3.132s] Invoked command in '/home/mlemsalu/object_det_3D/objectdet_ws/build/merge_pointclouds' returned '2': CMAKE_PREFIX_PATH=/opt/ros/foxy /usr/bin/cmake --build /home/mlemsalu/object_det_3D/objectdet_ws/build/merge_pointclouds -- -j12 -l12
