[0.013s] Invoking command in '/home/mlemsalu/object_det_3D/objectdet_ws/build/gnss_pose_estimation_node': CMAKE_PREFIX_PATH=/opt/ros/foxy /usr/bin/cmake --build /home/mlemsalu/object_det_3D/objectdet_ws/build/gnss_pose_estimation_node -- -j12 -l12
[0.059s] [35m[1mScanning dependencies of target gnss_pose_estimation_node[0m
[0.107s] [ 50%] [32mBuilding CXX object CMakeFiles/gnss_pose_estimation_node.dir/src/gnss_pose_estimation_node.cpp.o[0m
[1.620s] In file included from [01m[K/home/mlemsalu/object_det_3D/objectdet_ws/src/GNSS_pose_estimation/src/gnss_pose_estimation_node.cpp:10[m[K:
[1.621s] [01m[K/home/mlemsalu/object_det_3D/ll2enu/WGS84toCartesian.hpp:[m[K In function ‘[01m[Kstd::array<double, 2> wgs84::toCartesian(const std::array<double, 2>&, const std::array<double, 2>&)[m[K’:
[1.621s] [01m[K/home/mlemsalu/object_det_3D/ll2enu/WGS84toCartesian.hpp:52:22:[m[K [01;35m[Kwarning: [m[Kunused variable ‘[01m[KPOLE_RADIUS[m[K’ [[01;35m[K-Wunused-variable[m[K]
[1.621s]    52 |     constexpr double [01;35m[KPOLE_RADIUS[m[K{EQUATOR_RADIUS * SQUARE_ROOT_ONE_MINUS_ECCENTRICITY};
[1.621s]       |                      [01;35m[K^~~~~~~~~~~[m[K
[7.701s] [100%] [32m[1mLinking CXX executable gnss_pose_estimation_node[0m
[7.860s] [100%] Built target gnss_pose_estimation_node
[7.872s] Invoked command in '/home/mlemsalu/object_det_3D/objectdet_ws/build/gnss_pose_estimation_node' returned '0': CMAKE_PREFIX_PATH=/opt/ros/foxy /usr/bin/cmake --build /home/mlemsalu/object_det_3D/objectdet_ws/build/gnss_pose_estimation_node -- -j12 -l12
[7.896s] Invoking command in '/home/mlemsalu/object_det_3D/objectdet_ws/build/gnss_pose_estimation_node': CMAKE_PREFIX_PATH=/opt/ros/foxy /usr/bin/cmake --install /home/mlemsalu/object_det_3D/objectdet_ws/build/gnss_pose_estimation_node
[7.903s] -- Install configuration: "Release"
[7.903s] -- Installing: /home/mlemsalu/object_det_3D/objectdet_ws/install/gnss_pose_estimation_node/lib/gnss_pose_estimation_node/gnss_pose_estimation_node
[7.904s] -- Set runtime path of "/home/mlemsalu/object_det_3D/objectdet_ws/install/gnss_pose_estimation_node/lib/gnss_pose_estimation_node/gnss_pose_estimation_node" to ""
[7.904s] -- Up-to-date: /home/mlemsalu/object_det_3D/objectdet_ws/install/gnss_pose_estimation_node/share/ament_index/resource_index/package_run_dependencies/gnss_pose_estimation_node
[7.905s] -- Up-to-date: /home/mlemsalu/object_det_3D/objectdet_ws/install/gnss_pose_estimation_node/share/ament_index/resource_index/parent_prefix_path/gnss_pose_estimation_node
[7.905s] -- Up-to-date: /home/mlemsalu/object_det_3D/objectdet_ws/install/gnss_pose_estimation_node/share/gnss_pose_estimation_node/environment/ament_prefix_path.sh
[7.905s] -- Up-to-date: /home/mlemsalu/object_det_3D/objectdet_ws/install/gnss_pose_estimation_node/share/gnss_pose_estimation_node/environment/ament_prefix_path.dsv
[7.905s] -- Up-to-date: /home/mlemsalu/object_det_3D/objectdet_ws/install/gnss_pose_estimation_node/share/gnss_pose_estimation_node/environment/path.sh
[7.905s] -- Up-to-date: /home/mlemsalu/object_det_3D/objectdet_ws/install/gnss_pose_estimation_node/share/gnss_pose_estimation_node/environment/path.dsv
[7.905s] -- Up-to-date: /home/mlemsalu/object_det_3D/objectdet_ws/install/gnss_pose_estimation_node/share/gnss_pose_estimation_node/local_setup.bash
[7.905s] -- Up-to-date: /home/mlemsalu/object_det_3D/objectdet_ws/install/gnss_pose_estimation_node/share/gnss_pose_estimation_node/local_setup.sh
[7.905s] -- Up-to-date: /home/mlemsalu/object_det_3D/objectdet_ws/install/gnss_pose_estimation_node/share/gnss_pose_estimation_node/local_setup.zsh
[7.905s] -- Up-to-date: /home/mlemsalu/object_det_3D/objectdet_ws/install/gnss_pose_estimation_node/share/gnss_pose_estimation_node/local_setup.dsv
[7.905s] -- Installing: /home/mlemsalu/object_det_3D/objectdet_ws/install/gnss_pose_estimation_node/share/gnss_pose_estimation_node/package.dsv
[7.905s] -- Up-to-date: /home/mlemsalu/object_det_3D/objectdet_ws/install/gnss_pose_estimation_node/share/ament_index/resource_index/packages/gnss_pose_estimation_node
[7.905s] -- Up-to-date: /home/mlemsalu/object_det_3D/objectdet_ws/install/gnss_pose_estimation_node/share/gnss_pose_estimation_node/cmake/gnss_pose_estimation_nodeConfig.cmake
[7.905s] -- Up-to-date: /home/mlemsalu/object_det_3D/objectdet_ws/install/gnss_pose_estimation_node/share/gnss_pose_estimation_node/cmake/gnss_pose_estimation_nodeConfig-version.cmake
[7.905s] -- Up-to-date: /home/mlemsalu/object_det_3D/objectdet_ws/install/gnss_pose_estimation_node/share/gnss_pose_estimation_node/package.xml
[7.908s] Invoked command in '/home/mlemsalu/object_det_3D/objectdet_ws/build/gnss_pose_estimation_node' returned '0': CMAKE_PREFIX_PATH=/opt/ros/foxy /usr/bin/cmake --install /home/mlemsalu/object_det_3D/objectdet_ws/build/gnss_pose_estimation_node
