[0.019s] Invoking command in '/home/mlemsalu/object_det_3D/objectdet_ws/build/merge_pointclouds': CMAKE_PREFIX_PATH=/opt/ros/foxy /usr/bin/cmake --build /home/mlemsalu/object_det_3D/objectdet_ws/build/merge_pointclouds -- -j12 -l12
[0.047s] -- Found ament_cmake: 0.9.12 (/opt/ros/foxy/share/ament_cmake/cmake)
[0.069s] -- Using PYTHON_EXECUTABLE: /usr/bin/python3
[0.266s] -- Found rclcpp: 2.4.3 (/opt/ros/foxy/share/rclcpp/cmake)
[0.294s] -- Using all available rosidl_typesupport_c: rosidl_typesupport_fastrtps_c;rosidl_typesupport_introspection_c
[0.297s] -- Found rosidl_adapter: 1.3.1 (/opt/ros/foxy/share/rosidl_adapter/cmake)
[0.383s] -- Using all available rosidl_typesupport_cpp: rosidl_typesupport_fastrtps_cpp;rosidl_typesupport_introspection_cpp
[0.427s] -- Found rmw_implementation_cmake: 1.0.4 (/opt/ros/foxy/share/rmw_implementation_cmake/cmake)
[0.428s] -- Using RMW implementation 'rmw_fastrtps_cpp' as default
[0.557s] -- Found custom_msgs: 0.0.0 (/home/mlemsalu/walker_ws/install/custom_msgs/share/custom_msgs/cmake)
[0.878s] -- Found tf2_ros: 0.13.14 (/opt/ros/foxy/share/tf2_ros/cmake)
[1.170s] -- Found tf2_eigen: 0.13.14 (/opt/ros/foxy/share/tf2_eigen/cmake)
[1.183s] -- Eigen found (include: /usr/include/eigen3, version: 3.3.7)
[1.198s] -- OpenNI found (include: /usr/include/ni, lib: /usr/lib/libOpenNI.so)
[1.204s] -- OpenNI2 found (include: /usr/include/openni2, lib: /usr/lib/libOpenNI2.so)
[1.204s] ** WARNING ** io features related to pcap will be disabled
[1.205s] ** WARNING ** io features related to png will be disabled
[1.254s] -- The imported target "vtkParseOGLExt" references the file
[1.254s]    "/usr/bin/vtkParseOGLExt-7.1"
[1.254s] but this file does not exist.  Possible reasons include:
[1.254s] * The file was deleted, renamed, or moved to another location.
[1.254s] * An install or uninstall procedure did not complete successfully.
[1.254s] * The installation package was faulty and contained
[1.254s]    "/usr/lib/cmake/vtk-7.1/VTKTargets.cmake"
[1.254s] but not all the files it references.
[1.254s] 
[1.255s] -- The imported target "vtkRenderingPythonTkWidgets" references the file
[1.255s]    "/usr/lib/x86_64-linux-gnu/libvtkRenderingPythonTkWidgets.so"
[1.255s] but this file does not exist.  Possible reasons include:
[1.255s] * The file was deleted, renamed, or moved to another location.
[1.255s] * An install or uninstall procedure did not complete successfully.
[1.255s] * The installation package was faulty and contained
[1.255s]    "/usr/lib/cmake/vtk-7.1/VTKTargets.cmake"
[1.256s] but not all the files it references.
[1.256s] 
[1.256s] -- The imported target "vtk" references the file
[1.256s]    "/usr/bin/vtk"
[1.256s] but this file does not exist.  Possible reasons include:
[1.256s] * The file was deleted, renamed, or moved to another location.
[1.256s] * An install or uninstall procedure did not complete successfully.
[1.256s] * The installation package was faulty and contained
[1.256s]    "/usr/lib/cmake/vtk-7.1/VTKTargets.cmake"
[1.256s] but not all the files it references.
[1.257s] 
[1.257s] -- The imported target "pvtk" references the file
[1.257s]    "/usr/bin/pvtk"
[1.257s] but this file does not exist.  Possible reasons include:
[1.257s] * The file was deleted, renamed, or moved to another location.
[1.257s] * An install or uninstall procedure did not complete successfully.
[1.257s] * The installation package was faulty and contained
[1.257s]    "/usr/lib/cmake/vtk-7.1/VTKTargets.cmake"
[1.257s] but not all the files it references.
[1.257s] 
[1.270s] ** WARNING ** io features related to libusb-1.0 will be disabled
[1.270s] -- looking for PCL_COMMON
[1.271s] -- looking for PCL_OCTREE
[1.271s] -- looking for PCL_IO
[1.272s] -- Found pcl_conversions: 2.2.1 (/opt/ros/foxy/share/pcl_conversions/cmake)
[1.474s] -- Found ament_lint_auto: 0.9.8 (/opt/ros/foxy/share/ament_lint_auto/cmake)
[1.529s] -- Added test 'copyright' to check source files copyright and LICENSE
[1.529s] -- Added test 'cppcheck' to perform static code analysis on C / C++ code
[1.530s] -- Configured cppcheck include dirs: $<BUILD_INTERFACE:/home/mlemsalu/object_det_3D/objectdet_ws/src/merge_pointclouds/include>
[1.530s] -- Configured cppcheck exclude dirs and/or files: 
[1.531s] -- Added test 'cpplint' to check C / C++ code against the Google style
[1.531s] -- Configured cpplint exclude dirs and/or files: 
[1.531s] -- Added test 'lint_cmake' to check CMake code style
[1.532s] -- Added test 'uncrustify' to check C / C++ code style
[1.532s] -- Configured uncrustify additional arguments: 
[1.532s] -- Added test 'xmllint' to check XML markup files
[1.536s] -- Configuring done
[1.541s] CMake Error at CMakeLists.txt:33 (add_executable):
[1.541s]   Target "merge_pointclouds_node" links to target "tf2_eigen::tf2_eigen" but
[1.542s]   the target was not found.  Perhaps a find_package() call is missing for an
[1.542s]   IMPORTED target, or an ALIAS target is missing?
[1.542s] 
[1.542s] 
[1.566s] -- Generating done
[1.567s] CMake Generate step failed.  Build files cannot be regenerated correctly.
[1.574s] make: *** [Makefile:266: cmake_check_build_system] Error 1
[1.576s] Invoked command in '/home/mlemsalu/object_det_3D/objectdet_ws/build/merge_pointclouds' returned '2': CMAKE_PREFIX_PATH=/opt/ros/foxy /usr/bin/cmake --build /home/mlemsalu/object_det_3D/objectdet_ws/build/merge_pointclouds -- -j12 -l12
