[0.012s] Invoking command in '/home/mlemsalu/object_det_3D/objectdet_ws/build/merge_pointclouds': CMAKE_PREFIX_PATH=${CMAKE_PREFIX_PATH}:/home/mlemsalu/walker_ws/install/ros2bag_to_files:/home/mlemsalu/walker_ws/install/message_sync_python_lidar2lidar:/home/mlemsalu/walker_ws/install/message_sync_python:/home/mlemsalu/walker_ws/install/ros2bag:/opt/ros/foxy /usr/bin/cmake --build /home/mlemsalu/object_det_3D/objectdet_ws/build/merge_pointclouds -- -j12 -l12
[0.041s] -- Found ament_cmake: 0.9.12 (/opt/ros/foxy/share/ament_cmake/cmake)
[0.061s] -- Using PYTHON_EXECUTABLE: /usr/bin/python3
[0.228s] -- Found rclcpp: 2.4.3 (/opt/ros/foxy/share/rclcpp/cmake)
[0.257s] -- Using all available rosidl_typesupport_c: rosidl_typesupport_fastrtps_c;rosidl_typesupport_introspection_c
[0.260s] -- Found rosidl_adapter: 1.3.1 (/opt/ros/foxy/share/rosidl_adapter/cmake)
[0.351s] -- Using all available rosidl_typesupport_cpp: rosidl_typesupport_fastrtps_cpp;rosidl_typesupport_introspection_cpp
[0.392s] -- Found rmw_implementation_cmake: 1.0.4 (/opt/ros/foxy/share/rmw_implementation_cmake/cmake)
[0.394s] -- Using RMW implementation 'rmw_fastrtps_cpp' as default
[0.514s] -- Found custom_msgs: 0.0.0 (/home/mlemsalu/walker_ws/install/custom_msgs/share/custom_msgs/cmake)
[0.819s] -- Found tf2_ros: 0.13.14 (/opt/ros/foxy/share/tf2_ros/cmake)
[1.103s] -- Eigen found (include: /usr/include/eigen3, version: 3.3.7)
[1.117s] -- OpenNI found (include: /usr/include/ni, lib: /usr/lib/libOpenNI.so)
[1.123s] -- OpenNI2 found (include: /usr/include/openni2, lib: /usr/lib/libOpenNI2.so)
[1.123s] ** WARNING ** io features related to pcap will be disabled
[1.123s] ** WARNING ** io features related to png will be disabled
[1.170s] -- The imported target "vtkParseOGLExt" references the file
[1.170s]    "/usr/bin/vtkParseOGLExt-7.1"
[1.170s] but this file does not exist.  Possible reasons include:
[1.170s] * The file was deleted, renamed, or moved to another location.
[1.170s] * An install or uninstall procedure did not complete successfully.
[1.170s] * The installation package was faulty and contained
[1.170s]    "/usr/lib/cmake/vtk-7.1/VTKTargets.cmake"
[1.170s] but not all the files it references.
[1.170s] 
[1.171s] -- The imported target "vtkRenderingPythonTkWidgets" references the file
[1.171s]    "/usr/lib/x86_64-linux-gnu/libvtkRenderingPythonTkWidgets.so"
[1.171s] but this file does not exist.  Possible reasons include:
[1.171s] * The file was deleted, renamed, or moved to another location.
[1.171s] * An install or uninstall procedure did not complete successfully.
[1.171s] * The installation package was faulty and contained
[1.171s]    "/usr/lib/cmake/vtk-7.1/VTKTargets.cmake"
[1.171s] but not all the files it references.
[1.171s] 
[1.172s] -- The imported target "vtk" references the file
[1.172s]    "/usr/bin/vtk"
[1.172s] but this file does not exist.  Possible reasons include:
[1.172s] * The file was deleted, renamed, or moved to another location.
[1.172s] * An install or uninstall procedure did not complete successfully.
[1.172s] * The installation package was faulty and contained
[1.172s]    "/usr/lib/cmake/vtk-7.1/VTKTargets.cmake"
[1.172s] but not all the files it references.
[1.172s] 
[1.172s] -- The imported target "pvtk" references the file
[1.172s]    "/usr/bin/pvtk"
[1.172s] but this file does not exist.  Possible reasons include:
[1.172s] * The file was deleted, renamed, or moved to another location.
[1.172s] * An install or uninstall procedure did not complete successfully.
[1.173s] * The installation package was faulty and contained
[1.173s]    "/usr/lib/cmake/vtk-7.1/VTKTargets.cmake"
[1.173s] but not all the files it references.
[1.173s] 
[1.185s] ** WARNING ** io features related to libusb-1.0 will be disabled
[1.185s] -- looking for PCL_COMMON
[1.185s] -- looking for PCL_OCTREE
[1.186s] -- looking for PCL_IO
[1.187s] -- Found pcl_conversions: 2.2.1 (/opt/ros/foxy/share/pcl_conversions/cmake)
[1.388s] -- Found ament_lint_auto: 0.9.8 (/opt/ros/foxy/share/ament_lint_auto/cmake)
[1.435s] -- Added test 'copyright' to check source files copyright and LICENSE
[1.436s] -- Added test 'cppcheck' to perform static code analysis on C / C++ code
[1.437s] -- Configured cppcheck include dirs: $<BUILD_INTERFACE:/home/mlemsalu/object_det_3D/objectdet_ws/src/merge_pointclouds/include>
[1.437s] -- Configured cppcheck exclude dirs and/or files: 
[1.437s] -- Added test 'cpplint' to check C / C++ code against the Google style
[1.437s] -- Configured cpplint exclude dirs and/or files: 
[1.438s] -- Added test 'lint_cmake' to check CMake code style
[1.438s] -- Added test 'uncrustify' to check C / C++ code style
[1.438s] -- Configured uncrustify additional arguments: 
[1.439s] -- Added test 'xmllint' to check XML markup files
[1.441s] -- Configuring done
[1.467s] -- Generating done
[1.468s] -- Build files have been written to: /home/mlemsalu/object_det_3D/objectdet_ws/build/merge_pointclouds
[1.497s] [35m[1mScanning dependencies of target merge_pointclouds_node[0m
[1.543s] [ 50%] [32mBuilding CXX object CMakeFiles/merge_pointclouds_node.dir/src/merge_pointclouds_node.cpp.o[0m
[5.646s] [01m[K/home/mlemsalu/object_det_3D/objectdet_ws/src/merge_pointclouds/src/merge_pointclouds_node.cpp:[m[K In constructor ‘[01m[KMergePcNode::MergePcNode()[m[K’:
[5.646s] [01m[K/home/mlemsalu/object_det_3D/objectdet_ws/src/merge_pointclouds/src/merge_pointclouds_node.cpp:37:19:[m[K [01;31m[Kerror: [m[K‘[01m[KTimerNode[m[K’ has not been declared
[5.646s]    37 |        std::bind(&[01;31m[KTimerNode[m[K::mergePointClouds, this)
[5.646s]       |                   [01;31m[K^~~~~~~~~[m[K
[9.287s] make[2]: *** [CMakeFiles/merge_pointclouds_node.dir/build.make:63: CMakeFiles/merge_pointclouds_node.dir/src/merge_pointclouds_node.cpp.o] Error 1
[9.287s] make[1]: *** [CMakeFiles/Makefile2:78: CMakeFiles/merge_pointclouds_node.dir/all] Error 2
[9.287s] make: *** [Makefile:141: all] Error 2
[9.289s] Invoked command in '/home/mlemsalu/object_det_3D/objectdet_ws/build/merge_pointclouds' returned '2': CMAKE_PREFIX_PATH=${CMAKE_PREFIX_PATH}:/home/mlemsalu/walker_ws/install/ros2bag_to_files:/home/mlemsalu/walker_ws/install/message_sync_python_lidar2lidar:/home/mlemsalu/walker_ws/install/message_sync_python:/home/mlemsalu/walker_ws/install/ros2bag:/opt/ros/foxy /usr/bin/cmake --build /home/mlemsalu/object_det_3D/objectdet_ws/build/merge_pointclouds -- -j12 -l12
