[0.012s] Invoking command in '/home/mlemsalu/object_det_3D/objectdet_ws/build/GNSS_pose_estimation': CMAKE_PREFIX_PATH=/opt/ros/foxy /usr/bin/cmake --build /home/mlemsalu/object_det_3D/objectdet_ws/build/GNSS_pose_estimation -- -j12 -l12
[0.058s] [35m[1mScanning dependencies of target GNSS_pose_estimation_node[0m
[0.109s] [ 50%] [32mBuilding CXX object CMakeFiles/GNSS_pose_estimation_node.dir/src/GNSS_pose_estimation_node.cpp.o[0m
[1.649s] In file included from [01m[K/home/mlemsalu/object_det_3D/objectdet_ws/src/GNSS_pose_estimation/src/GNSS_pose_estimation_node.cpp:9[m[K:
[1.649s] [01m[K/home/mlemsalu/object_det_3D/ll2enu/WGS84toCartesian.hpp:[m[K In function ‘[01m[Kstd::array<double, 2> wgs84::toCartesian(const std::array<double, 2>&, const std::array<double, 2>&)[m[K’:
[1.649s] [01m[K/home/mlemsalu/object_det_3D/ll2enu/WGS84toCartesian.hpp:52:22:[m[K [01;35m[Kwarning: [m[Kunused variable ‘[01m[KPOLE_RADIUS[m[K’ [[01;35m[K-Wunused-variable[m[K]
[1.649s]    52 |     constexpr double [01;35m[KPOLE_RADIUS[m[K{EQUATOR_RADIUS * SQUARE_ROOT_ONE_MINUS_ECCENTRICITY};
[1.649s]       |                      [01;35m[K^~~~~~~~~~~[m[K
[1.679s] [01m[K/home/mlemsalu/object_det_3D/objectdet_ws/src/GNSS_pose_estimation/src/GNSS_pose_estimation_node.cpp:[m[K In constructor ‘[01m[KGNSSPoseEstimationNode::GNSSPoseEstimationNode()[m[K’:
[1.679s] [01m[K/home/mlemsalu/object_det_3D/objectdet_ws/src/GNSS_pose_estimation/src/GNSS_pose_estimation_node.cpp:18:102:[m[K [01;31m[Kerror: [m[Kno match for ‘[01m[Koperator=[m[K’ (operand types are ‘[01m[Krclcpp::Subscription<sensor_msgs::msg::NavSatFix_<std::allocator<void> > >::SharedPtr[m[K’ {aka ‘[01m[Kstd::shared_ptr<rclcpp::Subscription<sensor_msgs::msg::NavSatFix_<std::allocator<void> > > >[m[K’} and ‘[01m[Kstd::shared_ptr<rclcpp::Subscription<sensor_msgs::msg::PointCloud2_<std::allocator<void> >, std::allocator<void>, rclcpp::message_memory_strategy::MessageMemoryStrategy<sensor_msgs::msg::PointCloud2_<std::allocator<void> >, std::allocator<void> > > >[m[K’)
[1.679s]    18 |             "/fix", 10, std::bind(&GNSSPoseEstimationNode::GNSSCallback, this, std::placeholders::_1)[01;31m[K)[m[K;
[1.679s]       |                                                                                                      [01;31m[K^[m[K
[1.679s] In file included from [01m[K/usr/include/c++/9/memory:81[m[K,
[1.679s]                  from [01m[K/opt/ros/foxy/include/rclcpp/rclcpp.hpp:144[m[K,
[1.679s]                  from [01m[K/home/mlemsalu/object_det_3D/objectdet_ws/src/GNSS_pose_estimation/src/GNSS_pose_estimation_node.cpp:1[m[K:
[1.680s] [01m[K/usr/include/c++/9/bits/shared_ptr.h:309:19:[m[K [01;36m[Knote: [m[Kcandidate: ‘[01m[Kstd::shared_ptr<_Tp>& std::shared_ptr<_Tp>::operator=(const std::shared_ptr<_Tp>&) [with _Tp = rclcpp::Subscription<sensor_msgs::msg::NavSatFix_<std::allocator<void> > >][m[K’
[1.680s]   309 |       shared_ptr& [01;36m[Koperator[m[K=(const shared_ptr&) noexcept = default;
[1.680s]       |                   [01;36m[K^~~~~~~~[m[K
[1.680s] [01m[K/usr/include/c++/9/bits/shared_ptr.h:309:29:[m[K [01;36m[Knote: [m[K  no known conversion for argument 1 from ‘[01m[Kstd::shared_ptr<rclcpp::Subscription<sensor_msgs::msg::PointCloud2_<std::allocator<void> >, std::allocator<void>, rclcpp::message_memory_strategy::MessageMemoryStrategy<sensor_msgs::msg::PointCloud2_<std::allocator<void> >, std::allocator<void> > > >[m[K’ to ‘[01m[Kconst std::shared_ptr<rclcpp::Subscription<sensor_msgs::msg::NavSatFix_<std::allocator<void> > > >&[m[K’
[1.680s]   309 |       shared_ptr& operator=([01;36m[Kconst shared_ptr&[m[K) noexcept = default;
[1.680s]       |                             [01;36m[K^~~~~~~~~~~~~~~~~[m[K
[1.680s] [01m[K/usr/include/c++/9/bits/shared_ptr.h:313:2:[m[K [01;36m[Knote: [m[Kcandidate: ‘[01m[Ktemplate<class _Yp> std::shared_ptr<_Tp>::_Assignable<const std::shared_ptr<_Yp>&> std::shared_ptr<_Tp>::operator=(const std::shared_ptr<_Yp>&) [with _Yp = _Yp; _Tp = rclcpp::Subscription<sensor_msgs::msg::NavSatFix_<std::allocator<void> > >][m[K’
[1.680s]   313 |  [01;36m[Koperator[m[K=(const shared_ptr<_Yp>& __r) noexcept
[1.680s]       |  [01;36m[K^~~~~~~~[m[K
[1.680s] [01m[K/usr/include/c++/9/bits/shared_ptr.h:313:2:[m[K [01;36m[Knote: [m[K  template argument deduction/substitution failed:
[1.680s] /usr/include/c++/9/bits/shared_ptr.h: In substitution of ‘[01m[Ktemplate<class _Tp> template<class _Arg> using _Assignable = typename std::enable_if<std::is_assignable<std::__shared_ptr<_Tp>&, _Arg>::value, std::shared_ptr<_Tp>&>::type [with _Arg = const std::shared_ptr<rclcpp::Subscription<sensor_msgs::msg::PointCloud2_<std::allocator<void> >, std::allocator<void>, rclcpp::message_memory_strategy::MessageMemoryStrategy<sensor_msgs::msg::PointCloud2_<std::allocator<void> >, std::allocator<void> > > >&; _Tp = rclcpp::Subscription<sensor_msgs::msg::NavSatFix_<std::allocator<void> > >][m[K’:
[1.680s] [01m[K/usr/include/c++/9/bits/shared_ptr.h:313:2:[m[K   required by substitution of ‘[01m[Ktemplate<class _Yp> std::shared_ptr<rclcpp::Subscription<sensor_msgs::msg::NavSatFix_<std::allocator<void> > > >::_Assignable<const std::shared_ptr<_Tp>&> std::shared_ptr<rclcpp::Subscription<sensor_msgs::msg::NavSatFix_<std::allocator<void> > > >::operator=<_Yp>(const std::shared_ptr<_Tp>&) [with _Yp = rclcpp::Subscription<sensor_msgs::msg::PointCloud2_<std::allocator<void> >, std::allocator<void>, rclcpp::message_memory_strategy::MessageMemoryStrategy<sensor_msgs::msg::PointCloud2_<std::allocator<void> >, std::allocator<void> > >][m[K’
[1.680s] [01m[K/home/mlemsalu/object_det_3D/objectdet_ws/src/GNSS_pose_estimation/src/GNSS_pose_estimation_node.cpp:18:102:[m[K   required from here
[1.680s] [01m[K/usr/include/c++/9/bits/shared_ptr.h:111:8:[m[K [01;31m[Kerror: [m[Kno type named ‘[01m[Ktype[m[K’ in ‘[01m[Kstruct std::enable_if<false, std::shared_ptr<rclcpp::Subscription<sensor_msgs::msg::NavSatFix_<std::allocator<void> > > >&>[m[K’
[1.680s]   111 |  using [01;31m[K_Assignable[m[K = typename enable_if<
[1.680s]       |        [01;31m[K^~~~~~~~~~~[m[K
[1.680s] [01m[K/usr/include/c++/9/bits/shared_ptr.h:324:2:[m[K [01;36m[Knote: [m[Kcandidate: ‘[01m[Ktemplate<class _Yp> std::shared_ptr<_Tp>::_Assignable<std::auto_ptr<_Up> > std::shared_ptr<_Tp>::operator=(std::auto_ptr<_Up>&&) [with _Yp = _Yp; _Tp = rclcpp::Subscription<sensor_msgs::msg::NavSatFix_<std::allocator<void> > >][m[K’
[1.680s]   324 |  [01;36m[Koperator[m[K=(auto_ptr<_Yp>&& __r)
[1.680s]       |  [01;36m[K^~~~~~~~[m[K
[1.681s] [01m[K/usr/include/c++/9/bits/shared_ptr.h:324:2:[m[K [01;36m[Knote: [m[K  template argument deduction/substitution failed:
[1.681s] [01m[K/home/mlemsalu/object_det_3D/objectdet_ws/src/GNSS_pose_estimation/src/GNSS_pose_estimation_node.cpp:18:102:[m[K [01;36m[Knote: [m[K  ‘[01m[Kstd::shared_ptr<rclcpp::Subscription<sensor_msgs::msg::PointCloud2_<std::allocator<void> >, std::allocator<void>, rclcpp::message_memory_strategy::MessageMemoryStrategy<sensor_msgs::msg::PointCloud2_<std::allocator<void> >, std::allocator<void> > > >[m[K’ is not derived from ‘[01m[Kstd::auto_ptr<_Up>[m[K’
[1.681s]    18 |             "/fix", 10, std::bind(&GNSSPoseEstimationNode::GNSSCallback, this, std::placeholders::_1)[01;36m[K)[m[K;
[1.681s]       |                                                                                                      [01;36m[K^[m[K
[1.681s] In file included from [01m[K/usr/include/c++/9/memory:81[m[K,
[1.681s]                  from [01m[K/opt/ros/foxy/include/rclcpp/rclcpp.hpp:144[m[K,
[1.681s]                  from [01m[K/home/mlemsalu/object_det_3D/objectdet_ws/src/GNSS_pose_estimation/src/GNSS_pose_estimation_node.cpp:1[m[K:
[1.681s] [01m[K/usr/include/c++/9/bits/shared_ptr.h:333:7:[m[K [01;36m[Knote: [m[Kcandidate: ‘[01m[Kstd::shared_ptr<_Tp>& std::shared_ptr<_Tp>::operator=(std::shared_ptr<_Tp>&&) [with _Tp = rclcpp::Subscription<sensor_msgs::msg::NavSatFix_<std::allocator<void> > >][m[K’
[1.681s]   333 |       [01;36m[Koperator[m[K=(shared_ptr&& __r) noexcept
[1.681s]       |       [01;36m[K^~~~~~~~[m[K
[1.681s] [01m[K/usr/include/c++/9/bits/shared_ptr.h:333:30:[m[K [01;36m[Knote: [m[K  no known conversion for argument 1 from ‘[01m[Kstd::shared_ptr<rclcpp::Subscription<sensor_msgs::msg::PointCloud2_<std::allocator<void> >, std::allocator<void>, rclcpp::message_memory_strategy::MessageMemoryStrategy<sensor_msgs::msg::PointCloud2_<std::allocator<void> >, std::allocator<void> > > >[m[K’ to ‘[01m[Kstd::shared_ptr<rclcpp::Subscription<sensor_msgs::msg::NavSatFix_<std::allocator<void> > > >&&[m[K’
[1.681s]   333 |       operator=([01;36m[Kshared_ptr&& __r[m[K) noexcept
[1.681s]       |                 [01;36m[K~~~~~~~~~~~~~^~~[m[K
[1.681s] [01m[K/usr/include/c++/9/bits/shared_ptr.h:341:2:[m[K [01;36m[Knote: [m[Kcandidate: ‘[01m[Ktemplate<class _Yp> std::shared_ptr<_Tp>::_Assignable<std::shared_ptr<_Yp> > std::shared_ptr<_Tp>::operator=(std::shared_ptr<_Yp>&&) [with _Yp = _Yp; _Tp = rclcpp::Subscription<sensor_msgs::msg::NavSatFix_<std::allocator<void> > >][m[K’
[1.681s]   341 |  [01;36m[Koperator[m[K=(shared_ptr<_Yp>&& __r) noexcept
[1.681s]       |  [01;36m[K^~~~~~~~[m[K
[1.681s] [01m[K/usr/include/c++/9/bits/shared_ptr.h:341:2:[m[K [01;36m[Knote: [m[K  template argument deduction/substitution failed:
[1.681s] /usr/include/c++/9/bits/shared_ptr.h: In substitution of ‘[01m[Ktemplate<class _Tp> template<class _Arg> using _Assignable = typename std::enable_if<std::is_assignable<std::__shared_ptr<_Tp>&, _Arg>::value, std::shared_ptr<_Tp>&>::type [with _Arg = std::shared_ptr<rclcpp::Subscription<sensor_msgs::msg::PointCloud2_<std::allocator<void> >, std::allocator<void>, rclcpp::message_memory_strategy::MessageMemoryStrategy<sensor_msgs::msg::PointCloud2_<std::allocator<void> >, std::allocator<void> > > >; _Tp = rclcpp::Subscription<sensor_msgs::msg::NavSatFix_<std::allocator<void> > >][m[K’:
[1.681s] [01m[K/usr/include/c++/9/bits/shared_ptr.h:341:2:[m[K   required by substitution of ‘[01m[Ktemplate<class _Yp> std::shared_ptr<rclcpp::Subscription<sensor_msgs::msg::NavSatFix_<std::allocator<void> > > >::_Assignable<std::shared_ptr<_Tp> > std::shared_ptr<rclcpp::Subscription<sensor_msgs::msg::NavSatFix_<std::allocator<void> > > >::operator=<_Yp>(std::shared_ptr<_Tp>&&) [with _Yp = rclcpp::Subscription<sensor_msgs::msg::PointCloud2_<std::allocator<void> >, std::allocator<void>, rclcpp::message_memory_strategy::MessageMemoryStrategy<sensor_msgs::msg::PointCloud2_<std::allocator<void> >, std::allocator<void> > >][m[K’
[1.682s] [01m[K/home/mlemsalu/object_det_3D/objectdet_ws/src/GNSS_pose_estimation/src/GNSS_pose_estimation_node.cpp:18:102:[m[K   required from here
[1.682s] [01m[K/usr/include/c++/9/bits/shared_ptr.h:111:8:[m[K [01;31m[Kerror: [m[Kno type named ‘[01m[Ktype[m[K’ in ‘[01m[Kstruct std::enable_if<false, std::shared_ptr<rclcpp::Subscription<sensor_msgs::msg::NavSatFix_<std::allocator<void> > > >&>[m[K’
[1.682s]   111 |  using [01;31m[K_Assignable[m[K = typename enable_if<
[1.682s]       |        [01;31m[K^~~~~~~~~~~[m[K
[1.682s] [01m[K/usr/include/c++/9/bits/shared_ptr.h:349:2:[m[K [01;36m[Knote: [m[Kcandidate: ‘[01m[Ktemplate<class _Yp, class _Del> std::shared_ptr<_Tp>::_Assignable<std::unique_ptr<_Up, _Ep> > std::shared_ptr<_Tp>::operator=(std::unique_ptr<_Up, _Ep>&&) [with _Yp = _Yp; _Del = _Del; _Tp = rclcpp::Subscription<sensor_msgs::msg::NavSatFix_<std::allocator<void> > >][m[K’
[1.682s]   349 |  [01;36m[Koperator[m[K=(unique_ptr<_Yp, _Del>&& __r)
[1.682s]       |  [01;36m[K^~~~~~~~[m[K
[1.682s] [01m[K/usr/include/c++/9/bits/shared_ptr.h:349:2:[m[K [01;36m[Knote: [m[K  template argument deduction/substitution failed:
[1.682s] [01m[K/home/mlemsalu/object_det_3D/objectdet_ws/src/GNSS_pose_estimation/src/GNSS_pose_estimation_node.cpp:18:102:[m[K [01;36m[Knote: [m[K  ‘[01m[Kstd::shared_ptr<rclcpp::Subscription<sensor_msgs::msg::PointCloud2_<std::allocator<void> >, std::allocator<void>, rclcpp::message_memory_strategy::MessageMemoryStrategy<sensor_msgs::msg::PointCloud2_<std::allocator<void> >, std::allocator<void> > > >[m[K’ is not derived from ‘[01m[Kstd::unique_ptr<_Tp, _Dp>[m[K’
[1.682s]    18 |             "/fix", 10, std::bind(&GNSSPoseEstimationNode::GNSSCallback, this, std::placeholders::_1)[01;36m[K)[m[K;
[1.682s]       |                                                                                                      [01;36m[K^[m[K
[1.691s] [01m[K/home/mlemsalu/object_det_3D/objectdet_ws/src/GNSS_pose_estimation/src/GNSS_pose_estimation_node.cpp:20:106:[m[K [01;31m[Kerror: [m[Kno match for ‘[01m[Koperator=[m[K’ (operand types are ‘[01m[Krclcpp::Publisher<geometry_msgs::msg::Pose_<std::allocator<void> > >::SharedPtr[m[K’ {aka ‘[01m[Kstd::shared_ptr<rclcpp::Publisher<geometry_msgs::msg::Pose_<std::allocator<void> > > >[m[K’} and ‘[01m[Kstd::shared_ptr<rclcpp::Publisher<sensor_msgs::msg::PointCloud2_<std::allocator<void> >, std::allocator<void> > >[m[K’)
[1.691s]    20 |         gnss_pose_publisher_ = this->create_publisher<sensor_msgs::msg::PointCloud2>("/GNSS_pose_enu", 10[01;31m[K)[m[K;
[1.691s]       |                                                                                                          [01;31m[K^[m[K
[1.691s] In file included from [01m[K/usr/include/c++/9/memory:81[m[K,
[1.691s]                  from [01m[K/opt/ros/foxy/include/rclcpp/rclcpp.hpp:144[m[K,
[1.691s]                  from [01m[K/home/mlemsalu/object_det_3D/objectdet_ws/src/GNSS_pose_estimation/src/GNSS_pose_estimation_node.cpp:1[m[K:
[1.691s] [01m[K/usr/include/c++/9/bits/shared_ptr.h:309:19:[m[K [01;36m[Knote: [m[Kcandidate: ‘[01m[Kstd::shared_ptr<_Tp>& std::shared_ptr<_Tp>::operator=(const std::shared_ptr<_Tp>&) [with _Tp = rclcpp::Publisher<geometry_msgs::msg::Pose_<std::allocator<void> > >][m[K’
[1.691s]   309 |       shared_ptr& [01;36m[Koperator[m[K=(const shared_ptr&) noexcept = default;
[1.691s]       |                   [01;36m[K^~~~~~~~[m[K
[1.692s] [01m[K/usr/include/c++/9/bits/shared_ptr.h:309:29:[m[K [01;36m[Knote: [m[K  no known conversion for argument 1 from ‘[01m[Kstd::shared_ptr<rclcpp::Publisher<sensor_msgs::msg::PointCloud2_<std::allocator<void> >, std::allocator<void> > >[m[K’ to ‘[01m[Kconst std::shared_ptr<rclcpp::Publisher<geometry_msgs::msg::Pose_<std::allocator<void> > > >&[m[K’
[1.692s]   309 |       shared_ptr& operator=([01;36m[Kconst shared_ptr&[m[K) noexcept = default;
[1.692s]       |                             [01;36m[K^~~~~~~~~~~~~~~~~[m[K
[1.692s] [01m[K/usr/include/c++/9/bits/shared_ptr.h:313:2:[m[K [01;36m[Knote: [m[Kcandidate: ‘[01m[Ktemplate<class _Yp> std::shared_ptr<_Tp>::_Assignable<const std::shared_ptr<_Yp>&> std::shared_ptr<_Tp>::operator=(const std::shared_ptr<_Yp>&) [with _Yp = _Yp; _Tp = rclcpp::Publisher<geometry_msgs::msg::Pose_<std::allocator<void> > >][m[K’
[1.692s]   313 |  [01;36m[Koperator[m[K=(const shared_ptr<_Yp>& __r) noexcept
[1.692s]       |  [01;36m[K^~~~~~~~[m[K
[1.692s] [01m[K/usr/include/c++/9/bits/shared_ptr.h:313:2:[m[K [01;36m[Knote: [m[K  template argument deduction/substitution failed:
[1.692s] /usr/include/c++/9/bits/shared_ptr.h: In substitution of ‘[01m[Ktemplate<class _Tp> template<class _Arg> using _Assignable = typename std::enable_if<std::is_assignable<std::__shared_ptr<_Tp>&, _Arg>::value, std::shared_ptr<_Tp>&>::type [with _Arg = const std::shared_ptr<rclcpp::Publisher<sensor_msgs::msg::PointCloud2_<std::allocator<void> >, std::allocator<void> > >&; _Tp = rclcpp::Publisher<geometry_msgs::msg::Pose_<std::allocator<void> > >][m[K’:
[1.692s] [01m[K/usr/include/c++/9/bits/shared_ptr.h:313:2:[m[K   required by substitution of ‘[01m[Ktemplate<class _Yp> std::shared_ptr<rclcpp::Publisher<geometry_msgs::msg::Pose_<std::allocator<void> > > >::_Assignable<const std::shared_ptr<_Tp>&> std::shared_ptr<rclcpp::Publisher<geometry_msgs::msg::Pose_<std::allocator<void> > > >::operator=<_Yp>(const std::shared_ptr<_Tp>&) [with _Yp = rclcpp::Publisher<sensor_msgs::msg::PointCloud2_<std::allocator<void> >, std::allocator<void> >][m[K’
[1.692s] [01m[K/home/mlemsalu/object_det_3D/objectdet_ws/src/GNSS_pose_estimation/src/GNSS_pose_estimation_node.cpp:20:106:[m[K   required from here
[1.692s] [01m[K/usr/include/c++/9/bits/shared_ptr.h:111:8:[m[K [01;31m[Kerror: [m[Kno type named ‘[01m[Ktype[m[K’ in ‘[01m[Kstruct std::enable_if<false, std::shared_ptr<rclcpp::Publisher<geometry_msgs::msg::Pose_<std::allocator<void> > > >&>[m[K’
[1.692s]   111 |  using [01;31m[K_Assignable[m[K = typename enable_if<
[1.692s]       |        [01;31m[K^~~~~~~~~~~[m[K
[1.692s] [01m[K/usr/include/c++/9/bits/shared_ptr.h:324:2:[m[K [01;36m[Knote: [m[Kcandidate: ‘[01m[Ktemplate<class _Yp> std::shared_ptr<_Tp>::_Assignable<std::auto_ptr<_Up> > std::shared_ptr<_Tp>::operator=(std::auto_ptr<_Up>&&) [with _Yp = _Yp; _Tp = rclcpp::Publisher<geometry_msgs::msg::Pose_<std::allocator<void> > >][m[K’
[1.692s]   324 |  [01;36m[Koperator[m[K=(auto_ptr<_Yp>&& __r)
[1.692s]       |  [01;36m[K^~~~~~~~[m[K
[1.692s] [01m[K/usr/include/c++/9/bits/shared_ptr.h:324:2:[m[K [01;36m[Knote: [m[K  template argument deduction/substitution failed:
[1.692s] [01m[K/home/mlemsalu/object_det_3D/objectdet_ws/src/GNSS_pose_estimation/src/GNSS_pose_estimation_node.cpp:20:106:[m[K [01;36m[Knote: [m[K  ‘[01m[Kstd::shared_ptr<rclcpp::Publisher<sensor_msgs::msg::PointCloud2_<std::allocator<void> >, std::allocator<void> > >[m[K’ is not derived from ‘[01m[Kstd::auto_ptr<_Up>[m[K’
[1.693s]    20 |         gnss_pose_publisher_ = this->create_publisher<sensor_msgs::msg::PointCloud2>("/GNSS_pose_enu", 10[01;36m[K)[m[K;
[1.693s]       |                                                                                                          [01;36m[K^[m[K
[1.693s] In file included from [01m[K/usr/include/c++/9/memory:81[m[K,
[1.693s]                  from [01m[K/opt/ros/foxy/include/rclcpp/rclcpp.hpp:144[m[K,
[1.693s]                  from [01m[K/home/mlemsalu/object_det_3D/objectdet_ws/src/GNSS_pose_estimation/src/GNSS_pose_estimation_node.cpp:1[m[K:
[1.693s] [01m[K/usr/include/c++/9/bits/shared_ptr.h:333:7:[m[K [01;36m[Knote: [m[Kcandidate: ‘[01m[Kstd::shared_ptr<_Tp>& std::shared_ptr<_Tp>::operator=(std::shared_ptr<_Tp>&&) [with _Tp = rclcpp::Publisher<geometry_msgs::msg::Pose_<std::allocator<void> > >][m[K’
[1.693s]   333 |       [01;36m[Koperator[m[K=(shared_ptr&& __r) noexcept
[1.693s]       |       [01;36m[K^~~~~~~~[m[K
[1.693s] [01m[K/usr/include/c++/9/bits/shared_ptr.h:333:30:[m[K [01;36m[Knote: [m[K  no known conversion for argument 1 from ‘[01m[Kstd::shared_ptr<rclcpp::Publisher<sensor_msgs::msg::PointCloud2_<std::allocator<void> >, std::allocator<void> > >[m[K’ to ‘[01m[Kstd::shared_ptr<rclcpp::Publisher<geometry_msgs::msg::Pose_<std::allocator<void> > > >&&[m[K’
[1.693s]   333 |       operator=([01;36m[Kshared_ptr&& __r[m[K) noexcept
[1.694s]       |                 [01;36m[K~~~~~~~~~~~~~^~~[m[K
[1.694s] [01m[K/usr/include/c++/9/bits/shared_ptr.h:341:2:[m[K [01;36m[Knote: [m[Kcandidate: ‘[01m[Ktemplate<class _Yp> std::shared_ptr<_Tp>::_Assignable<std::shared_ptr<_Yp> > std::shared_ptr<_Tp>::operator=(std::shared_ptr<_Yp>&&) [with _Yp = _Yp; _Tp = rclcpp::Publisher<geometry_msgs::msg::Pose_<std::allocator<void> > >][m[K’
[1.694s]   341 |  [01;36m[Koperator[m[K=(shared_ptr<_Yp>&& __r) noexcept
[1.694s]       |  [01;36m[K^~~~~~~~[m[K
[1.694s] [01m[K/usr/include/c++/9/bits/shared_ptr.h:341:2:[m[K [01;36m[Knote: [m[K  template argument deduction/substitution failed:
[1.694s] /usr/include/c++/9/bits/shared_ptr.h: In substitution of ‘[01m[Ktemplate<class _Tp> template<class _Arg> using _Assignable = typename std::enable_if<std::is_assignable<std::__shared_ptr<_Tp>&, _Arg>::value, std::shared_ptr<_Tp>&>::type [with _Arg = std::shared_ptr<rclcpp::Publisher<sensor_msgs::msg::PointCloud2_<std::allocator<void> >, std::allocator<void> > >; _Tp = rclcpp::Publisher<geometry_msgs::msg::Pose_<std::allocator<void> > >][m[K’:
[1.694s] [01m[K/usr/include/c++/9/bits/shared_ptr.h:341:2:[m[K   required by substitution of ‘[01m[Ktemplate<class _Yp> std::shared_ptr<rclcpp::Publisher<geometry_msgs::msg::Pose_<std::allocator<void> > > >::_Assignable<std::shared_ptr<_Tp> > std::shared_ptr<rclcpp::Publisher<geometry_msgs::msg::Pose_<std::allocator<void> > > >::operator=<_Yp>(std::shared_ptr<_Tp>&&) [with _Yp = rclcpp::Publisher<sensor_msgs::msg::PointCloud2_<std::allocator<void> >, std::allocator<void> >][m[K’
[1.694s] [01m[K/home/mlemsalu/object_det_3D/objectdet_ws/src/GNSS_pose_estimation/src/GNSS_pose_estimation_node.cpp:20:106:[m[K   required from here
[1.694s] [01m[K/usr/include/c++/9/bits/shared_ptr.h:111:8:[m[K [01;31m[Kerror: [m[Kno type named ‘[01m[Ktype[m[K’ in ‘[01m[Kstruct std::enable_if<false, std::shared_ptr<rclcpp::Publisher<geometry_msgs::msg::Pose_<std::allocator<void> > > >&>[m[K’
[1.694s]   111 |  using [01;31m[K_Assignable[m[K = typename enable_if<
[1.694s]       |        [01;31m[K^~~~~~~~~~~[m[K
[1.694s] [01m[K/usr/include/c++/9/bits/shared_ptr.h:349:2:[m[K [01;36m[Knote: [m[Kcandidate: ‘[01m[Ktemplate<class _Yp, class _Del> std::shared_ptr<_Tp>::_Assignable<std::unique_ptr<_Up, _Ep> > std::shared_ptr<_Tp>::operator=(std::unique_ptr<_Up, _Ep>&&) [with _Yp = _Yp; _Del = _Del; _Tp = rclcpp::Publisher<geometry_msgs::msg::Pose_<std::allocator<void> > >][m[K’
[1.694s]   349 |  [01;36m[Koperator[m[K=(unique_ptr<_Yp, _Del>&& __r)
[1.694s]       |  [01;36m[K^~~~~~~~[m[K
[1.694s] [01m[K/usr/include/c++/9/bits/shared_ptr.h:349:2:[m[K [01;36m[Knote: [m[K  template argument deduction/substitution failed:
[1.694s] [01m[K/home/mlemsalu/object_det_3D/objectdet_ws/src/GNSS_pose_estimation/src/GNSS_pose_estimation_node.cpp:20:106:[m[K [01;36m[Knote: [m[K  ‘[01m[Kstd::shared_ptr<rclcpp::Publisher<sensor_msgs::msg::PointCloud2_<std::allocator<void> >, std::allocator<void> > >[m[K’ is not derived from ‘[01m[Kstd::unique_ptr<_Tp, _Dp>[m[K’
[1.694s]    20 |         gnss_pose_publisher_ = this->create_publisher<sensor_msgs::msg::PointCloud2>("/GNSS_pose_enu", 10[01;36m[K)[m[K;
[1.694s]       |                                                                                                          [01;36m[K^[m[K
[1.694s] [01m[K/home/mlemsalu/object_det_3D/objectdet_ws/src/GNSS_pose_estimation/src/GNSS_pose_estimation_node.cpp:[m[K In member function ‘[01m[Kvoid GNSSPoseEstimationNode::GNSSCallback(sensor_msgs::msg::PointCloud2_<std::allocator<void> >::SharedPtr)[m[K’:
[1.694s] [01m[K/home/mlemsalu/object_det_3D/objectdet_ws/src/GNSS_pose_estimation/src/GNSS_pose_estimation_node.cpp:29:26:[m[K [01;31m[Kerror: [m[K‘[01m[Kusing element_type = struct sensor_msgs::msg::PointCloud2_<std::allocator<void> >[m[K’ {aka ‘[01m[Kstruct sensor_msgs::msg::PointCloud2_<std::allocator<void> >[m[K’} has no member named ‘[01m[Klatitude[m[K’
[1.695s]    29 |             lat0_ = msg->[01;31m[Klatitude[m[K;
[1.695s]       |                          [01;31m[K^~~~~~~~[m[K
[1.695s] [01m[K/home/mlemsalu/object_det_3D/objectdet_ws/src/GNSS_pose_estimation/src/GNSS_pose_estimation_node.cpp:30:27:[m[K [01;31m[Kerror: [m[K‘[01m[Kusing element_type = struct sensor_msgs::msg::PointCloud2_<std::allocator<void> >[m[K’ {aka ‘[01m[Kstruct sensor_msgs::msg::PointCloud2_<std::allocator<void> >[m[K’} has no member named ‘[01m[Klongitude[m[K’
[1.695s]    30 |             lon0_ =  msg->[01;31m[Klongitude[m[K;
[1.695s]       |                           [01;31m[K^~~~~~~~~[m[K
[1.695s] [01m[K/home/mlemsalu/object_det_3D/objectdet_ws/src/GNSS_pose_estimation/src/GNSS_pose_estimation_node.cpp:34:92:[m[K [01;31m[Kerror: [m[K‘[01m[Kusing element_type = struct sensor_msgs::msg::PointCloud2_<std::allocator<void> >[m[K’ {aka ‘[01m[Kstruct sensor_msgs::msg::PointCloud2_<std::allocator<void> >[m[K’} has no member named ‘[01m[Klatitude[m[K’
[1.695s]    34 |         std::array<double, 2> cartesianPosition = wgs84::toCartesian({lat0_, lon0_}, {msg->[01;31m[Klatitude[m[K, msg->longitude});
[1.695s]       |                                                                                            [01;31m[K^~~~~~~~[m[K
[1.695s] [01m[K/home/mlemsalu/object_det_3D/objectdet_ws/src/GNSS_pose_estimation/src/GNSS_pose_estimation_node.cpp:34:107:[m[K [01;31m[Kerror: [m[K‘[01m[Kusing element_type = struct sensor_msgs::msg::PointCloud2_<std::allocator<void> >[m[K’ {aka ‘[01m[Kstruct sensor_msgs::msg::PointCloud2_<std::allocator<void> >[m[K’} has no member named ‘[01m[Klongitude[m[K’
[1.695s]    34 |         std::array<double, 2> cartesianPosition = wgs84::toCartesian({lat0_, lon0_}, {msg->latitude, msg->[01;31m[Klongitude[m[K});
[1.695s]       |                                                                                                           [01;31m[K^~~~~~~~~[m[K
[1.695s] [01m[K/home/mlemsalu/object_det_3D/objectdet_ws/src/GNSS_pose_estimation/src/GNSS_pose_estimation_node.cpp:34:117:[m[K [01;31m[Kerror: [m[Kinvalid initialization of reference of type ‘[01m[Kconst std::array<double, 2>&[m[K’ from expression of type ‘[01m[K<brace-enclosed initializer list>[m[K’
[1.695s]    34 |         std::array<double, 2> cartesianPosition = wgs84::toCartesian({lat0_, lon0_}, {msg->latitude, msg->longitude}[01;31m[K)[m[K;
[1.695s]       |                                                                                                                     [01;31m[K^[m[K
[1.695s] In file included from [01m[K/home/mlemsalu/object_det_3D/objectdet_ws/src/GNSS_pose_estimation/src/GNSS_pose_estimation_node.cpp:9[m[K:
[1.695s] [01m[K/home/mlemsalu/object_det_3D/ll2enu/WGS84toCartesian.hpp:39:116:[m[K [01;36m[Knote: [m[Kin passing argument 2 of ‘[01m[Kstd::array<double, 2> wgs84::toCartesian(const std::array<double, 2>&, const std::array<double, 2>&)[m[K’
[1.695s]    39 | inline std::array<double, 2> toCartesian(const std::array<double, 2> &WGS84Reference, [01;36m[Kconst std::array<double, 2> &WGS84Position[m[K) {
[1.695s]       |                                                                                       [01;36m[K~~~~~~~~~~~~~~~~~~~~~~~~~~~~~^~~~~~~~~~~~~[m[K
[1.695s] [01m[K/home/mlemsalu/object_det_3D/objectdet_ws/src/GNSS_pose_estimation/src/GNSS_pose_estimation_node.cpp:39:37:[m[K [01;31m[Kerror: [m[K‘[01m[Kusing element_type = struct sensor_msgs::msg::PointCloud2_<std::allocator<void> >[m[K’ {aka ‘[01m[Kstruct sensor_msgs::msg::PointCloud2_<std::allocator<void> >[m[K’} has no member named ‘[01m[Kaltitude[m[K’
[1.695s]    39 |         gnss_pose.position.z = msg->[01;31m[Kaltitude[m[K;
[1.696s]       |                                     [01;31m[K^~~~~~~~[m[K
[2.712s] make[2]: *** [CMakeFiles/GNSS_pose_estimation_node.dir/build.make:63: CMakeFiles/GNSS_pose_estimation_node.dir/src/GNSS_pose_estimation_node.cpp.o] Error 1
[2.712s] make[1]: *** [CMakeFiles/Makefile2:78: CMakeFiles/GNSS_pose_estimation_node.dir/all] Error 2
[2.712s] make: *** [Makefile:141: all] Error 2
[2.714s] Invoked command in '/home/mlemsalu/object_det_3D/objectdet_ws/build/GNSS_pose_estimation' returned '2': CMAKE_PREFIX_PATH=/opt/ros/foxy /usr/bin/cmake --build /home/mlemsalu/object_det_3D/objectdet_ws/build/GNSS_pose_estimation -- -j12 -l12
