[0.013s] Invoking command in '/home/mlemsalu/object_det_3D/objectdet_ws/build/GNSS_pose_estimation': CMAKE_PREFIX_PATH=/opt/ros/foxy /usr/bin/cmake /home/mlemsalu/object_det_3D/objectdet_ws/src/GNSS_pose_estimation -DCMAKE_BUILD_TYPE=Release -DCMAKE_INSTALL_PREFIX=/home/mlemsalu/object_det_3D/objectdet_ws/install/GNSS_pose_estimation
[0.026s] -- Found ament_cmake: 0.9.12 (/opt/ros/foxy/share/ament_cmake/cmake)
[0.047s] -- Using PYTHON_EXECUTABLE: /usr/bin/python3
[0.223s] -- Found rclcpp: 2.4.3 (/opt/ros/foxy/share/rclcpp/cmake)
[0.250s] -- Using all available rosidl_typesupport_c: rosidl_typesupport_fastrtps_c;rosidl_typesupport_introspection_c
[0.253s] -- Found rosidl_adapter: 1.3.1 (/opt/ros/foxy/share/rosidl_adapter/cmake)
[0.333s] -- Using all available rosidl_typesupport_cpp: rosidl_typesupport_fastrtps_cpp;rosidl_typesupport_introspection_cpp
[0.374s] -- Found rmw_implementation_cmake: 1.0.4 (/opt/ros/foxy/share/rmw_implementation_cmake/cmake)
[0.376s] -- Using RMW implementation 'rmw_fastrtps_cpp' as default
[0.498s] -- Found tf2_ros: 0.13.14 (/opt/ros/foxy/share/tf2_ros/cmake)
[0.839s] -- Checking for module 'eigen3'
[0.851s] --   Found eigen3, version 3.3.7
[0.878s] -- Found Eigen: /usr/include/eigen3 (Required is at least version "3.1") 
[0.878s] -- Eigen found (include: /usr/include/eigen3, version: 3.3.7)
[0.911s] -- Found Boost: /usr/include (found suitable version "1.71.0", minimum required is "1.55.0") found components: system filesystem date_time iostreams regex 
[0.917s] -- Checking for module 'libusb-1.0'
[0.928s] --   Found libusb-1.0, version 1.0.23
[0.957s] -- Found USB_10: /usr/lib/x86_64-linux-gnu/libusb-1.0.so  
[0.998s] -- Found OpenNI: /usr/lib/libOpenNI.so  
[0.998s] -- OpenNI found (include: /usr/include/ni, lib: /usr/lib/libOpenNI.so)
[1.049s] -- Found OpenNI2: /usr/lib/libOpenNI2.so  
[1.049s] -- OpenNI2 found (include: /usr/include/openni2, lib: /usr/lib/libOpenNI2.so)
[1.050s] ** WARNING ** io features related to pcap will be disabled
[1.050s] ** WARNING ** io features related to png will be disabled
[1.104s] -- The imported target "vtkParseOGLExt" references the file
[1.104s]    "/usr/bin/vtkParseOGLExt-7.1"
[1.104s] but this file does not exist.  Possible reasons include:
[1.104s] * The file was deleted, renamed, or moved to another location.
[1.104s] * An install or uninstall procedure did not complete successfully.
[1.105s] * The installation package was faulty and contained
[1.105s]    "/usr/lib/cmake/vtk-7.1/VTKTargets.cmake"
[1.105s] but not all the files it references.
[1.105s] 
[1.105s] -- The imported target "vtkRenderingPythonTkWidgets" references the file
[1.106s]    "/usr/lib/x86_64-linux-gnu/libvtkRenderingPythonTkWidgets.so"
[1.106s] but this file does not exist.  Possible reasons include:
[1.106s] * The file was deleted, renamed, or moved to another location.
[1.106s] * An install or uninstall procedure did not complete successfully.
[1.106s] * The installation package was faulty and contained
[1.106s]    "/usr/lib/cmake/vtk-7.1/VTKTargets.cmake"
[1.106s] but not all the files it references.
[1.106s] 
[1.106s] -- The imported target "vtk" references the file
[1.107s]    "/usr/bin/vtk"
[1.107s] but this file does not exist.  Possible reasons include:
[1.107s] * The file was deleted, renamed, or moved to another location.
[1.107s] * An install or uninstall procedure did not complete successfully.
[1.107s] * The installation package was faulty and contained
[1.107s]    "/usr/lib/cmake/vtk-7.1/VTKTargets.cmake"
[1.107s] but not all the files it references.
[1.107s] 
[1.107s] -- The imported target "pvtk" references the file
[1.108s]    "/usr/bin/pvtk"
[1.108s] but this file does not exist.  Possible reasons include:
[1.108s] * The file was deleted, renamed, or moved to another location.
[1.108s] * An install or uninstall procedure did not complete successfully.
[1.108s] * The installation package was faulty and contained
[1.108s]    "/usr/lib/cmake/vtk-7.1/VTKTargets.cmake"
[1.108s] but not all the files it references.
[1.108s] 
[1.127s] -- Found libusb-1.0: /usr/include  
[1.127s] ** WARNING ** io features related to libusb-1.0 will be disabled
[1.127s] -- looking for PCL_COMMON
[1.128s] -- Found PCL_COMMON: /usr/lib/x86_64-linux-gnu/libpcl_common.so  
[1.128s] -- looking for PCL_OCTREE
[1.129s] -- Found PCL_OCTREE: /usr/lib/x86_64-linux-gnu/libpcl_octree.so  
[1.129s] -- looking for PCL_IO
[1.130s] -- Found PCL_IO: /usr/lib/x86_64-linux-gnu/libpcl_io.so  
[1.131s] -- Found PCL: pcl_common;pcl_octree;pcl_io;/usr/lib/x86_64-linux-gnu/libboost_system.so;/usr/lib/x86_64-linux-gnu/libboost_filesystem.so;/usr/lib/x86_64-linux-gnu/libboost_date_time.so;/usr/lib/x86_64-linux-gnu/libboost_iostreams.so;/usr/lib/x86_64-linux-gnu/libboost_regex.so;/usr/lib/libOpenNI.so;/usr/lib/libOpenNI2.so;vtkChartsCore;vtkCommonColor;vtkCommonCore;vtksys;vtkCommonDataModel;vtkCommonMath;vtkCommonMisc;vtkCommonSystem;vtkCommonTransforms;vtkCommonExecutionModel;vtkFiltersGeneral;vtkCommonComputationalGeometry;vtkFiltersCore;vtkInfovisCore;vtkFiltersExtraction;vtkFiltersStatistics;vtkImagingFourier;vtkImagingCore;vtkalglib;vtkRenderingContext2D;vtkRenderingCore;vtkFiltersGeometry;vtkFiltersSources;vtkRenderingFreeType;/usr/lib/x86_64-linux-gnu/libfreetype.so;/usr/lib/x86_64-linux-gnu/libz.so;vtkFiltersModeling;vtkImagingSources;vtkInteractionStyle;vtkInteractionWidgets;vtkFiltersHybrid;vtkImagingColor;vtkImagingGeneral;vtkImagingHybrid;vtkIOImage;vtkDICOMParser;vtkmetaio;/usr/lib/x86_64-linux-gnu/libjpeg.so;/usr/lib/x86_64-linux-gnu/libpng.so;/usr/lib/x86_64-linux-gnu/libtiff.so;vtkRenderingAnnotation;vtkRenderingVolume;vtkIOXML;vtkIOCore;vtkIOXMLParser;/usr/lib/x86_64-linux-gnu/libexpat.so;vtkIOGeometry;vtkIOLegacy;vtkIOPLY;vtkRenderingLOD;vtkViewsContext2D;vtkViewsCore;vtkRenderingContextOpenGL2;vtkRenderingOpenGL2  
[1.132s] -- Found pcl_conversions: 2.2.1 (/opt/ros/foxy/share/pcl_conversions/cmake)
[1.361s] CMake Error at /opt/ros/foxy/share/ament_cmake_target_dependencies/cmake/ament_target_dependencies.cmake:77 (message):
[1.362s]   ament_target_dependencies() the passed package name 'custom_msgs' was not
[1.362s]   found before
[1.362s] Call Stack (most recent call first):
[1.362s]   CMakeLists.txt:33 (ament_target_dependencies)
[1.362s] 
[1.362s] 
[1.364s] -- Configuring incomplete, errors occurred!
[1.364s] See also "/home/mlemsalu/object_det_3D/objectdet_ws/build/GNSS_pose_estimation/CMakeFiles/CMakeOutput.log".
[1.364s] See also "/home/mlemsalu/object_det_3D/objectdet_ws/build/GNSS_pose_estimation/CMakeFiles/CMakeError.log".
[1.372s] Invoked command in '/home/mlemsalu/object_det_3D/objectdet_ws/build/GNSS_pose_estimation' returned '1': CMAKE_PREFIX_PATH=/opt/ros/foxy /usr/bin/cmake /home/mlemsalu/object_det_3D/objectdet_ws/src/GNSS_pose_estimation -DCMAKE_BUILD_TYPE=Release -DCMAKE_INSTALL_PREFIX=/home/mlemsalu/object_det_3D/objectdet_ws/install/GNSS_pose_estimation
