[0.402s] DEBUG:colcon:Command line arguments: ['/usr/bin/colcon', 'build', '--cmake-args=-DCMAKE_BUILD_TYPE=Release']
[0.402s] DEBUG:colcon:Parsed command line arguments: Namespace(allow_overriding=[], ament_cmake_args=None, base_paths=['.'], build_base='build', catkin_cmake_args=None, catkin_skip_building_tests=False, cmake_args=['-DCMAKE_BUILD_TYPE=Release'], cmake_clean_cache=False, cmake_clean_first=False, cmake_force_configure=False, cmake_target=None, cmake_target_skip_unavailable=False, continue_on_error=False, event_handlers=None, executor='parallel', ignore_user_meta=False, install_base='install', log_base=None, log_level=None, main=<bound method BuildVerb.main of <colcon_core.verb.build.BuildVerb object at 0x7f70f0ea5ee0>>, merge_install=False, metas=['./colcon.meta'], mixin=None, mixin_files=None, mixin_verb=('build',), packages_above=None, packages_above_and_dependencies=None, packages_above_depth=None, packages_end=None, packages_ignore=None, packages_ignore_regex=None, packages_select=None, packages_select_build_failed=False, packages_select_by_dep=None, packages_select_regex=None, packages_select_test_failures=False, packages_skip=None, packages_skip_build_finished=False, packages_skip_by_dep=None, packages_skip_regex=None, packages_skip_test_passed=False, packages_skip_up_to=None, packages_start=None, packages_up_to=None, packages_up_to_regex=None, parallel_workers=12, paths=None, symlink_install=False, test_result_base=None, verb_extension=<colcon_core.verb.build.BuildVerb object at 0x7f70f0ea5ee0>, verb_name='build', verb_parser=<colcon_mixin.mixin.mixin_argument.MixinArgumentDecorator object at 0x7f70f0eb1550>)
[0.561s] Level 1:colcon.colcon_core.package_discovery:discover_packages(colcon_meta) check parameters
[0.561s] Level 1:colcon.colcon_core.package_discovery:discover_packages(recursive) check parameters
[0.561s] Level 1:colcon.colcon_core.package_discovery:discover_packages(ignore) check parameters
[0.561s] Level 1:colcon.colcon_core.package_discovery:discover_packages(path) check parameters
[0.561s] Level 1:colcon.colcon_core.package_discovery:discover_packages(colcon_meta) discover
[0.562s] Level 1:colcon.colcon_core.package_discovery:discover_packages(recursive) discover
[0.562s] INFO:colcon.colcon_core.package_discovery:Crawling recursively for packages in '/home/mlemsalu/object_det_3D/objectdet_ws'
[0.562s] Level 1:colcon.colcon_core.package_identification:_identify(.) by extensions ['ignore', 'ignore_ament_install']
[0.562s] Level 1:colcon.colcon_core.package_identification:_identify(.) by extension 'ignore'
[0.562s] Level 1:colcon.colcon_core.package_identification:_identify(.) by extension 'ignore_ament_install'
[0.562s] Level 1:colcon.colcon_core.package_identification:_identify(.) by extensions ['colcon_pkg']
[0.562s] Level 1:colcon.colcon_core.package_identification:_identify(.) by extension 'colcon_pkg'
[0.562s] Level 1:colcon.colcon_core.package_identification:_identify(.) by extensions ['colcon_meta']
[0.562s] Level 1:colcon.colcon_core.package_identification:_identify(.) by extension 'colcon_meta'
[0.562s] Level 1:colcon.colcon_core.package_identification:_identify(.) by extensions ['ros']
[0.562s] Level 1:colcon.colcon_core.package_identification:_identify(.) by extension 'ros'
[0.574s] Level 1:colcon.colcon_core.package_identification:_identify(.) by extensions ['cmake', 'python']
[0.574s] Level 1:colcon.colcon_core.package_identification:_identify(.) by extension 'cmake'
[0.574s] Level 1:colcon.colcon_core.package_identification:_identify(.) by extension 'python'
[0.574s] Level 1:colcon.colcon_core.package_identification:_identify(.) by extensions ['python_setup_py']
[0.574s] Level 1:colcon.colcon_core.package_identification:_identify(.) by extension 'python_setup_py'
[0.575s] Level 1:colcon.colcon_core.package_identification:_identify(build) by extensions ['ignore', 'ignore_ament_install']
[0.575s] Level 1:colcon.colcon_core.package_identification:_identify(build) by extension 'ignore'
[0.575s] Level 1:colcon.colcon_core.package_identification:_identify(build) ignored
[0.575s] Level 1:colcon.colcon_core.package_identification:_identify(install) by extensions ['ignore', 'ignore_ament_install']
[0.575s] Level 1:colcon.colcon_core.package_identification:_identify(install) by extension 'ignore'
[0.575s] Level 1:colcon.colcon_core.package_identification:_identify(install) ignored
[0.575s] Level 1:colcon.colcon_core.package_identification:_identify(log) by extensions ['ignore', 'ignore_ament_install']
[0.575s] Level 1:colcon.colcon_core.package_identification:_identify(log) by extension 'ignore'
[0.575s] Level 1:colcon.colcon_core.package_identification:_identify(log) ignored
[0.575s] Level 1:colcon.colcon_core.package_identification:_identify(src) by extensions ['ignore', 'ignore_ament_install']
[0.575s] Level 1:colcon.colcon_core.package_identification:_identify(src) by extension 'ignore'
[0.575s] Level 1:colcon.colcon_core.package_identification:_identify(src) by extension 'ignore_ament_install'
[0.575s] Level 1:colcon.colcon_core.package_identification:_identify(src) by extensions ['colcon_pkg']
[0.575s] Level 1:colcon.colcon_core.package_identification:_identify(src) by extension 'colcon_pkg'
[0.575s] Level 1:colcon.colcon_core.package_identification:_identify(src) by extensions ['colcon_meta']
[0.575s] Level 1:colcon.colcon_core.package_identification:_identify(src) by extension 'colcon_meta'
[0.576s] Level 1:colcon.colcon_core.package_identification:_identify(src) by extensions ['ros']
[0.576s] Level 1:colcon.colcon_core.package_identification:_identify(src) by extension 'ros'
[0.576s] Level 1:colcon.colcon_core.package_identification:_identify(src) by extensions ['cmake', 'python']
[0.576s] Level 1:colcon.colcon_core.package_identification:_identify(src) by extension 'cmake'
[0.576s] Level 1:colcon.colcon_core.package_identification:_identify(src) by extension 'python'
[0.576s] Level 1:colcon.colcon_core.package_identification:_identify(src) by extensions ['python_setup_py']
[0.576s] Level 1:colcon.colcon_core.package_identification:_identify(src) by extension 'python_setup_py'
[0.576s] Level 1:colcon.colcon_core.package_identification:_identify(src/GNSS_pose_estimation) by extensions ['ignore', 'ignore_ament_install']
[0.576s] Level 1:colcon.colcon_core.package_identification:_identify(src/GNSS_pose_estimation) by extension 'ignore'
[0.576s] Level 1:colcon.colcon_core.package_identification:_identify(src/GNSS_pose_estimation) by extension 'ignore_ament_install'
[0.576s] Level 1:colcon.colcon_core.package_identification:_identify(src/GNSS_pose_estimation) by extensions ['colcon_pkg']
[0.576s] Level 1:colcon.colcon_core.package_identification:_identify(src/GNSS_pose_estimation) by extension 'colcon_pkg'
[0.576s] Level 1:colcon.colcon_core.package_identification:_identify(src/GNSS_pose_estimation) by extensions ['colcon_meta']
[0.576s] Level 1:colcon.colcon_core.package_identification:_identify(src/GNSS_pose_estimation) by extension 'colcon_meta'
[0.576s] Level 1:colcon.colcon_core.package_identification:_identify(src/GNSS_pose_estimation) by extensions ['ros']
[0.576s] Level 1:colcon.colcon_core.package_identification:_identify(src/GNSS_pose_estimation) by extension 'ros'
[0.579s] DEBUG:colcon.colcon_core.package_identification:Package 'src/GNSS_pose_estimation' with type 'ros.ament_cmake' and name 'gnss_pose_estimation_node'
[0.579s] Level 1:colcon.colcon_core.package_identification:_identify(src/merge_pointclouds) by extensions ['ignore', 'ignore_ament_install']
[0.579s] Level 1:colcon.colcon_core.package_identification:_identify(src/merge_pointclouds) by extension 'ignore'
[0.579s] Level 1:colcon.colcon_core.package_identification:_identify(src/merge_pointclouds) by extension 'ignore_ament_install'
[0.580s] Level 1:colcon.colcon_core.package_identification:_identify(src/merge_pointclouds) by extensions ['colcon_pkg']
[0.580s] Level 1:colcon.colcon_core.package_identification:_identify(src/merge_pointclouds) by extension 'colcon_pkg'
[0.580s] Level 1:colcon.colcon_core.package_identification:_identify(src/merge_pointclouds) by extensions ['colcon_meta']
[0.580s] Level 1:colcon.colcon_core.package_identification:_identify(src/merge_pointclouds) by extension 'colcon_meta'
[0.580s] Level 1:colcon.colcon_core.package_identification:_identify(src/merge_pointclouds) by extensions ['ros']
[0.580s] Level 1:colcon.colcon_core.package_identification:_identify(src/merge_pointclouds) by extension 'ros'
[0.581s] DEBUG:colcon.colcon_core.package_identification:Package 'src/merge_pointclouds' with type 'ros.ament_cmake' and name 'merge_pointclouds'
[0.581s] Level 1:colcon.colcon_core.package_discovery:discover_packages(recursive) using defaults
[0.581s] Level 1:colcon.colcon_core.package_discovery:discover_packages(ignore) discover
[0.581s] Level 1:colcon.colcon_core.package_discovery:discover_packages(ignore) using defaults
[0.581s] Level 1:colcon.colcon_core.package_discovery:discover_packages(path) discover
[0.581s] Level 1:colcon.colcon_core.package_discovery:discover_packages(path) using defaults
[0.600s] Level 1:colcon.colcon_core.package_discovery:discover_packages(prefix_path) check parameters
[0.600s] Level 1:colcon.colcon_core.package_discovery:discover_packages(prefix_path) discover
[0.603s] DEBUG:colcon.colcon_installed_package_information.package_discovery:Found 202 installed packages in /opt/ros/foxy
[0.604s] Level 1:colcon.colcon_core.package_discovery:discover_packages(prefix_path) using defaults
[0.683s] Level 5:colcon.colcon_core.verb:set package 'gnss_pose_estimation_node' build argument 'cmake_args' from command line to '['-DCMAKE_BUILD_TYPE=Release']'
[0.683s] Level 5:colcon.colcon_core.verb:set package 'gnss_pose_estimation_node' build argument 'cmake_target' from command line to 'None'
[0.683s] Level 5:colcon.colcon_core.verb:set package 'gnss_pose_estimation_node' build argument 'cmake_target_skip_unavailable' from command line to 'False'
[0.683s] Level 5:colcon.colcon_core.verb:set package 'gnss_pose_estimation_node' build argument 'cmake_clean_cache' from command line to 'False'
[0.683s] Level 5:colcon.colcon_core.verb:set package 'gnss_pose_estimation_node' build argument 'cmake_clean_first' from command line to 'False'
[0.683s] Level 5:colcon.colcon_core.verb:set package 'gnss_pose_estimation_node' build argument 'cmake_force_configure' from command line to 'False'
[0.683s] Level 5:colcon.colcon_core.verb:set package 'gnss_pose_estimation_node' build argument 'ament_cmake_args' from command line to 'None'
[0.683s] Level 5:colcon.colcon_core.verb:set package 'gnss_pose_estimation_node' build argument 'catkin_cmake_args' from command line to 'None'
[0.683s] Level 5:colcon.colcon_core.verb:set package 'gnss_pose_estimation_node' build argument 'catkin_skip_building_tests' from command line to 'False'
[0.683s] DEBUG:colcon.colcon_core.verb:Building package 'gnss_pose_estimation_node' with the following arguments: {'ament_cmake_args': None, 'build_base': '/home/mlemsalu/object_det_3D/objectdet_ws/build/gnss_pose_estimation_node', 'catkin_cmake_args': None, 'catkin_skip_building_tests': False, 'cmake_args': ['-DCMAKE_BUILD_TYPE=Release'], 'cmake_clean_cache': False, 'cmake_clean_first': False, 'cmake_force_configure': False, 'cmake_target': None, 'cmake_target_skip_unavailable': False, 'install_base': '/home/mlemsalu/object_det_3D/objectdet_ws/install/gnss_pose_estimation_node', 'merge_install': False, 'path': '/home/mlemsalu/object_det_3D/objectdet_ws/src/GNSS_pose_estimation', 'symlink_install': False, 'test_result_base': None}
[0.683s] Level 5:colcon.colcon_core.verb:set package 'merge_pointclouds' build argument 'cmake_args' from command line to '['-DCMAKE_BUILD_TYPE=Release']'
[0.683s] Level 5:colcon.colcon_core.verb:set package 'merge_pointclouds' build argument 'cmake_target' from command line to 'None'
[0.683s] Level 5:colcon.colcon_core.verb:set package 'merge_pointclouds' build argument 'cmake_target_skip_unavailable' from command line to 'False'
[0.683s] Level 5:colcon.colcon_core.verb:set package 'merge_pointclouds' build argument 'cmake_clean_cache' from command line to 'False'
[0.683s] Level 5:colcon.colcon_core.verb:set package 'merge_pointclouds' build argument 'cmake_clean_first' from command line to 'False'
[0.683s] Level 5:colcon.colcon_core.verb:set package 'merge_pointclouds' build argument 'cmake_force_configure' from command line to 'False'
[0.683s] Level 5:colcon.colcon_core.verb:set package 'merge_pointclouds' build argument 'ament_cmake_args' from command line to 'None'
[0.683s] Level 5:colcon.colcon_core.verb:set package 'merge_pointclouds' build argument 'catkin_cmake_args' from command line to 'None'
[0.683s] Level 5:colcon.colcon_core.verb:set package 'merge_pointclouds' build argument 'catkin_skip_building_tests' from command line to 'False'
[0.683s] DEBUG:colcon.colcon_core.verb:Building package 'merge_pointclouds' with the following arguments: {'ament_cmake_args': None, 'build_base': '/home/mlemsalu/object_det_3D/objectdet_ws/build/merge_pointclouds', 'catkin_cmake_args': None, 'catkin_skip_building_tests': False, 'cmake_args': ['-DCMAKE_BUILD_TYPE=Release'], 'cmake_clean_cache': False, 'cmake_clean_first': False, 'cmake_force_configure': False, 'cmake_target': None, 'cmake_target_skip_unavailable': False, 'install_base': '/home/mlemsalu/object_det_3D/objectdet_ws/install/merge_pointclouds', 'merge_install': False, 'path': '/home/mlemsalu/object_det_3D/objectdet_ws/src/merge_pointclouds', 'symlink_install': False, 'test_result_base': None}
[0.683s] INFO:colcon.colcon_core.executor:Executing jobs using 'parallel' executor
[0.684s] DEBUG:colcon.colcon_parallel_executor.executor.parallel:run_until_complete
[0.684s] INFO:colcon.colcon_ros.task.ament_cmake.build:Building ROS package in '/home/mlemsalu/object_det_3D/objectdet_ws/src/GNSS_pose_estimation' with build type 'ament_cmake'
[0.684s] INFO:colcon.colcon_cmake.task.cmake.build:Building CMake package in '/home/mlemsalu/object_det_3D/objectdet_ws/src/GNSS_pose_estimation'
[0.688s] INFO:colcon.colcon_core.plugin_system:Skipping extension 'colcon_core.shell.bat': Not used on non-Windows systems
[0.688s] INFO:colcon.colcon_core.shell:Skip shell extension 'powershell' for command environment: Not usable outside of PowerShell
[0.688s] DEBUG:colcon.colcon_core.shell:Skip shell extension 'dsv' for command environment
[0.692s] INFO:colcon.colcon_ros.task.ament_cmake.build:Building ROS package in '/home/mlemsalu/object_det_3D/objectdet_ws/src/merge_pointclouds' with build type 'ament_cmake'
[0.692s] INFO:colcon.colcon_cmake.task.cmake.build:Building CMake package in '/home/mlemsalu/object_det_3D/objectdet_ws/src/merge_pointclouds'
[0.693s] INFO:colcon.colcon_core.shell:Skip shell extension 'powershell' for command environment: Not usable outside of PowerShell
[0.693s] DEBUG:colcon.colcon_core.shell:Skip shell extension 'dsv' for command environment
[0.703s] DEBUG:colcon.colcon_core.event_handler.log_command:Invoking command in '/home/mlemsalu/object_det_3D/objectdet_ws/build/gnss_pose_estimation_node': CMAKE_PREFIX_PATH=/opt/ros/foxy /usr/bin/cmake --build /home/mlemsalu/object_det_3D/objectdet_ws/build/gnss_pose_estimation_node -- -j12 -l12
[0.712s] DEBUG:colcon.colcon_core.event_handler.log_command:Invoking command in '/home/mlemsalu/object_det_3D/objectdet_ws/build/merge_pointclouds': CMAKE_PREFIX_PATH=/opt/ros/foxy /usr/bin/cmake --build /home/mlemsalu/object_det_3D/objectdet_ws/build/merge_pointclouds -- -j12 -l12
[9.956s] DEBUG:colcon.colcon_core.event_handler.log_command:Invoked command in '/home/mlemsalu/object_det_3D/objectdet_ws/build/gnss_pose_estimation_node' returned '0': CMAKE_PREFIX_PATH=/opt/ros/foxy /usr/bin/cmake --build /home/mlemsalu/object_det_3D/objectdet_ws/build/gnss_pose_estimation_node -- -j12 -l12
[9.988s] DEBUG:colcon.colcon_core.event_handler.log_command:Invoking command in '/home/mlemsalu/object_det_3D/objectdet_ws/build/gnss_pose_estimation_node': CMAKE_PREFIX_PATH=/opt/ros/foxy /usr/bin/cmake --install /home/mlemsalu/object_det_3D/objectdet_ws/build/gnss_pose_estimation_node
[10.002s] Level 1:colcon.colcon_core.environment:create_environment_scripts_only(gnss_pose_estimation_node)
[10.003s] DEBUG:colcon.colcon_core.event_handler.log_command:Invoked command in '/home/mlemsalu/object_det_3D/objectdet_ws/build/gnss_pose_estimation_node' returned '0': CMAKE_PREFIX_PATH=/opt/ros/foxy /usr/bin/cmake --install /home/mlemsalu/object_det_3D/objectdet_ws/build/gnss_pose_estimation_node
[10.008s] Level 1:colcon.colcon_core.environment:checking '/home/mlemsalu/object_det_3D/objectdet_ws/install/gnss_pose_estimation_node' for CMake module files
[10.008s] Level 1:colcon.colcon_core.environment:checking '/home/mlemsalu/object_det_3D/objectdet_ws/install/gnss_pose_estimation_node' for CMake config files
[10.009s] Level 1:colcon.colcon_core.shell:create_environment_hook('gnss_pose_estimation_node', 'cmake_prefix_path')
[10.009s] INFO:colcon.colcon_core.shell:Creating environment hook '/home/mlemsalu/object_det_3D/objectdet_ws/install/gnss_pose_estimation_node/share/gnss_pose_estimation_node/hook/cmake_prefix_path.ps1'
[10.010s] INFO:colcon.colcon_core.shell:Creating environment descriptor '/home/mlemsalu/object_det_3D/objectdet_ws/install/gnss_pose_estimation_node/share/gnss_pose_estimation_node/hook/cmake_prefix_path.dsv'
[10.010s] INFO:colcon.colcon_core.shell:Creating environment hook '/home/mlemsalu/object_det_3D/objectdet_ws/install/gnss_pose_estimation_node/share/gnss_pose_estimation_node/hook/cmake_prefix_path.sh'
[10.011s] Level 1:colcon.colcon_core.environment:checking '/home/mlemsalu/object_det_3D/objectdet_ws/install/gnss_pose_estimation_node/lib'
[10.011s] Level 1:colcon.colcon_core.environment:checking '/home/mlemsalu/object_det_3D/objectdet_ws/install/gnss_pose_estimation_node/bin'
[10.011s] Level 1:colcon.colcon_core.environment:checking '/home/mlemsalu/object_det_3D/objectdet_ws/install/gnss_pose_estimation_node/lib/pkgconfig/gnss_pose_estimation_node.pc'
[10.011s] Level 1:colcon.colcon_core.environment:checking '/home/mlemsalu/object_det_3D/objectdet_ws/install/gnss_pose_estimation_node/lib/python3.8/site-packages'
[10.011s] Level 1:colcon.colcon_core.environment:checking '/home/mlemsalu/object_det_3D/objectdet_ws/install/gnss_pose_estimation_node/bin'
[10.012s] INFO:colcon.colcon_core.shell:Creating package script '/home/mlemsalu/object_det_3D/objectdet_ws/install/gnss_pose_estimation_node/share/gnss_pose_estimation_node/package.ps1'
[10.013s] INFO:colcon.colcon_core.shell:Creating package descriptor '/home/mlemsalu/object_det_3D/objectdet_ws/install/gnss_pose_estimation_node/share/gnss_pose_estimation_node/package.dsv'
[10.013s] INFO:colcon.colcon_core.shell:Creating package script '/home/mlemsalu/object_det_3D/objectdet_ws/install/gnss_pose_estimation_node/share/gnss_pose_estimation_node/package.sh'
[10.014s] INFO:colcon.colcon_core.shell:Creating package script '/home/mlemsalu/object_det_3D/objectdet_ws/install/gnss_pose_estimation_node/share/gnss_pose_estimation_node/package.bash'
[10.015s] INFO:colcon.colcon_core.shell:Creating package script '/home/mlemsalu/object_det_3D/objectdet_ws/install/gnss_pose_estimation_node/share/gnss_pose_estimation_node/package.zsh'
[10.016s] Level 1:colcon.colcon_core.environment:create_file_with_runtime_dependencies(/home/mlemsalu/object_det_3D/objectdet_ws/install/gnss_pose_estimation_node/share/colcon-core/packages/gnss_pose_estimation_node)
[10.041s] Level 1:colcon.colcon_core.environment:create_environment_scripts_only(gnss_pose_estimation_node)
[10.041s] Level 1:colcon.colcon_core.environment:checking '/home/mlemsalu/object_det_3D/objectdet_ws/install/gnss_pose_estimation_node' for CMake module files
[10.041s] Level 1:colcon.colcon_core.environment:checking '/home/mlemsalu/object_det_3D/objectdet_ws/install/gnss_pose_estimation_node' for CMake config files
[10.042s] Level 1:colcon.colcon_core.shell:create_environment_hook('gnss_pose_estimation_node', 'cmake_prefix_path')
[10.042s] INFO:colcon.colcon_core.shell:Creating environment hook '/home/mlemsalu/object_det_3D/objectdet_ws/install/gnss_pose_estimation_node/share/gnss_pose_estimation_node/hook/cmake_prefix_path.ps1'
[10.042s] INFO:colcon.colcon_core.shell:Creating environment descriptor '/home/mlemsalu/object_det_3D/objectdet_ws/install/gnss_pose_estimation_node/share/gnss_pose_estimation_node/hook/cmake_prefix_path.dsv'
[10.043s] INFO:colcon.colcon_core.shell:Creating environment hook '/home/mlemsalu/object_det_3D/objectdet_ws/install/gnss_pose_estimation_node/share/gnss_pose_estimation_node/hook/cmake_prefix_path.sh'
[10.043s] Level 1:colcon.colcon_core.environment:checking '/home/mlemsalu/object_det_3D/objectdet_ws/install/gnss_pose_estimation_node/lib'
[10.043s] Level 1:colcon.colcon_core.environment:checking '/home/mlemsalu/object_det_3D/objectdet_ws/install/gnss_pose_estimation_node/bin'
[10.043s] Level 1:colcon.colcon_core.environment:checking '/home/mlemsalu/object_det_3D/objectdet_ws/install/gnss_pose_estimation_node/lib/pkgconfig/gnss_pose_estimation_node.pc'
[10.043s] Level 1:colcon.colcon_core.environment:checking '/home/mlemsalu/object_det_3D/objectdet_ws/install/gnss_pose_estimation_node/lib/python3.8/site-packages'
[10.043s] Level 1:colcon.colcon_core.environment:checking '/home/mlemsalu/object_det_3D/objectdet_ws/install/gnss_pose_estimation_node/bin'
[10.044s] INFO:colcon.colcon_core.shell:Creating package script '/home/mlemsalu/object_det_3D/objectdet_ws/install/gnss_pose_estimation_node/share/gnss_pose_estimation_node/package.ps1'
[10.044s] INFO:colcon.colcon_core.shell:Creating package descriptor '/home/mlemsalu/object_det_3D/objectdet_ws/install/gnss_pose_estimation_node/share/gnss_pose_estimation_node/package.dsv'
[10.044s] INFO:colcon.colcon_core.shell:Creating package script '/home/mlemsalu/object_det_3D/objectdet_ws/install/gnss_pose_estimation_node/share/gnss_pose_estimation_node/package.sh'
[10.045s] INFO:colcon.colcon_core.shell:Creating package script '/home/mlemsalu/object_det_3D/objectdet_ws/install/gnss_pose_estimation_node/share/gnss_pose_estimation_node/package.bash'
[10.045s] INFO:colcon.colcon_core.shell:Creating package script '/home/mlemsalu/object_det_3D/objectdet_ws/install/gnss_pose_estimation_node/share/gnss_pose_estimation_node/package.zsh'
[10.045s] Level 1:colcon.colcon_core.environment:create_file_with_runtime_dependencies(/home/mlemsalu/object_det_3D/objectdet_ws/install/gnss_pose_estimation_node/share/colcon-core/packages/gnss_pose_estimation_node)
[14.943s] DEBUG:colcon.colcon_core.event_handler.log_command:Invoked command in '/home/mlemsalu/object_det_3D/objectdet_ws/build/merge_pointclouds' returned '0': CMAKE_PREFIX_PATH=/opt/ros/foxy /usr/bin/cmake --build /home/mlemsalu/object_det_3D/objectdet_ws/build/merge_pointclouds -- -j12 -l12
[14.968s] DEBUG:colcon.colcon_core.event_handler.log_command:Invoking command in '/home/mlemsalu/object_det_3D/objectdet_ws/build/merge_pointclouds': CMAKE_PREFIX_PATH=/opt/ros/foxy /usr/bin/cmake --install /home/mlemsalu/object_det_3D/objectdet_ws/build/merge_pointclouds
[14.981s] Level 1:colcon.colcon_core.environment:create_environment_scripts_only(merge_pointclouds)
[14.981s] Level 1:colcon.colcon_core.environment:checking '/home/mlemsalu/object_det_3D/objectdet_ws/install/merge_pointclouds' for CMake module files
[14.982s] DEBUG:colcon.colcon_core.event_handler.log_command:Invoked command in '/home/mlemsalu/object_det_3D/objectdet_ws/build/merge_pointclouds' returned '0': CMAKE_PREFIX_PATH=/opt/ros/foxy /usr/bin/cmake --install /home/mlemsalu/object_det_3D/objectdet_ws/build/merge_pointclouds
[14.982s] Level 1:colcon.colcon_core.environment:checking '/home/mlemsalu/object_det_3D/objectdet_ws/install/merge_pointclouds' for CMake config files
[14.982s] Level 1:colcon.colcon_core.shell:create_environment_hook('merge_pointclouds', 'cmake_prefix_path')
[14.983s] INFO:colcon.colcon_core.shell:Creating environment hook '/home/mlemsalu/object_det_3D/objectdet_ws/install/merge_pointclouds/share/merge_pointclouds/hook/cmake_prefix_path.ps1'
[14.983s] INFO:colcon.colcon_core.shell:Creating environment descriptor '/home/mlemsalu/object_det_3D/objectdet_ws/install/merge_pointclouds/share/merge_pointclouds/hook/cmake_prefix_path.dsv'
[14.983s] INFO:colcon.colcon_core.shell:Creating environment hook '/home/mlemsalu/object_det_3D/objectdet_ws/install/merge_pointclouds/share/merge_pointclouds/hook/cmake_prefix_path.sh'
[14.984s] Level 1:colcon.colcon_core.environment:checking '/home/mlemsalu/object_det_3D/objectdet_ws/install/merge_pointclouds/lib'
[14.984s] Level 1:colcon.colcon_core.environment:checking '/home/mlemsalu/object_det_3D/objectdet_ws/install/merge_pointclouds/bin'
[14.984s] Level 1:colcon.colcon_core.environment:checking '/home/mlemsalu/object_det_3D/objectdet_ws/install/merge_pointclouds/lib/pkgconfig/merge_pointclouds.pc'
[14.984s] Level 1:colcon.colcon_core.environment:checking '/home/mlemsalu/object_det_3D/objectdet_ws/install/merge_pointclouds/lib/python3.8/site-packages'
[14.984s] Level 1:colcon.colcon_core.environment:checking '/home/mlemsalu/object_det_3D/objectdet_ws/install/merge_pointclouds/bin'
[14.985s] INFO:colcon.colcon_core.shell:Creating package script '/home/mlemsalu/object_det_3D/objectdet_ws/install/merge_pointclouds/share/merge_pointclouds/package.ps1'
[14.985s] INFO:colcon.colcon_core.shell:Creating package descriptor '/home/mlemsalu/object_det_3D/objectdet_ws/install/merge_pointclouds/share/merge_pointclouds/package.dsv'
[14.985s] INFO:colcon.colcon_core.shell:Creating package script '/home/mlemsalu/object_det_3D/objectdet_ws/install/merge_pointclouds/share/merge_pointclouds/package.sh'
[14.986s] INFO:colcon.colcon_core.shell:Creating package script '/home/mlemsalu/object_det_3D/objectdet_ws/install/merge_pointclouds/share/merge_pointclouds/package.bash'
[14.986s] INFO:colcon.colcon_core.shell:Creating package script '/home/mlemsalu/object_det_3D/objectdet_ws/install/merge_pointclouds/share/merge_pointclouds/package.zsh'
[14.986s] Level 1:colcon.colcon_core.environment:create_file_with_runtime_dependencies(/home/mlemsalu/object_det_3D/objectdet_ws/install/merge_pointclouds/share/colcon-core/packages/merge_pointclouds)
[15.009s] Level 1:colcon.colcon_core.environment:create_environment_scripts_only(merge_pointclouds)
[15.009s] Level 1:colcon.colcon_core.environment:checking '/home/mlemsalu/object_det_3D/objectdet_ws/install/merge_pointclouds' for CMake module files
[15.010s] Level 1:colcon.colcon_core.environment:checking '/home/mlemsalu/object_det_3D/objectdet_ws/install/merge_pointclouds' for CMake config files
[15.010s] Level 1:colcon.colcon_core.shell:create_environment_hook('merge_pointclouds', 'cmake_prefix_path')
[15.010s] INFO:colcon.colcon_core.shell:Creating environment hook '/home/mlemsalu/object_det_3D/objectdet_ws/install/merge_pointclouds/share/merge_pointclouds/hook/cmake_prefix_path.ps1'
[15.011s] INFO:colcon.colcon_core.shell:Creating environment descriptor '/home/mlemsalu/object_det_3D/objectdet_ws/install/merge_pointclouds/share/merge_pointclouds/hook/cmake_prefix_path.dsv'
[15.011s] INFO:colcon.colcon_core.shell:Creating environment hook '/home/mlemsalu/object_det_3D/objectdet_ws/install/merge_pointclouds/share/merge_pointclouds/hook/cmake_prefix_path.sh'
[15.011s] Level 1:colcon.colcon_core.environment:checking '/home/mlemsalu/object_det_3D/objectdet_ws/install/merge_pointclouds/lib'
[15.011s] Level 1:colcon.colcon_core.environment:checking '/home/mlemsalu/object_det_3D/objectdet_ws/install/merge_pointclouds/bin'
[15.011s] Level 1:colcon.colcon_core.environment:checking '/home/mlemsalu/object_det_3D/objectdet_ws/install/merge_pointclouds/lib/pkgconfig/merge_pointclouds.pc'
[15.012s] Level 1:colcon.colcon_core.environment:checking '/home/mlemsalu/object_det_3D/objectdet_ws/install/merge_pointclouds/lib/python3.8/site-packages'
[15.012s] Level 1:colcon.colcon_core.environment:checking '/home/mlemsalu/object_det_3D/objectdet_ws/install/merge_pointclouds/bin'
[15.012s] INFO:colcon.colcon_core.shell:Creating package script '/home/mlemsalu/object_det_3D/objectdet_ws/install/merge_pointclouds/share/merge_pointclouds/package.ps1'
[15.012s] INFO:colcon.colcon_core.shell:Creating package descriptor '/home/mlemsalu/object_det_3D/objectdet_ws/install/merge_pointclouds/share/merge_pointclouds/package.dsv'
[15.013s] INFO:colcon.colcon_core.shell:Creating package script '/home/mlemsalu/object_det_3D/objectdet_ws/install/merge_pointclouds/share/merge_pointclouds/package.sh'
[15.013s] INFO:colcon.colcon_core.shell:Creating package script '/home/mlemsalu/object_det_3D/objectdet_ws/install/merge_pointclouds/share/merge_pointclouds/package.bash'
[15.013s] INFO:colcon.colcon_core.shell:Creating package script '/home/mlemsalu/object_det_3D/objectdet_ws/install/merge_pointclouds/share/merge_pointclouds/package.zsh'
[15.014s] Level 1:colcon.colcon_core.environment:create_file_with_runtime_dependencies(/home/mlemsalu/object_det_3D/objectdet_ws/install/merge_pointclouds/share/colcon-core/packages/merge_pointclouds)
[15.014s] DEBUG:colcon.colcon_parallel_executor.executor.parallel:closing loop
[15.014s] DEBUG:colcon.colcon_parallel_executor.executor.parallel:loop closed
[15.014s] DEBUG:colcon.colcon_parallel_executor.executor.parallel:run_until_complete finished with '0'
[15.015s] DEBUG:colcon.colcon_core.event_reactor:joining thread
[15.023s] INFO:colcon.colcon_core.plugin_system:Skipping extension 'colcon_notification.desktop_notification.terminal_notifier': Not used on non-Darwin systems
[15.023s] INFO:colcon.colcon_core.plugin_system:Skipping extension 'colcon_notification.desktop_notification.win32': Not used on non-Windows systems
[15.023s] INFO:colcon.colcon_notification.desktop_notification:Sending desktop notification using 'notify2'
[15.045s] DEBUG:colcon.colcon_core.event_reactor:joined thread
[15.045s] INFO:colcon.colcon_core.shell:Creating prefix script '/home/mlemsalu/object_det_3D/objectdet_ws/install/local_setup.ps1'
[15.046s] INFO:colcon.colcon_core.shell:Creating prefix util module '/home/mlemsalu/object_det_3D/objectdet_ws/install/_local_setup_util_ps1.py'
[15.047s] INFO:colcon.colcon_core.shell:Creating prefix chain script '/home/mlemsalu/object_det_3D/objectdet_ws/install/setup.ps1'
[15.048s] INFO:colcon.colcon_core.shell:Creating prefix script '/home/mlemsalu/object_det_3D/objectdet_ws/install/local_setup.sh'
[15.049s] INFO:colcon.colcon_core.shell:Creating prefix util module '/home/mlemsalu/object_det_3D/objectdet_ws/install/_local_setup_util_sh.py'
[15.049s] INFO:colcon.colcon_core.shell:Creating prefix chain script '/home/mlemsalu/object_det_3D/objectdet_ws/install/setup.sh'
[15.050s] INFO:colcon.colcon_core.shell:Creating prefix script '/home/mlemsalu/object_det_3D/objectdet_ws/install/local_setup.bash'
[15.051s] INFO:colcon.colcon_core.shell:Creating prefix chain script '/home/mlemsalu/object_det_3D/objectdet_ws/install/setup.bash'
[15.051s] INFO:colcon.colcon_core.shell:Creating prefix script '/home/mlemsalu/object_det_3D/objectdet_ws/install/local_setup.zsh'
[15.052s] INFO:colcon.colcon_core.shell:Creating prefix chain script '/home/mlemsalu/object_det_3D/objectdet_ws/install/setup.zsh'
