[0.011s] Invoking command in '/home/mlemsalu/object_det_3D/objectdet_ws/build/merge_pointclouds': CMAKE_PREFIX_PATH=${CMAKE_PREFIX_PATH}:/home/mlemsalu/walker_ws/install/ros2bag_to_files:/home/mlemsalu/walker_ws/install/message_sync_python_lidar2lidar:/home/mlemsalu/walker_ws/install/message_sync_python:/home/mlemsalu/walker_ws/install/ros2bag:/opt/ros/foxy /usr/bin/cmake /home/mlemsalu/object_det_3D/objectdet_ws/src/merge_pointclouds -DCMAKE_INSTALL_PREFIX=/home/mlemsalu/object_det_3D/objectdet_ws/install/merge_pointclouds
[0.028s] -- Found ament_cmake: 0.9.12 (/opt/ros/foxy/share/ament_cmake/cmake)
[0.048s] -- Using PYTHON_EXECUTABLE: /usr/bin/python3
[0.215s] -- Found rclcpp: 2.4.3 (/opt/ros/foxy/share/rclcpp/cmake)
[0.244s] -- Using all available rosidl_typesupport_c: rosidl_typesupport_fastrtps_c;rosidl_typesupport_introspection_c
[0.247s] -- Found rosidl_adapter: 1.3.1 (/opt/ros/foxy/share/rosidl_adapter/cmake)
[0.339s] -- Using all available rosidl_typesupport_cpp: rosidl_typesupport_fastrtps_cpp;rosidl_typesupport_introspection_cpp
[0.382s] -- Found rmw_implementation_cmake: 1.0.4 (/opt/ros/foxy/share/rmw_implementation_cmake/cmake)
[0.384s] -- Using RMW implementation 'rmw_fastrtps_cpp' as default
[0.507s] -- Found custom_msgs: 0.0.0 (/home/mlemsalu/walker_ws/install/custom_msgs/share/custom_msgs/cmake)
[0.823s] -- Found tf2_ros: 0.13.14 (/opt/ros/foxy/share/tf2_ros/cmake)
[1.121s] -- Eigen found (include: /usr/include/eigen3, version: 3.3.7)
[1.136s] -- OpenNI found (include: /usr/include/ni, lib: /usr/lib/libOpenNI.so)
[1.142s] -- OpenNI2 found (include: /usr/include/openni2, lib: /usr/lib/libOpenNI2.so)
[1.142s] ** WARNING ** io features related to pcap will be disabled
[1.143s] ** WARNING ** io features related to png will be disabled
[1.191s] -- The imported target "vtkParseOGLExt" references the file
[1.191s]    "/usr/bin/vtkParseOGLExt-7.1"
[1.191s] but this file does not exist.  Possible reasons include:
[1.191s] * The file was deleted, renamed, or moved to another location.
[1.191s] * An install or uninstall procedure did not complete successfully.
[1.191s] * The installation package was faulty and contained
[1.191s]    "/usr/lib/cmake/vtk-7.1/VTKTargets.cmake"
[1.191s] but not all the files it references.
[1.191s] 
[1.192s] -- The imported target "vtkRenderingPythonTkWidgets" references the file
[1.192s]    "/usr/lib/x86_64-linux-gnu/libvtkRenderingPythonTkWidgets.so"
[1.192s] but this file does not exist.  Possible reasons include:
[1.192s] * The file was deleted, renamed, or moved to another location.
[1.192s] * An install or uninstall procedure did not complete successfully.
[1.192s] * The installation package was faulty and contained
[1.192s]    "/usr/lib/cmake/vtk-7.1/VTKTargets.cmake"
[1.192s] but not all the files it references.
[1.192s] 
[1.192s] -- The imported target "vtk" references the file
[1.192s]    "/usr/bin/vtk"
[1.193s] but this file does not exist.  Possible reasons include:
[1.193s] * The file was deleted, renamed, or moved to another location.
[1.193s] * An install or uninstall procedure did not complete successfully.
[1.193s] * The installation package was faulty and contained
[1.193s]    "/usr/lib/cmake/vtk-7.1/VTKTargets.cmake"
[1.193s] but not all the files it references.
[1.193s] 
[1.193s] -- The imported target "pvtk" references the file
[1.193s]    "/usr/bin/pvtk"
[1.193s] but this file does not exist.  Possible reasons include:
[1.193s] * The file was deleted, renamed, or moved to another location.
[1.193s] * An install or uninstall procedure did not complete successfully.
[1.193s] * The installation package was faulty and contained
[1.193s]    "/usr/lib/cmake/vtk-7.1/VTKTargets.cmake"
[1.193s] but not all the files it references.
[1.193s] 
[1.206s] ** WARNING ** io features related to libusb-1.0 will be disabled
[1.206s] -- looking for PCL_COMMON
[1.206s] -- looking for PCL_OCTREE
[1.207s] -- looking for PCL_IO
[1.208s] -- Found pcl_conversions: 2.2.1 (/opt/ros/foxy/share/pcl_conversions/cmake)
[1.358s] -- Found pcl_ros: 2.2.1 (/opt/ros/foxy/share/pcl_ros/cmake)
[1.438s] -- Found eigen3_cmake_module: 0.1.1 (/opt/ros/foxy/share/eigen3_cmake_module/cmake)
[1.646s] -- Checking for module 'flann'
[1.661s] --   Found flann, version 1.9.1
[1.700s] -- Found FLANN: /usr/lib/x86_64-linux-gnu/libflann_cpp.so  
[1.757s] CMake Error at CMakeLists.txt:47 (target_link_libraries):
[1.757s]   Cannot specify link libraries for target "merge_pointclouds" which is not
[1.757s]   built by this project.
[1.758s] 
[1.758s] 
[1.759s] -- Configuring incomplete, errors occurred!
[1.760s] See also "/home/mlemsalu/object_det_3D/objectdet_ws/build/merge_pointclouds/CMakeFiles/CMakeOutput.log".
[1.760s] See also "/home/mlemsalu/object_det_3D/objectdet_ws/build/merge_pointclouds/CMakeFiles/CMakeError.log".
[1.767s] Invoked command in '/home/mlemsalu/object_det_3D/objectdet_ws/build/merge_pointclouds' returned '1': CMAKE_PREFIX_PATH=${CMAKE_PREFIX_PATH}:/home/mlemsalu/walker_ws/install/ros2bag_to_files:/home/mlemsalu/walker_ws/install/message_sync_python_lidar2lidar:/home/mlemsalu/walker_ws/install/message_sync_python:/home/mlemsalu/walker_ws/install/ros2bag:/opt/ros/foxy /usr/bin/cmake /home/mlemsalu/object_det_3D/objectdet_ws/src/merge_pointclouds -DCMAKE_INSTALL_PREFIX=/home/mlemsalu/object_det_3D/objectdet_ws/install/merge_pointclouds
