[0.012s] Invoking command in '/home/mlemsalu/object_det_3D/objectdet_ws/build/gnss_pose_estimation_node': CMAKE_PREFIX_PATH=/opt/ros/foxy /usr/bin/cmake --build /home/mlemsalu/object_det_3D/objectdet_ws/build/gnss_pose_estimation_node -- -j12 -l12
[0.057s] [35m[1mScanning dependencies of target gnss_pose_estimation_node[0m
[0.101s] [ 50%] [32mBuilding CXX object CMakeFiles/gnss_pose_estimation_node.dir/src/gnss_pose_estimation_node.cpp.o[0m
[1.642s] In file included from [01m[K/home/mlemsalu/object_det_3D/objectdet_ws/src/GNSS_pose_estimation/src/gnss_pose_estimation_node.cpp:9[m[K:
[1.642s] [01m[K/home/mlemsalu/object_det_3D/ll2enu/WGS84toCartesian.hpp:[m[K In function ‘[01m[Kstd::array<double, 2> wgs84::toCartesian(const std::array<double, 2>&, const std::array<double, 2>&)[m[K’:
[1.642s] [01m[K/home/mlemsalu/object_det_3D/ll2enu/WGS84toCartesian.hpp:52:22:[m[K [01;35m[Kwarning: [m[Kunused variable ‘[01m[KPOLE_RADIUS[m[K’ [[01;35m[K-Wunused-variable[m[K]
[1.642s]    52 |     constexpr double [01;35m[KPOLE_RADIUS[m[K{EQUATOR_RADIUS * SQUARE_ROOT_ONE_MINUS_ECCENTRICITY};
[1.642s]       |                      [01;35m[K^~~~~~~~~~~[m[K
[5.710s] [100%] [32m[1mLinking CXX executable gnss_pose_estimation_node[0m
[5.848s] [100%] Built target gnss_pose_estimation_node
[5.858s] Invoked command in '/home/mlemsalu/object_det_3D/objectdet_ws/build/gnss_pose_estimation_node' returned '0': CMAKE_PREFIX_PATH=/opt/ros/foxy /usr/bin/cmake --build /home/mlemsalu/object_det_3D/objectdet_ws/build/gnss_pose_estimation_node -- -j12 -l12
[5.878s] Invoking command in '/home/mlemsalu/object_det_3D/objectdet_ws/build/gnss_pose_estimation_node': CMAKE_PREFIX_PATH=/opt/ros/foxy /usr/bin/cmake --install /home/mlemsalu/object_det_3D/objectdet_ws/build/gnss_pose_estimation_node
[5.885s] -- Install configuration: "Release"
[5.886s] -- Installing: /home/mlemsalu/object_det_3D/objectdet_ws/install/gnss_pose_estimation_node/lib/gnss_pose_estimation_node/gnss_pose_estimation_node
[5.886s] -- Set runtime path of "/home/mlemsalu/object_det_3D/objectdet_ws/install/gnss_pose_estimation_node/lib/gnss_pose_estimation_node/gnss_pose_estimation_node" to ""
[5.887s] -- Installing: /home/mlemsalu/object_det_3D/objectdet_ws/install/gnss_pose_estimation_node/share/ament_index/resource_index/package_run_dependencies/gnss_pose_estimation_node
[5.887s] -- Installing: /home/mlemsalu/object_det_3D/objectdet_ws/install/gnss_pose_estimation_node/share/ament_index/resource_index/parent_prefix_path/gnss_pose_estimation_node
[5.887s] -- Installing: /home/mlemsalu/object_det_3D/objectdet_ws/install/gnss_pose_estimation_node/share/gnss_pose_estimation_node/environment/ament_prefix_path.sh
[5.887s] -- Installing: /home/mlemsalu/object_det_3D/objectdet_ws/install/gnss_pose_estimation_node/share/gnss_pose_estimation_node/environment/ament_prefix_path.dsv
[5.887s] -- Installing: /home/mlemsalu/object_det_3D/objectdet_ws/install/gnss_pose_estimation_node/share/gnss_pose_estimation_node/environment/path.sh
[5.887s] -- Installing: /home/mlemsalu/object_det_3D/objectdet_ws/install/gnss_pose_estimation_node/share/gnss_pose_estimation_node/environment/path.dsv
[5.888s] -- Installing: /home/mlemsalu/object_det_3D/objectdet_ws/install/gnss_pose_estimation_node/share/gnss_pose_estimation_node/local_setup.bash
[5.888s] -- Installing: /home/mlemsalu/object_det_3D/objectdet_ws/install/gnss_pose_estimation_node/share/gnss_pose_estimation_node/local_setup.sh
[5.888s] -- Installing: /home/mlemsalu/object_det_3D/objectdet_ws/install/gnss_pose_estimation_node/share/gnss_pose_estimation_node/local_setup.zsh
[5.888s] -- Installing: /home/mlemsalu/object_det_3D/objectdet_ws/install/gnss_pose_estimation_node/share/gnss_pose_estimation_node/local_setup.dsv
[5.888s] -- Installing: /home/mlemsalu/object_det_3D/objectdet_ws/install/gnss_pose_estimation_node/share/gnss_pose_estimation_node/package.dsv
[5.889s] -- Installing: /home/mlemsalu/object_det_3D/objectdet_ws/install/gnss_pose_estimation_node/share/ament_index/resource_index/packages/gnss_pose_estimation_node
[5.889s] -- Installing: /home/mlemsalu/object_det_3D/objectdet_ws/install/gnss_pose_estimation_node/share/gnss_pose_estimation_node/cmake/gnss_pose_estimation_nodeConfig.cmake
[5.889s] -- Installing: /home/mlemsalu/object_det_3D/objectdet_ws/install/gnss_pose_estimation_node/share/gnss_pose_estimation_node/cmake/gnss_pose_estimation_nodeConfig-version.cmake
[5.889s] -- Installing: /home/mlemsalu/object_det_3D/objectdet_ws/install/gnss_pose_estimation_node/share/gnss_pose_estimation_node/package.xml
[5.891s] Invoked command in '/home/mlemsalu/object_det_3D/objectdet_ws/build/gnss_pose_estimation_node' returned '0': CMAKE_PREFIX_PATH=/opt/ros/foxy /usr/bin/cmake --install /home/mlemsalu/object_det_3D/objectdet_ws/build/gnss_pose_estimation_node
