[0.010s] Invoking command in '/home/mlemsalu/object_det_3D/objectdet_ws/build/merge_pointclouds': CMAKE_PREFIX_PATH=${CMAKE_PREFIX_PATH}:/home/mlemsalu/walker_ws/install/ros2bag_to_files:/home/mlemsalu/walker_ws/install/message_sync_python_lidar2lidar:/home/mlemsalu/walker_ws/install/message_sync_python:/home/mlemsalu/walker_ws/install/ros2bag:/opt/ros/foxy /usr/bin/cmake /home/mlemsalu/object_det_3D/objectdet_ws/src/merge_pointclouds -DCMAKE_INSTALL_PREFIX=/home/mlemsalu/object_det_3D/objectdet_ws/install/merge_pointclouds
[0.065s] -- The C compiler identification is GNU 9.4.0
[0.118s] -- The CXX compiler identification is GNU 9.4.0
[0.124s] -- Check for working C compiler: /usr/bin/cc
[0.192s] -- Check for working C compiler: /usr/bin/cc -- works
[0.193s] -- Detecting C compiler ABI info
[0.275s] -- Detecting C compiler ABI info - done
[0.289s] -- Detecting C compile features
[0.289s] -- Detecting C compile features - done
[0.292s] -- Check for working CXX compiler: /usr/bin/c++
[0.405s] -- Check for working CXX compiler: /usr/bin/c++ -- works
[0.406s] -- Detecting CXX compiler ABI info
[0.489s] -- Detecting CXX compiler ABI info - done
[0.500s] -- Detecting CXX compile features
[0.501s] -- Detecting CXX compile features - done
[0.505s] -- Found ament_cmake: 0.9.12 (/opt/ros/foxy/share/ament_cmake/cmake)
[0.534s] -- Found PythonInterp: /usr/bin/python3 (found suitable version "3.8.10", minimum required is "3") 
[0.534s] -- Using PYTHON_EXECUTABLE: /usr/bin/python3
[0.740s] -- Found rclcpp: 2.4.3 (/opt/ros/foxy/share/rclcpp/cmake)
[0.797s] -- Using all available rosidl_typesupport_c: rosidl_typesupport_fastrtps_c;rosidl_typesupport_introspection_c
[0.808s] -- Found rosidl_adapter: 1.3.1 (/opt/ros/foxy/share/rosidl_adapter/cmake)
[0.888s] -- Found OpenSSL: /usr/lib/x86_64-linux-gnu/libcrypto.so (found version "1.1.1f")  
[0.908s] -- Found FastRTPS: /opt/ros/foxy/include  
[0.980s] -- Using all available rosidl_typesupport_cpp: rosidl_typesupport_fastrtps_cpp;rosidl_typesupport_introspection_cpp
[1.042s] -- Found rmw_implementation_cmake: 1.0.4 (/opt/ros/foxy/share/rmw_implementation_cmake/cmake)
[1.044s] -- Using RMW implementation 'rmw_fastrtps_cpp' as default
[1.045s] -- Looking for pthread.h
[1.111s] -- Looking for pthread.h - found
[1.112s] -- Performing Test CMAKE_HAVE_LIBC_PTHREAD
[1.205s] -- Performing Test CMAKE_HAVE_LIBC_PTHREAD - Failed
[1.205s] -- Looking for pthread_create in pthreads
[1.285s] -- Looking for pthread_create in pthreads - not found
[1.285s] -- Looking for pthread_create in pthread
[1.373s] -- Looking for pthread_create in pthread - found
[1.374s] -- Found Threads: TRUE  
[1.516s] -- Found custom_msgs: 0.0.0 (/home/mlemsalu/walker_ws/install/custom_msgs/share/custom_msgs/cmake)
[1.845s] -- Found tf2_ros: 0.13.14 (/opt/ros/foxy/share/tf2_ros/cmake)
[2.173s] -- Checking for module 'eigen3'
[2.187s] --   Found eigen3, version 3.3.7
[2.220s] -- Found Eigen: /usr/include/eigen3 (Required is at least version "3.1") 
[2.220s] -- Eigen found (include: /usr/include/eigen3, version: 3.3.7)
[2.299s] -- Found Boost: /usr/include (found suitable version "1.71.0", minimum required is "1.55.0") found components: system filesystem date_time iostreams regex 
[2.304s] -- Checking for module 'libusb-1.0'
[2.320s] --   Found libusb-1.0, version 1.0.23
[2.357s] -- Found USB_10: /usr/lib/x86_64-linux-gnu/libusb-1.0.so  
[2.412s] -- Found OpenNI: /usr/lib/libOpenNI.so  
[2.412s] -- OpenNI found (include: /usr/include/ni, lib: /usr/lib/libOpenNI.so)
[2.496s] -- Found OpenNI2: /usr/lib/libOpenNI2.so  
[2.497s] -- OpenNI2 found (include: /usr/include/openni2, lib: /usr/lib/libOpenNI2.so)
[2.497s] ** WARNING ** io features related to pcap will be disabled
[2.497s] ** WARNING ** io features related to png will be disabled
[2.564s] -- The imported target "vtkParseOGLExt" references the file
[2.564s]    "/usr/bin/vtkParseOGLExt-7.1"
[2.564s] but this file does not exist.  Possible reasons include:
[2.564s] * The file was deleted, renamed, or moved to another location.
[2.564s] * An install or uninstall procedure did not complete successfully.
[2.564s] * The installation package was faulty and contained
[2.564s]    "/usr/lib/cmake/vtk-7.1/VTKTargets.cmake"
[2.564s] but not all the files it references.
[2.564s] 
[2.565s] -- The imported target "vtkRenderingPythonTkWidgets" references the file
[2.565s]    "/usr/lib/x86_64-linux-gnu/libvtkRenderingPythonTkWidgets.so"
[2.565s] but this file does not exist.  Possible reasons include:
[2.565s] * The file was deleted, renamed, or moved to another location.
[2.565s] * An install or uninstall procedure did not complete successfully.
[2.565s] * The installation package was faulty and contained
[2.565s]    "/usr/lib/cmake/vtk-7.1/VTKTargets.cmake"
[2.565s] but not all the files it references.
[2.565s] 
[2.565s] -- The imported target "vtk" references the file
[2.565s]    "/usr/bin/vtk"
[2.565s] but this file does not exist.  Possible reasons include:
[2.566s] * The file was deleted, renamed, or moved to another location.
[2.566s] * An install or uninstall procedure did not complete successfully.
[2.566s] * The installation package was faulty and contained
[2.566s]    "/usr/lib/cmake/vtk-7.1/VTKTargets.cmake"
[2.566s] but not all the files it references.
[2.566s] 
[2.566s] -- The imported target "pvtk" references the file
[2.566s]    "/usr/bin/pvtk"
[2.566s] but this file does not exist.  Possible reasons include:
[2.566s] * The file was deleted, renamed, or moved to another location.
[2.566s] * An install or uninstall procedure did not complete successfully.
[2.566s] * The installation package was faulty and contained
[2.566s]    "/usr/lib/cmake/vtk-7.1/VTKTargets.cmake"
[2.566s] but not all the files it references.
[2.566s] 
[2.592s] -- Found libusb-1.0: /usr/include  
[2.592s] ** WARNING ** io features related to libusb-1.0 will be disabled
[2.592s] -- looking for PCL_COMMON
[2.593s] -- Found PCL_COMMON: /usr/lib/x86_64-linux-gnu/libpcl_common.so  
[2.593s] -- looking for PCL_OCTREE
[2.594s] -- Found PCL_OCTREE: /usr/lib/x86_64-linux-gnu/libpcl_octree.so  
[2.594s] -- looking for PCL_IO
[2.595s] -- Found PCL_IO: /usr/lib/x86_64-linux-gnu/libpcl_io.so  
[2.595s] -- Found PCL: pcl_common;pcl_octree;pcl_io;/usr/lib/x86_64-linux-gnu/libboost_system.so;/usr/lib/x86_64-linux-gnu/libboost_filesystem.so;/usr/lib/x86_64-linux-gnu/libboost_date_time.so;/usr/lib/x86_64-linux-gnu/libboost_iostreams.so;/usr/lib/x86_64-linux-gnu/libboost_regex.so;/usr/lib/libOpenNI.so;/usr/lib/libOpenNI2.so;vtkChartsCore;vtkCommonColor;vtkCommonCore;vtksys;vtkCommonDataModel;vtkCommonMath;vtkCommonMisc;vtkCommonSystem;vtkCommonTransforms;vtkCommonExecutionModel;vtkFiltersGeneral;vtkCommonComputationalGeometry;vtkFiltersCore;vtkInfovisCore;vtkFiltersExtraction;vtkFiltersStatistics;vtkImagingFourier;vtkImagingCore;vtkalglib;vtkRenderingContext2D;vtkRenderingCore;vtkFiltersGeometry;vtkFiltersSources;vtkRenderingFreeType;/usr/lib/x86_64-linux-gnu/libfreetype.so;/usr/lib/x86_64-linux-gnu/libz.so;vtkFiltersModeling;vtkImagingSources;vtkInteractionStyle;vtkInteractionWidgets;vtkFiltersHybrid;vtkImagingColor;vtkImagingGeneral;vtkImagingHybrid;vtkIOImage;vtkDICOMParser;vtkmetaio;/usr/lib/x86_64-linux-gnu/libjpeg.so;/usr/lib/x86_64-linux-gnu/libpng.so;/usr/lib/x86_64-linux-gnu/libtiff.so;vtkRenderingAnnotation;vtkRenderingVolume;vtkIOXML;vtkIOCore;vtkIOXMLParser;/usr/lib/x86_64-linux-gnu/libexpat.so;vtkIOGeometry;vtkIOLegacy;vtkIOPLY;vtkRenderingLOD;vtkViewsContext2D;vtkViewsCore;vtkRenderingContextOpenGL2;vtkRenderingOpenGL2  
[2.599s] -- Found pcl_conversions: 2.2.1 (/opt/ros/foxy/share/pcl_conversions/cmake)
[2.750s] -- Found pcl_ros: 2.2.1 (/opt/ros/foxy/share/pcl_ros/cmake)
[2.833s] -- Found eigen3_cmake_module: 0.1.1 (/opt/ros/foxy/share/eigen3_cmake_module/cmake)
[2.837s] -- Found Eigen3: TRUE (found version "3.3.7") 
[3.083s] -- Found ament_lint_auto: 0.9.8 (/opt/ros/foxy/share/ament_lint_auto/cmake)
[3.163s] -- Added test 'copyright' to check source files copyright and LICENSE
[3.164s] -- Added test 'cppcheck' to perform static code analysis on C / C++ code
[3.164s] -- Configured cppcheck include dirs: $<BUILD_INTERFACE:/home/mlemsalu/object_det_3D/objectdet_ws/src/merge_pointclouds/include>
[3.164s] -- Configured cppcheck exclude dirs and/or files: 
[3.165s] -- Added test 'cpplint' to check C / C++ code against the Google style
[3.165s] -- Configured cpplint exclude dirs and/or files: 
[3.166s] -- Added test 'lint_cmake' to check CMake code style
[3.167s] -- Added test 'uncrustify' to check C / C++ code style
[3.167s] -- Configured uncrustify additional arguments: 
[3.168s] -- Added test 'xmllint' to check XML markup files
[3.172s] -- Configuring done
[3.177s] CMake Error at CMakeLists.txt:32 (add_executable):
[3.177s]   Target "merge_pointclouds_node" links to target "FLANN::FLANN" but the
[3.177s]   target was not found.  Perhaps a find_package() call is missing for an
[3.177s]   IMPORTED target, or an ALIAS target is missing?
[3.177s] 
[3.177s] 
[3.211s] -- Generating done
[3.212s] CMake Generate step failed.  Build files cannot be regenerated correctly.
[3.220s] Invoked command in '/home/mlemsalu/object_det_3D/objectdet_ws/build/merge_pointclouds' returned '1': CMAKE_PREFIX_PATH=${CMAKE_PREFIX_PATH}:/home/mlemsalu/walker_ws/install/ros2bag_to_files:/home/mlemsalu/walker_ws/install/message_sync_python_lidar2lidar:/home/mlemsalu/walker_ws/install/message_sync_python:/home/mlemsalu/walker_ws/install/ros2bag:/opt/ros/foxy /usr/bin/cmake /home/mlemsalu/object_det_3D/objectdet_ws/src/merge_pointclouds -DCMAKE_INSTALL_PREFIX=/home/mlemsalu/object_det_3D/objectdet_ws/install/merge_pointclouds
