[0.019s] Invoking command in '/home/mlemsalu/object_det_3D/objectdet_ws/build/merge_pointclouds': CMAKE_PREFIX_PATH=/opt/ros/foxy /usr/bin/cmake --build /home/mlemsalu/object_det_3D/objectdet_ws/build/merge_pointclouds -- -j12 -l12
[0.048s] -- Found ament_cmake: 0.9.12 (/opt/ros/foxy/share/ament_cmake/cmake)
[0.070s] -- Using PYTHON_EXECUTABLE: /usr/bin/python3
[0.284s] -- Found rclcpp: 2.4.3 (/opt/ros/foxy/share/rclcpp/cmake)
[0.314s] -- Using all available rosidl_typesupport_c: rosidl_typesupport_fastrtps_c;rosidl_typesupport_introspection_c
[0.318s] -- Found rosidl_adapter: 1.3.1 (/opt/ros/foxy/share/rosidl_adapter/cmake)
[0.404s] -- Using all available rosidl_typesupport_cpp: rosidl_typesupport_fastrtps_cpp;rosidl_typesupport_introspection_cpp
[0.447s] -- Found rmw_implementation_cmake: 1.0.4 (/opt/ros/foxy/share/rmw_implementation_cmake/cmake)
[0.449s] -- Using RMW implementation 'rmw_fastrtps_cpp' as default
[0.574s] -- Found custom_msgs: 0.0.0 (/home/mlemsalu/walker_ws/install/custom_msgs/share/custom_msgs/cmake)
[0.902s] -- Found tf2_ros: 0.13.14 (/opt/ros/foxy/share/tf2_ros/cmake)
[1.195s] -- Found tf2_eigen: 0.13.14 (/opt/ros/foxy/share/tf2_eigen/cmake)
[1.209s] -- Eigen found (include: /usr/include/eigen3, version: 3.3.7)
[1.225s] -- OpenNI found (include: /usr/include/ni, lib: /usr/lib/libOpenNI.so)
[1.230s] -- OpenNI2 found (include: /usr/include/openni2, lib: /usr/lib/libOpenNI2.so)
[1.231s] ** WARNING ** io features related to pcap will be disabled
[1.231s] ** WARNING ** io features related to png will be disabled
[1.280s] -- The imported target "vtkParseOGLExt" references the file
[1.280s]    "/usr/bin/vtkParseOGLExt-7.1"
[1.280s] but this file does not exist.  Possible reasons include:
[1.280s] * The file was deleted, renamed, or moved to another location.
[1.280s] * An install or uninstall procedure did not complete successfully.
[1.280s] * The installation package was faulty and contained
[1.281s]    "/usr/lib/cmake/vtk-7.1/VTKTargets.cmake"
[1.281s] but not all the files it references.
[1.281s] 
[1.281s] -- The imported target "vtkRenderingPythonTkWidgets" references the file
[1.281s]    "/usr/lib/x86_64-linux-gnu/libvtkRenderingPythonTkWidgets.so"
[1.281s] but this file does not exist.  Possible reasons include:
[1.282s] * The file was deleted, renamed, or moved to another location.
[1.282s] * An install or uninstall procedure did not complete successfully.
[1.282s] * The installation package was faulty and contained
[1.282s]    "/usr/lib/cmake/vtk-7.1/VTKTargets.cmake"
[1.282s] but not all the files it references.
[1.282s] 
[1.282s] -- The imported target "vtk" references the file
[1.282s]    "/usr/bin/vtk"
[1.282s] but this file does not exist.  Possible reasons include:
[1.283s] * The file was deleted, renamed, or moved to another location.
[1.283s] * An install or uninstall procedure did not complete successfully.
[1.283s] * The installation package was faulty and contained
[1.283s]    "/usr/lib/cmake/vtk-7.1/VTKTargets.cmake"
[1.283s] but not all the files it references.
[1.283s] 
[1.283s] -- The imported target "pvtk" references the file
[1.283s]    "/usr/bin/pvtk"
[1.283s] but this file does not exist.  Possible reasons include:
[1.283s] * The file was deleted, renamed, or moved to another location.
[1.283s] * An install or uninstall procedure did not complete successfully.
[1.283s] * The installation package was faulty and contained
[1.283s]    "/usr/lib/cmake/vtk-7.1/VTKTargets.cmake"
[1.283s] but not all the files it references.
[1.284s] 
[1.297s] ** WARNING ** io features related to libusb-1.0 will be disabled
[1.298s] -- looking for PCL_COMMON
[1.298s] -- looking for PCL_OCTREE
[1.299s] -- looking for PCL_IO
[1.300s] -- Found pcl_conversions: 2.2.1 (/opt/ros/foxy/share/pcl_conversions/cmake)
[1.502s] CMake Error at CMakeLists.txt:48 (target_link_libraries):
[1.502s]   Cannot specify link libraries for target "your_target" which is not built
[1.502s]   by this project.
[1.502s] 
[1.502s] 
[1.504s] -- Configuring incomplete, errors occurred!
[1.504s] See also "/home/mlemsalu/object_det_3D/objectdet_ws/build/merge_pointclouds/CMakeFiles/CMakeOutput.log".
[1.504s] See also "/home/mlemsalu/object_det_3D/objectdet_ws/build/merge_pointclouds/CMakeFiles/CMakeError.log".
[1.510s] make: *** [Makefile:266: cmake_check_build_system] Error 1
[1.512s] Invoked command in '/home/mlemsalu/object_det_3D/objectdet_ws/build/merge_pointclouds' returned '2': CMAKE_PREFIX_PATH=/opt/ros/foxy /usr/bin/cmake --build /home/mlemsalu/object_det_3D/objectdet_ws/build/merge_pointclouds -- -j12 -l12
